#
# There is insufficient memory for the Java Runtime Environment to continue.
# Native memory allocation (mmap) failed to map 715653120 bytes for committing reserved memory.
# Possible reasons:
#   The system is out of physical RAM or swap space
#   The process is running with CompressedOops enabled, and the Java Heap may be blocking the growth of the native heap
# Possible solutions:
#   Reduce memory load on the system
#   Increase physical memory or swap space
#   Check if swap backing store is full
#   Decrease Java heap size (-Xmx/-Xms)
#   Decrease number of Java threads
#   Decrease Java thread stack sizes (-Xss)
#   Set larger code cache with -XX:ReservedCodeCacheSize=
# This output file may be truncated or incomplete.
#
#  Out of Memory Error (os_linux.cpp:2757), pid=17060, tid=0x00007f6978d43700
#
# JRE version:  (8.0_252-b09) (build )
# Java VM: OpenJDK 64-Bit Server VM (25.252-b09 mixed mode linux-amd64 compressed oops)
# Failed to write core dump. Core dumps have been disabled. To enable core dumping, try "ulimit -c unlimited" before starting Java again
#

---------------  T H R E A D  ---------------

Current thread (0x00007f697000b000):  JavaThread "Unknown thread" [_thread_in_vm, id=17061, stack(0x00007f6978c44000,0x00007f6978d44000)]

Stack: [0x00007f6978c44000,0x00007f6978d44000],  sp=0x00007f6978d425e0,  free space=1017k
Native frames: (J=compiled Java code, j=interpreted, Vv=VM code, C=native code)
V  [libjvm.so+0xabcb22]
V  [libjvm.so+0x4de337]
V  [libjvm.so+0x8f6ad0]
V  [libjvm.so+0x8edb9e]
V  [libjvm.so+0x971536]
V  [libjvm.so+0x973586]
V  [libjvm.so+0x2b5a64]
V  [libjvm.so+0x91e751]
V  [libjvm.so+0xa7ee4a]
V  [libjvm.so+0xa7f145]
V  [libjvm.so+0x62c43f]
V  [libjvm.so+0xa62b93]
V  [libjvm.so+0x6af791]  JNI_CreateJavaVM+0x61
C  [libjli.so+0x2ce3]
C  [libjli.so+0x78cd]
C  [libpthread.so.0+0x76db]  start_thread+0xdb


---------------  P R O C E S S  ---------------

Java Threads: ( => current thread )

Other Threads:

=>0x00007f697000b000 (exited) JavaThread "Unknown thread" [_thread_in_vm, id=17061, stack(0x00007f6978c44000,0x00007f6978d44000)]

VM state:not at safepoint (not fully initialized)

VM Mutex/Monitor currently owned by a thread: None

heap address: 0x0000000080000000, size: 2048 MB, Compressed Oops mode: Non-zero based:0x000000007ffff000
Narrow klass base: 0x0000000000000000, Narrow klass shift: 0

GC Heap History (0 events):
No events

Deoptimization events (0 events):
No events

Classes redefined (0 events):
No events

Internal exceptions (0 events):
No events

Events (0 events):
No events


Dynamic libraries:
80000000-d5580000 ---p 00000000 00:00 0 
55d598256000-55d598257000 r-xp 00000000 fc:01 776843                     /usr/lib/jvm/java-8-openjdk-amd64/jre/bin/java
55d598456000-55d598457000 r--p 00000000 fc:01 776843                     /usr/lib/jvm/java-8-openjdk-amd64/jre/bin/java
55d598457000-55d598458000 rw-p 00001000 fc:01 776843                     /usr/lib/jvm/java-8-openjdk-amd64/jre/bin/java
55d5997bf000-55d5997e0000 rw-p 00000000 00:00 0                          [heap]
7f6961000000-7f6961270000 rwxp 00000000 00:00 0 
7f6961270000-7f6970000000 ---p 00000000 00:00 0 
7f6970000000-7f6970031000 rw-p 00000000 00:00 0 
7f6970031000-7f6974000000 ---p 00000000 00:00 0 
7f6974dc7000-7f69751c7000 ---p 00000000 00:00 0 
7f69751c7000-7f69751d2000 rw-p 00000000 00:00 0 
7f69751d2000-7f6975588000 ---p 00000000 00:00 0 
7f6975588000-7f6975590000 r-xp 00000000 fc:01 776889                     /usr/lib/jvm/java-8-openjdk-amd64/jre/lib/amd64/libzip.so
7f6975590000-7f697578f000 ---p 00008000 fc:01 776889                     /usr/lib/jvm/java-8-openjdk-amd64/jre/lib/amd64/libzip.so
7f697578f000-7f6975790000 r--p 00007000 fc:01 776889                     /usr/lib/jvm/java-8-openjdk-amd64/jre/lib/amd64/libzip.so
7f6975790000-7f6975791000 rw-p 00008000 fc:01 776889                     /usr/lib/jvm/java-8-openjdk-amd64/jre/lib/amd64/libzip.so
7f6975791000-7f697579c000 r-xp 00000000 fc:01 2093                       /lib/x86_64-linux-gnu/libnss_files-2.27.so
7f697579c000-7f697599b000 ---p 0000b000 fc:01 2093                       /lib/x86_64-linux-gnu/libnss_files-2.27.so
7f697599b000-7f697599c000 r--p 0000a000 fc:01 2093                       /lib/x86_64-linux-gnu/libnss_files-2.27.so
7f697599c000-7f697599d000 rw-p 0000b000 fc:01 2093                       /lib/x86_64-linux-gnu/libnss_files-2.27.so
7f697599d000-7f69759a3000 rw-p 00000000 00:00 0 
7f69759a3000-7f69759ba000 r-xp 00000000 fc:01 2090                       /lib/x86_64-linux-gnu/libnsl-2.27.so
7f69759ba000-7f6975bb9000 ---p 00017000 fc:01 2090                       /lib/x86_64-linux-gnu/libnsl-2.27.so
7f6975bb9000-7f6975bba000 r--p 00016000 fc:01 2090                       /lib/x86_64-linux-gnu/libnsl-2.27.so
7f6975bba000-7f6975bbb000 rw-p 00017000 fc:01 2090                       /lib/x86_64-linux-gnu/libnsl-2.27.so
7f6975bbb000-7f6975bbd000 rw-p 00000000 00:00 0 
7f6975bbd000-7f6975bc8000 r-xp 00000000 fc:01 2095                       /lib/x86_64-linux-gnu/libnss_nis-2.27.so
7f6975bc8000-7f6975dc7000 ---p 0000b000 fc:01 2095                       /lib/x86_64-linux-gnu/libnss_nis-2.27.so
7f6975dc7000-7f6975dc8000 r--p 0000a000 fc:01 2095                       /lib/x86_64-linux-gnu/libnss_nis-2.27.so
7f6975dc8000-7f6975dc9000 rw-p 0000b000 fc:01 2095                       /lib/x86_64-linux-gnu/libnss_nis-2.27.so
7f6975dc9000-7f6975dd1000 r-xp 00000000 fc:01 2091                       /lib/x86_64-linux-gnu/libnss_compat-2.27.so
7f6975dd1000-7f6975fd1000 ---p 00008000 fc:01 2091                       /lib/x86_64-linux-gnu/libnss_compat-2.27.so
7f6975fd1000-7f6975fd2000 r--p 00008000 fc:01 2091                       /lib/x86_64-linux-gnu/libnss_compat-2.27.so
7f6975fd2000-7f6975fd3000 rw-p 00009000 fc:01 2091                       /lib/x86_64-linux-gnu/libnss_compat-2.27.so
7f6975fd3000-7f6975ffd000 r-xp 00000000 fc:01 776870                     /usr/lib/jvm/java-8-openjdk-amd64/jre/lib/amd64/libjava.so
7f6975ffd000-7f69761fc000 ---p 0002a000 fc:01 776870                     /usr/lib/jvm/java-8-openjdk-amd64/jre/lib/amd64/libjava.so
7f69761fc000-7f69761fd000 r--p 00029000 fc:01 776870                     /usr/lib/jvm/java-8-openjdk-amd64/jre/lib/amd64/libjava.so
7f69761fd000-7f69761ff000 rw-p 0002a000 fc:01 776870                     /usr/lib/jvm/java-8-openjdk-amd64/jre/lib/amd64/libjava.so
7f69761ff000-7f697620f000 r-xp 00000000 fc:01 776888                     /usr/lib/jvm/java-8-openjdk-amd64/jre/lib/amd64/libverify.so
7f697620f000-7f697640e000 ---p 00010000 fc:01 776888                     /usr/lib/jvm/java-8-openjdk-amd64/jre/lib/amd64/libverify.so
7f697640e000-7f6976410000 r--p 0000f000 fc:01 776888                     /usr/lib/jvm/java-8-openjdk-amd64/jre/lib/amd64/libverify.so
7f6976410000-7f6976411000 rw-p 00011000 fc:01 776888                     /usr/lib/jvm/java-8-openjdk-amd64/jre/lib/amd64/libverify.so
7f6976411000-7f6976418000 r-xp 00000000 fc:01 2180                       /lib/x86_64-linux-gnu/librt-2.27.so
7f6976418000-7f6976617000 ---p 00007000 fc:01 2180                       /lib/x86_64-linux-gnu/librt-2.27.so
7f6976617000-7f6976618000 r--p 00006000 fc:01 2180                       /lib/x86_64-linux-gnu/librt-2.27.so
7f6976618000-7f6976619000 rw-p 00007000 fc:01 2180                       /lib/x86_64-linux-gnu/librt-2.27.so
7f6976619000-7f6976630000 r-xp 00000000 fc:01 10474                      /lib/x86_64-linux-gnu/libgcc_s.so.1
7f6976630000-7f697682f000 ---p 00017000 fc:01 10474                      /lib/x86_64-linux-gnu/libgcc_s.so.1
7f697682f000-7f6976830000 r--p 00016000 fc:01 10474                      /lib/x86_64-linux-gnu/libgcc_s.so.1
7f6976830000-7f6976831000 rw-p 00017000 fc:01 10474                      /lib/x86_64-linux-gnu/libgcc_s.so.1
7f6976831000-7f69769ce000 r-xp 00000000 fc:01 2087                       /lib/x86_64-linux-gnu/libm-2.27.so
7f69769ce000-7f6976bcd000 ---p 0019d000 fc:01 2087                       /lib/x86_64-linux-gnu/libm-2.27.so
7f6976bcd000-7f6976bce000 r--p 0019c000 fc:01 2087                       /lib/x86_64-linux-gnu/libm-2.27.so
7f6976bce000-7f6976bcf000 rw-p 0019d000 fc:01 2087                       /lib/x86_64-linux-gnu/libm-2.27.so
7f6976bcf000-7f6976d48000 r-xp 00000000 fc:01 10548                      /usr/lib/x86_64-linux-gnu/libstdc++.so.6.0.25
7f6976d48000-7f6976f48000 ---p 00179000 fc:01 10548                      /usr/lib/x86_64-linux-gnu/libstdc++.so.6.0.25
7f6976f48000-7f6976f52000 r--p 00179000 fc:01 10548                      /usr/lib/x86_64-linux-gnu/libstdc++.so.6.0.25
7f6976f52000-7f6976f54000 rw-p 00183000 fc:01 10548                      /usr/lib/x86_64-linux-gnu/libstdc++.so.6.0.25
7f6976f54000-7f6976f58000 rw-p 00000000 00:00 0 
7f6976f58000-7f6977bfc000 r-xp 00000000 fc:01 776892                     /usr/lib/jvm/java-8-openjdk-amd64/jre/lib/amd64/server/libjvm.so
7f6977bfc000-7f6977dfc000 ---p 00ca4000 fc:01 776892                     /usr/lib/jvm/java-8-openjdk-amd64/jre/lib/amd64/server/libjvm.so
7f6977dfc000-7f6977e90000 r--p 00ca4000 fc:01 776892                     /usr/lib/jvm/java-8-openjdk-amd64/jre/lib/amd64/server/libjvm.so
7f6977e90000-7f6977eb9000 rw-p 00d38000 fc:01 776892                     /usr/lib/jvm/java-8-openjdk-amd64/jre/lib/amd64/server/libjvm.so
7f6977eb9000-7f6977ee9000 rw-p 00000000 00:00 0 
7f6977ee9000-7f6977f03000 r-xp 00000000 fc:01 2178                       /lib/x86_64-linux-gnu/libpthread-2.27.so
7f6977f03000-7f6978102000 ---p 0001a000 fc:01 2178                       /lib/x86_64-linux-gnu/libpthread-2.27.so
7f6978102000-7f6978103000 r--p 00019000 fc:01 2178                       /lib/x86_64-linux-gnu/libpthread-2.27.so
7f6978103000-7f6978104000 rw-p 0001a000 fc:01 2178                       /lib/x86_64-linux-gnu/libpthread-2.27.so
7f6978104000-7f6978108000 rw-p 00000000 00:00 0 
7f6978108000-7f697810b000 r-xp 00000000 fc:01 2086                       /lib/x86_64-linux-gnu/libdl-2.27.so
7f697810b000-7f697830a000 ---p 00003000 fc:01 2086                       /lib/x86_64-linux-gnu/libdl-2.27.so
7f697830a000-7f697830b000 r--p 00002000 fc:01 2086                       /lib/x86_64-linux-gnu/libdl-2.27.so
7f697830b000-7f697830c000 rw-p 00003000 fc:01 2086                       /lib/x86_64-linux-gnu/libdl-2.27.so
7f697830c000-7f6978328000 r-xp 00000000 fc:01 2183                       /lib/x86_64-linux-gnu/libz.so.1.2.11
7f6978328000-7f6978527000 ---p 0001c000 fc:01 2183                       /lib/x86_64-linux-gnu/libz.so.1.2.11
7f6978527000-7f6978528000 r--p 0001b000 fc:01 2183                       /lib/x86_64-linux-gnu/libz.so.1.2.11
7f6978528000-7f6978529000 rw-p 0001c000 fc:01 2183                       /lib/x86_64-linux-gnu/libz.so.1.2.11
7f6978529000-7f6978710000 r-xp 00000000 fc:01 2083                       /lib/x86_64-linux-gnu/libc-2.27.so
7f6978710000-7f6978910000 ---p 001e7000 fc:01 2083                       /lib/x86_64-linux-gnu/libc-2.27.so
7f6978910000-7f6978914000 r--p 001e7000 fc:01 2083                       /lib/x86_64-linux-gnu/libc-2.27.so
7f6978914000-7f6978916000 rw-p 001eb000 fc:01 2083                       /lib/x86_64-linux-gnu/libc-2.27.so
7f6978916000-7f697891a000 rw-p 00000000 00:00 0 
7f697891a000-7f6978928000 r-xp 00000000 fc:01 776856                     /usr/lib/jvm/java-8-openjdk-amd64/jre/lib/amd64/jli/libjli.so
7f6978928000-7f6978b27000 ---p 0000e000 fc:01 776856                     /usr/lib/jvm/java-8-openjdk-amd64/jre/lib/amd64/jli/libjli.so
7f6978b27000-7f6978b28000 r--p 0000d000 fc:01 776856                     /usr/lib/jvm/java-8-openjdk-amd64/jre/lib/amd64/jli/libjli.so
7f6978b28000-7f6978b29000 rw-p 0000e000 fc:01 776856                     /usr/lib/jvm/java-8-openjdk-amd64/jre/lib/amd64/jli/libjli.so
7f6978b29000-7f6978b50000 r-xp 00000000 fc:01 2079                       /lib/x86_64-linux-gnu/ld-2.27.so
7f6978c3b000-7f6978c43000 rw-s 00000000 fc:01 1811171                    /tmp/hsperfdata_root/17060
7f6978c43000-7f6978c44000 ---p 00000000 00:00 0 
7f6978c44000-7f6978c47000 ---p 00000000 00:00 0 
7f6978c47000-7f6978d46000 rw-p 00000000 00:00 0 
7f6978d4c000-7f6978d4d000 rw-p 00000000 00:00 0 
7f6978d4d000-7f6978d4e000 r--p 00000000 00:00 0 
7f6978d4e000-7f6978d50000 rw-p 00000000 00:00 0 
7f6978d50000-7f6978d51000 r--p 00027000 fc:01 2079                       /lib/x86_64-linux-gnu/ld-2.27.so
7f6978d51000-7f6978d52000 rw-p 00028000 fc:01 2079                       /lib/x86_64-linux-gnu/ld-2.27.so
7f6978d52000-7f6978d53000 rw-p 00000000 00:00 0 
7ffd03690000-7ffd036b1000 rw-p 00000000 00:00 0                          [stack]
7ffd037ef000-7ffd037f2000 r--p 00000000 00:00 0                          [vvar]
7ffd037f2000-7ffd037f4000 r-xp 00000000 00:00 0                          [vdso]
ffffffffff600000-ffffffffff601000 r-xp 00000000 00:00 0                  [vsyscall]

VM Arguments:
jvm_args: -Xms2G -Xmx2G 
java_command: forge.jar nogui
java_class_path (initial): forge.jar
Launcher Type: SUN_STANDARD

Environment Variables:
PATH=/usr/bin:/bin
SHELL=/bin/sh

Signal Handlers:
SIGSEGV: [libjvm.so+0xabd470], sa_mask[0]=11111111011111111101111111111110, sa_flags=SA_RESTART|SA_SIGINFO
SIGBUS: [libjvm.so+0xabd470], sa_mask[0]=11111111011111111101111111111110, sa_flags=SA_RESTART|SA_SIGINFO
SIGFPE: [libjvm.so+0x8f1c90], sa_mask[0]=11111111011111111101111111111110, sa_flags=SA_RESTART|SA_SIGINFO
SIGPIPE: [libjvm.so+0x8f1c90], sa_mask[0]=11111111011111111101111111111110, sa_flags=SA_RESTART|SA_SIGINFO
SIGXFSZ: [libjvm.so+0x8f1c90], sa_mask[0]=11111111011111111101111111111110, sa_flags=SA_RESTART|SA_SIGINFO
SIGILL: [libjvm.so+0x8f1c90], sa_mask[0]=11111111011111111101111111111110, sa_flags=SA_RESTART|SA_SIGINFO
SIGUSR1: SIG_DFL, sa_mask[0]=00000000000000000000000000000000, sa_flags=none
SIGUSR2: [libjvm.so+0x8f1b40], sa_mask[0]=00000000000000000000000000000000, sa_flags=SA_RESTART|SA_SIGINFO
SIGHUP: SIG_DFL, sa_mask[0]=00000000000000000000000000000000, sa_flags=none
SIGINT: SIG_DFL, sa_mask[0]=00000000000000000000000000000000, sa_flags=none
SIGTERM: SIG_DFL, sa_mask[0]=00000000000000000000000000000000, sa_flags=none
SIGQUIT: SIG_DFL, sa_mask[0]=00000000000000000000000000000000, sa_flags=none


---------------  S Y S T E M  ---------------

OS:DISTRIB_ID=Ubuntu
DISTRIB_RELEASE=18.04
DISTRIB_CODENAME=bionic
DISTRIB_DESCRIPTION="Ubuntu 18.04.3 LTS"

uname:Linux 4.15.0-101-generic #102-Ubuntu SMP Mon May 11 10:07:26 UTC 2020 x86_64
libc:glibc 2.27 NPTL 2.27 
rlimit: STACK 8192k, CORE 0k, NPROC 15676, NOFILE 1048576, AS infinity
load average:3.22 2.04 1.28

/proc/meminfo:
MemTotal:        4039284 kB
MemFree:          308912 kB
MemAvailable:     583744 kB
Buffers:           74552 kB
Cached:           377280 kB
SwapCached:            0 kB
Active:          3427216 kB
Inactive:         180188 kB
Active(anon):    3155932 kB
Inactive(anon):      264 kB
Active(file):     271284 kB
Inactive(file):   179924 kB
Unevictable:           0 kB
Mlocked:               0 kB
SwapTotal:             0 kB
SwapFree:              0 kB
Dirty:               924 kB
Writeback:             0 kB
AnonPages:       3155540 kB
Mapped:           106908 kB
Shmem:               624 kB
Slab:              83820 kB
SReclaimable:      53432 kB
SUnreclaim:        30388 kB
KernelStack:        3232 kB
PageTables:        12588 kB
NFS_Unstable:          0 kB
Bounce:                0 kB
WritebackTmp:          0 kB
CommitLimit:     2019640 kB
Committed_AS:    5150920 kB
VmallocTotal:   34359738367 kB
VmallocUsed:           0 kB
VmallocChunk:          0 kB
HardwareCorrupted:     0 kB
AnonHugePages:         0 kB
ShmemHugePages:        0 kB
ShmemPmdMapped:        0 kB
CmaTotal:              0 kB
CmaFree:               0 kB
HugePages_Total:       0
HugePages_Free:        0
HugePages_Rsvd:        0
HugePages_Surp:        0
Hugepagesize:       2048 kB
DirectMap4k:      108524 kB
DirectMap2M:     4085760 kB
DirectMap1G:           0 kB

container (cgroup) information:
container_type: cgroupv1
cpu_cpuset_cpus: 0-1
cpu_memory_nodes: 0
active_processor_count: 2
cpu_quota: -1
cpu_period: 100000
cpu_shares: -1
memory_limit_in_bytes: -1
memory_and_swap_limit_in_bytes: -2
memory_soft_limit_in_bytes: -1
memory_usage_in_bytes: 1229766656
memory_max_usage_in_bytes: 1437966336


CPU:total 2 (initial active 2) (1 cores per cpu, 1 threads per core) family 6 model 79 stepping 1, cmov, cx8, fxsr, mmx, sse, sse2, sse3, ssse3, sse4.1, sse4.2, popcnt, avx, avx2, aes, clmul, erms, 3dnowpref, lzcnt, tsc, bmi1, bmi2, adx

/proc/cpuinfo:
processor	: 0
vendor_id	: GenuineIntel
cpu family	: 6
model		: 79
model name	: Intel(R) Xeon(R) CPU E5-2650 v4 @ 2.20GHz
stepping	: 1
microcode	: 0x1
cpu MHz		: 2199.998
cache size	: 4096 KB
physical id	: 0
siblings	: 1
core id		: 0
cpu cores	: 1
apicid		: 0
initial apicid	: 0
fpu		: yes
fpu_exception	: yes
cpuid level	: 13
wp		: yes
flags		: fpu vme de pse tsc msr pae mce cx8 apic sep mtrr pge mca cmov pat pse36 clflush mmx fxsr sse sse2 ss syscall nx pdpe1gb rdtscp lm constant_tsc arch_perfmon rep_good nopl cpuid tsc_known_freq pni pclmulqdq vmx ssse3 fma cx16 pcid sse4_1 sse4_2 x2apic movbe popcnt tsc_deadline_timer aes xsave avx f16c rdrand hypervisor lahf_lm abm 3dnowprefetch cpuid_fault invpcid_single pti ssbd ibrs ibpb tpr_shadow vnmi flexpriority ept vpid fsgsbase tsc_adjust bmi1 avx2 smep bmi2 erms invpcid rdseed adx smap xsaveopt md_clear
bugs		: cpu_meltdown spectre_v1 spectre_v2 spec_store_bypass l1tf mds swapgs itlb_multihit
bogomips	: 4399.99
clflush size	: 64
cache_alignment	: 64
address sizes	: 40 bits physical, 48 bits virtual
power management:

processor	: 1
vendor_id	: GenuineIntel
cpu family	: 6
model		: 79
model name	: Intel(R) Xeon(R) CPU E5-2650 v4 @ 2.20GHz
stepping	: 1
microcode	: 0x1
cpu MHz		: 2199.998
cache size	: 4096 KB
physical id	: 1
siblings	: 1
core id		: 0
cpu cores	: 1
apicid		: 1
initial apicid	: 1
fpu		: yes
fpu_exception	: yes
cpuid level	: 13
wp		: yes
flags		: fpu vme de pse tsc msr pae mce cx8 apic sep mtrr pge mca cmov pat pse36 clflush mmx fxsr sse sse2 ss syscall nx pdpe1gb rdtscp lm constant_tsc arch_perfmon rep_good nopl cpuid tsc_known_freq pni pclmulqdq vmx ssse3 fma cx16 pcid sse4_1 sse4_2 x2apic movbe popcnt tsc_deadline_timer aes xsave avx f16c rdrand hypervisor lahf_lm abm 3dnowprefetch cpuid_fault invpcid_single pti ssbd ibrs ibpb tpr_shadow vnmi flexpriority ept vpid fsgsbase tsc_adjust bmi1 avx2 smep bmi2 erms invpcid rdseed adx smap xsaveopt md_clear
bugs		: cpu_meltdown spectre_v1 spectre_v2 spec_store_bypass l1tf mds swapgs itlb_multihit
bogomips	: 4399.99
clflush size	: 64
cache_alignment	: 64
address sizes	: 40 bits physical, 48 bits virtual
power management:



Memory: 4k page, physical 4039284k(308912k free), swap 0k(0k free)

vm_info: OpenJDK 64-Bit Server VM (25.252-b09) for linux-amd64 JRE (1.8.0_252-8u252-b09-1~18.04-b09), built on Apr 15 2020 18:48:05 by "buildd" with gcc 7.5.0

time: Tue Jun  2 05:15:24 2020
timezone: UTC
elapsed time: 0 seconds (0d 0h 0m 0s)

