#
# There is insufficient memory for the Java Runtime Environment to continue.
# Native memory allocation (mmap) failed to map 65536 bytes for committing reserved memory.
# Possible reasons:
#   The system is out of physical RAM or swap space
#   The process is running with CompressedOops enabled, and the Java Heap may be blocking the growth of the native heap
# Possible solutions:
#   Reduce memory load on the system
#   Increase physical memory or swap space
#   Check if swap backing store is full
#   Decrease Java heap size (-Xmx/-Xms)
#   Decrease number of Java threads
#   Decrease Java thread stack sizes (-Xss)
#   Set larger code cache with -XX:ReservedCodeCacheSize=
#   JVM is running with Unscaled Compressed Oops mode in which the Java heap is
#     placed in the first 4GB address space. The Java Heap base address is the
#     maximum limit for the native heap growth. Please use -XX:HeapBaseMinAddress
#     to set the Java Heap base and to place the Java Heap above 4GB virtual address.
# This output file may be truncated or incomplete.
#
#  Out of Memory Error (os_linux.cpp:2757), pid=17435, tid=0x00007fc50bfff700
#
# JRE version: OpenJDK Runtime Environment (8.0_252-b09) (build 1.8.0_252-8u252-b09-1~18.04-b09)
# Java VM: OpenJDK 64-Bit Server VM (25.252-b09 mixed mode linux-amd64 compressed oops)
# Failed to write core dump. Core dumps have been disabled. To enable core dumping, try "ulimit -c unlimited" before starting Java again
#

---------------  T H R E A D  ---------------

Current thread (0x00007fc53413e800):  JavaThread "C2 CompilerThread0" daemon [_thread_in_vm, id=17443, stack(0x00007fc50bf00000,0x00007fc50c000000)]

Stack: [0x00007fc50bf00000,0x00007fc50c000000],  sp=0x00007fc50bffb610,  free space=1005k
Native frames: (J=compiled Java code, j=interpreted, Vv=VM code, C=native code)
V  [libjvm.so+0xabcb22]
V  [libjvm.so+0x4de337]
V  [libjvm.so+0x8f6ad0]
V  [libjvm.so+0x8edb9e]
V  [libjvm.so+0xab92f0]
V  [libjvm.so+0x604ebd]
V  [libjvm.so+0x4568d6]
V  [libjvm.so+0x45057a]
V  [libjvm.so+0x454f7b]
V  [libjvm.so+0x90c2d7]
V  [libjvm.so+0x9114a2]
V  [libjvm.so+0x47b53d]
V  [libjvm.so+0x47c42b]
V  [libjvm.so+0x3c2e3a]
V  [libjvm.so+0x487832]
V  [libjvm.so+0x489b68]
V  [libjvm.so+0xa5a12f]
V  [libjvm.so+0xa5b338]
V  [libjvm.so+0x8f3e62]
C  [libpthread.so.0+0x76db]  start_thread+0xdb


Current CompileTask:
C2:  61531 4001       4       java.util.Formatter$FormatSpecifier::<init> (246 bytes)


---------------  P R O C E S S  ---------------

Java Threads: ( => current thread )
  0x00007fc5347e2000 JavaThread "process reaper" daemon [_thread_blocked, id=17523, stack(0x00007fc50ac4b000,0x00007fc50ac84000)]
  0x00007fc53414c000 JavaThread "Service Thread" daemon [_thread_blocked, id=17445, stack(0x00007fc50bcfd000,0x00007fc50bdfe000)]
  0x00007fc534141000 JavaThread "C1 CompilerThread1" daemon [_thread_in_native, id=17444, stack(0x00007fc50bdff000,0x00007fc50beff000)]
=>0x00007fc53413e800 JavaThread "C2 CompilerThread0" daemon [_thread_in_vm, id=17443, stack(0x00007fc50bf00000,0x00007fc50c000000)]
  0x00007fc53413d000 JavaThread "Signal Dispatcher" daemon [_thread_blocked, id=17442, stack(0x00007fc5200e6000,0x00007fc5201e7000)]
  0x00007fc53410a000 JavaThread "Finalizer" daemon [_thread_blocked, id=17441, stack(0x00007fc5204f5000,0x00007fc5205f6000)]
  0x00007fc534105800 JavaThread "Reference Handler" daemon [_thread_blocked, id=17440, stack(0x00007fc5205f6000,0x00007fc5206f7000)]
  0x00007fc53400b000 JavaThread "main" [_thread_in_Java, id=17436, stack(0x00007fc53d319000,0x00007fc53d419000)]

Other Threads:
  0x00007fc5340fc000 VMThread [stack: 0x00007fc5206f8000,0x00007fc5207f8000] [id=17439]
  0x00007fc53414e800 WatcherThread [stack: 0x00007fc50bbfd000,0x00007fc50bcfd000] [id=17446]

VM state:not at safepoint (normal execution)

VM Mutex/Monitor currently owned by a thread:  ([mutex/lock_event])
[0x00007fc534006e80] CodeCache_lock - owner thread: 0x00007fc53413e800

heap address: 0x0000000080000000, size: 2048 MB, Compressed Oops mode: 32-bit
Narrow klass base: 0x0000000000000000, Narrow klass shift: 3
Compressed class space size: 1073741824 Address: 0x0000000100000000

Heap:
 PSYoungGen      total 565248K, used 69152K [0x00000000d5580000, 0x0000000100000000, 0x0000000100000000)
  eden space 439808K, 7% used [0x00000000d5580000,0x00000000d77baae0,0x00000000f0300000)
  from space 125440K, 27% used [0x00000000f8580000,0x00000000fa6cd7c0,0x0000000100000000)
  to   space 129536K, 0% used [0x00000000f0300000,0x00000000f0300000,0x00000000f8180000)
 ParOldGen       total 1398272K, used 164927K [0x0000000080000000, 0x00000000d5580000, 0x00000000d5580000)
  object space 1398272K, 11% used [0x0000000080000000,0x000000008a10fd50,0x00000000d5580000)
 Metaspace       used 28905K, capacity 29380K, committed 29696K, reserved 1075200K
  class space    used 3379K, capacity 3511K, committed 3584K, reserved 1048576K

Card table byte_map: [0x00007fc53949c000,0x00007fc53989d000] byte_map_base: 0x00007fc53909c000

Marking Bits: (ParMarkBitMap*) 0x00007fc53c5a13c0
 Begin Bits: [0x00007fc521000000, 0x00007fc523000000)
 End Bits:   [0x00007fc523000000, 0x00007fc525000000)

Polling page: 0x00007fc53d422000

CodeCache: size=245760Kb used=13358Kb max_used=13358Kb free=232401Kb
 bounds [0x00007fc525000000, 0x00007fc525d20000, 0x00007fc534000000]
 total_blobs=4330 nmethods=3868 adapters=374
 compilation: enabled

Compilation events (10 events):
Event: 60.508 Thread 0x00007fc53413e800 nmethod 3996 0x00007fc525cf1ad0 code [0x00007fc525cf1c80, 0x00007fc525cf2068]
Event: 60.508 Thread 0x00007fc53413e800 4001       4       java.util.Formatter$FormatSpecifier::<init> (246 bytes)
Event: 60.931 Thread 0x00007fc534141000 4504       2       org.spongepowered.asm.mixin.transformer.ClassInfo$Field::remapTo (6 bytes)
Event: 60.931 Thread 0x00007fc534141000 nmethod 4504 0x00007fc525cf6d50 code [0x00007fc525cf6ea0, 0x00007fc525cf7010]
Event: 60.931 Thread 0x00007fc534141000 4505       2       org.spongepowered.asm.mixin.transformer.MixinTargetContext::findField (62 bytes)
Event: 60.932 Thread 0x00007fc534141000 nmethod 4505 0x00007fc525cf36d0 code [0x00007fc525cf3860, 0x00007fc525cf3b58]
Event: 60.932 Thread 0x00007fc534141000 4506 %     3       org.spongepowered.asm.mixin.transformer.MixinPreProcessorStandard::transform @ 70 (159 bytes)
Event: 60.934 Thread 0x00007fc534141000 nmethod 4506% 0x00007fc525d14510 code [0x00007fc525d14900, 0x00007fc525d17058]
Event: 60.934 Thread 0x00007fc534141000 4507       3       org.spongepowered.asm.mixin.transformer.MixinPreProcessorStandard::transform (159 bytes)
Event: 60.937 Thread 0x00007fc534141000 nmethod 4507 0x00007fc525d18850 code [0x00007fc525d18c40, 0x00007fc525d1b258]

GC Heap History (10 events):
Event: 44.791 GC heap before
{Heap before GC invocations=5 (full 1):
 PSYoungGen      total 611840K, used 609554K [0x00000000d5580000, 0x0000000100000000, 0x0000000100000000)
  eden space 524800K, 100% used [0x00000000d5580000,0x00000000f5600000,0x00000000f5600000)
  from space 87040K, 97% used [0x00000000f5600000,0x00000000fa8c4ba8,0x00000000fab00000)
  to   space 87040K, 0% used [0x00000000fab00000,0x00000000fab00000,0x0000000100000000)
 ParOldGen       total 1398272K, used 50939K [0x0000000080000000, 0x00000000d5580000, 0x00000000d5580000)
  object space 1398272K, 3% used [0x0000000080000000,0x00000000831bedd8,0x00000000d5580000)
 Metaspace       used 24842K, capacity 25200K, committed 25472K, reserved 1071104K
  class space    used 3028K, capacity 3147K, committed 3200K, reserved 1048576K
Event: 45.375 GC heap after
Heap after GC invocations=5 (full 1):
 PSYoungGen      total 611840K, used 87025K [0x00000000d5580000, 0x0000000100000000, 0x0000000100000000)
  eden space 524800K, 0% used [0x00000000d5580000,0x00000000d5580000,0x00000000f5600000)
  from space 87040K, 99% used [0x00000000fab00000,0x00000000ffffc7e0,0x0000000100000000)
  to   space 87040K, 0% used [0x00000000f5600000,0x00000000f5600000,0x00000000fab00000)
 ParOldGen       total 1398272K, used 75973K [0x0000000080000000, 0x00000000d5580000, 0x00000000d5580000)
  object space 1398272K, 5% used [0x0000000080000000,0x0000000084a316d0,0x00000000d5580000)
 Metaspace       used 24842K, capacity 25200K, committed 25472K, reserved 1071104K
  class space    used 3028K, capacity 3147K, committed 3200K, reserved 1048576K
}
Event: 50.767 GC heap before
{Heap before GC invocations=6 (full 1):
 PSYoungGen      total 611840K, used 611825K [0x00000000d5580000, 0x0000000100000000, 0x0000000100000000)
  eden space 524800K, 100% used [0x00000000d5580000,0x00000000f5600000,0x00000000f5600000)
  from space 87040K, 99% used [0x00000000fab00000,0x00000000ffffc7e0,0x0000000100000000)
  to   space 87040K, 0% used [0x00000000f5600000,0x00000000f5600000,0x00000000fab00000)
 ParOldGen       total 1398272K, used 75973K [0x0000000080000000, 0x00000000d5580000, 0x00000000d5580000)
  object space 1398272K, 5% used [0x0000000080000000,0x0000000084a316d0,0x00000000d5580000)
 Metaspace       used 25866K, capacity 26184K, committed 26624K, reserved 1073152K
  class space    used 3096K, capacity 3215K, committed 3328K, reserved 1048576K
Event: 51.203 GC heap after
Heap after GC invocations=6 (full 1):
 PSYoungGen      total 611840K, used 87033K [0x00000000d5580000, 0x0000000100000000, 0x0000000100000000)
  eden space 524800K, 0% used [0x00000000d5580000,0x00000000d5580000,0x00000000f5600000)
  from space 87040K, 99% used [0x00000000f5600000,0x00000000faafe500,0x00000000fab00000)
  to   space 87040K, 0% used [0x00000000fab00000,0x00000000fab00000,0x0000000100000000)
 ParOldGen       total 1398272K, used 87830K [0x0000000080000000, 0x00000000d5580000, 0x00000000d5580000)
  object space 1398272K, 6% used [0x0000000080000000,0x00000000855c5900,0x00000000d5580000)
 Metaspace       used 25866K, capacity 26184K, committed 26624K, reserved 1073152K
  class space    used 3096K, capacity 3215K, committed 3328K, reserved 1048576K
}
Event: 54.725 GC heap before
{Heap before GC invocations=7 (full 1):
 PSYoungGen      total 611840K, used 611833K [0x00000000d5580000, 0x0000000100000000, 0x0000000100000000)
  eden space 524800K, 100% used [0x00000000d5580000,0x00000000f5600000,0x00000000f5600000)
  from space 87040K, 99% used [0x00000000f5600000,0x00000000faafe500,0x00000000fab00000)
  to   space 87040K, 0% used [0x00000000fab00000,0x00000000fab00000,0x0000000100000000)
 ParOldGen       total 1398272K, used 87830K [0x0000000080000000, 0x00000000d5580000, 0x00000000d5580000)
  object space 1398272K, 6% used [0x0000000080000000,0x00000000855c5900,0x00000000d5580000)
 Metaspace       used 26329K, capacity 26734K, committed 27136K, reserved 1073152K
  class space    used 3139K, capacity 3248K, committed 3328K, reserved 1048576K
Event: 55.071 GC heap after
Heap after GC invocations=7 (full 1):
 PSYoungGen      total 532992K, used 87021K [0x00000000d5580000, 0x0000000100000000, 0x0000000100000000)
  eden space 445952K, 0% used [0x00000000d5580000,0x00000000d5580000,0x00000000f0900000)
  from space 87040K, 99% used [0x00000000fab00000,0x00000000ffffb648,0x0000000100000000)
  to   space 126464K, 0% used [0x00000000f0900000,0x00000000f0900000,0x00000000f8480000)
 ParOldGen       total 1398272K, used 95587K [0x0000000080000000, 0x00000000d5580000, 0x00000000d5580000)
  object space 1398272K, 6% used [0x0000000080000000,0x0000000085d58c58,0x00000000d5580000)
 Metaspace       used 26329K, capacity 26734K, committed 27136K, reserved 1073152K
  class space    used 3139K, capacity 3248K, committed 3328K, reserved 1048576K
}
Event: 57.192 GC heap before
{Heap before GC invocations=8 (full 1):
 PSYoungGen      total 532992K, used 532973K [0x00000000d5580000, 0x0000000100000000, 0x0000000100000000)
  eden space 445952K, 100% used [0x00000000d5580000,0x00000000f0900000,0x00000000f0900000)
  from space 87040K, 99% used [0x00000000fab00000,0x00000000ffffb648,0x0000000100000000)
  to   space 126464K, 0% used [0x00000000f0900000,0x00000000f0900000,0x00000000f8480000)
 ParOldGen       total 1398272K, used 95587K [0x0000000080000000, 0x00000000d5580000, 0x00000000d5580000)
  object space 1398272K, 6% used [0x0000000080000000,0x0000000085d58c58,0x00000000d5580000)
 Metaspace       used 27202K, capacity 27572K, committed 27904K, reserved 1073152K
  class space    used 3198K, capacity 3313K, committed 3328K, reserved 1048576K
Event: 57.716 GC heap after
Heap after GC invocations=8 (full 1):
 PSYoungGen      total 572416K, used 62184K [0x00000000d5580000, 0x0000000100000000, 0x0000000100000000)
  eden space 445952K, 0% used [0x00000000d5580000,0x00000000d5580000,0x00000000f0900000)
  from space 126464K, 49% used [0x00000000f0900000,0x00000000f45ba160,0x00000000f8480000)
  to   space 125440K, 0% used [0x00000000f8580000,0x00000000f8580000,0x0000000100000000)
 ParOldGen       total 1398272K, used 129356K [0x0000000080000000, 0x00000000d5580000, 0x00000000d5580000)
  object space 1398272K, 9% used [0x0000000080000000,0x0000000087e53240,0x00000000d5580000)
 Metaspace       used 27202K, capacity 27572K, committed 27904K, reserved 1073152K
  class space    used 3198K, capacity 3313K, committed 3328K, reserved 1048576K
}
Event: 60.957 GC heap before
{Heap before GC invocations=9 (full 1):
 PSYoungGen      total 572416K, used 508136K [0x00000000d5580000, 0x0000000100000000, 0x0000000100000000)
  eden space 445952K, 100% used [0x00000000d5580000,0x00000000f0900000,0x00000000f0900000)
  from space 126464K, 49% used [0x00000000f0900000,0x00000000f45ba160,0x00000000f8480000)
  to   space 125440K, 0% used [0x00000000f8580000,0x00000000f8580000,0x0000000100000000)
 ParOldGen       total 1398272K, used 129356K [0x0000000080000000, 0x00000000d5580000, 0x00000000d5580000)
  object space 1398272K, 9% used [0x0000000080000000,0x0000000087e53240,0x00000000d5580000)
 Metaspace       used 28905K, capacity 29380K, committed 29696K, reserved 1075200K
  class space    used 3379K, capacity 3511K, committed 3584K, reserved 1048576K
Event: 61.377 GC heap after
Heap after GC invocations=9 (full 1):
 PSYoungGen      total 565248K, used 34101K [0x00000000d5580000, 0x0000000100000000, 0x0000000100000000)
  eden space 439808K, 0% used [0x00000000d5580000,0x00000000d5580000,0x00000000f0300000)
  from space 125440K, 27% used [0x00000000f8580000,0x00000000fa6cd7c0,0x0000000100000000)
  to   space 129536K, 0% used [0x00000000f0300000,0x00000000f0300000,0x00000000f8180000)
 ParOldGen       total 1398272K, used 164927K [0x0000000080000000, 0x00000000d5580000, 0x00000000d5580000)
  object space 1398272K, 11% used [0x0000000080000000,0x000000008a10fd50,0x00000000d5580000)
 Metaspace       used 28905K, capacity 29380K, committed 29696K, reserved 1075200K
  class space    used 3379K, capacity 3511K, committed 3584K, reserved 1048576K
}

Deoptimization events (10 events):
Event: 50.097 Thread 0x00007fc53400b000 Uncommon trap: reason=bimorphic action=maybe_recompile pc=0x00007fc52594b9a8 method=java.util.regex.Pattern$Branch.match(Ljava/util/regex/Matcher;ILjava/lang/CharSequence;)Z @ 50
Event: 52.914 Thread 0x00007fc53400b000 Uncommon trap: reason=bimorphic action=maybe_recompile pc=0x00007fc52583109c method=java.util.HashMap.putVal(ILjava/lang/Object;Ljava/lang/Object;ZZ)Ljava/lang/Object; @ 203
Event: 54.562 Thread 0x00007fc53400b000 Uncommon trap: reason=bimorphic action=maybe_recompile pc=0x00007fc52583109c method=java.util.HashMap.putVal(ILjava/lang/Object;Ljava/lang/Object;ZZ)Ljava/lang/Object; @ 203
Event: 55.577 Thread 0x00007fc53400b000 Uncommon trap: reason=unstable_if action=reinterpret pc=0x00007fc525c31214 method=java.util.Formatter$FormatSpecifier.index(Ljava/lang/String;)I @ 1
Event: 58.004 Thread 0x00007fc53400b000 Uncommon trap: reason=predicate action=maybe_recompile pc=0x00007fc525c805a0 method=java.util.AbstractCollection.toArray([Ljava/lang/Object;)[Ljava/lang/Object; @ 49
Event: 60.151 Thread 0x00007fc53400b000 Uncommon trap: reason=unstable_if action=reinterpret pc=0x00007fc5253f8d2c method=org.objectweb.asm.Item.isEqualTo(Lorg/objectweb/asm/Item;)Z @ 217
Event: 60.482 Thread 0x00007fc53400b000 Uncommon trap: reason=array_check action=maybe_recompile pc=0x00007fc525cf8854 method=java.util.AbstractCollection.toArray([Ljava/lang/Object;)[Ljava/lang/Object; @ 119
Event: 60.492 Thread 0x00007fc53400b000 Uncommon trap: reason=array_check action=maybe_recompile pc=0x00007fc525cf8854 method=java.util.AbstractCollection.toArray([Ljava/lang/Object;)[Ljava/lang/Object; @ 119
Event: 60.495 Thread 0x00007fc53400b000 Uncommon trap: reason=array_check action=maybe_recompile pc=0x00007fc525cf8854 method=java.util.AbstractCollection.toArray([Ljava/lang/Object;)[Ljava/lang/Object; @ 119
Event: 60.582 Thread 0x00007fc53400b000 Uncommon trap: reason=array_check action=maybe_recompile pc=0x00007fc525cf8854 method=java.util.AbstractCollection.toArray([Ljava/lang/Object;)[Ljava/lang/Object; @ 119

Classes redefined (0 events):
No events

Internal exceptions (10 events):
Event: 59.950 Thread 0x00007fc53400b000 Implicit null exception at 0x00007fc525573bac to 0x00007fc525574e1e
Event: 59.950 Thread 0x00007fc53400b000 Exception <a 'java/lang/NullPointerException'> (0x00000000ea2532c8) thrown at [/build/openjdk-8-piDAoU/openjdk-8-8u252-b09/src/hotspot/src/share/vm/runtime/sharedRuntime.cpp, line 605]
Event: 60.330 Thread 0x00007fc53400b000 Implicit null exception at 0x00007fc525573bac to 0x00007fc525574e1e
Event: 60.352 Thread 0x00007fc53400b000 Exception <a 'java/lang/NullPointerException'> (0x00000000eca2a4a0) thrown at [/build/openjdk-8-piDAoU/openjdk-8-8u252-b09/src/hotspot/src/share/vm/runtime/sharedRuntime.cpp, line 605]
Event: 60.589 Thread 0x00007fc53400b000 Implicit null exception at 0x00007fc525573bac to 0x00007fc525574e1e
Event: 60.589 Thread 0x00007fc53400b000 Exception <a 'java/lang/NullPointerException'> (0x00000000ed3db3c8) thrown at [/build/openjdk-8-piDAoU/openjdk-8-8u252-b09/src/hotspot/src/share/vm/runtime/sharedRuntime.cpp, line 605]
Event: 60.879 Thread 0x00007fc53400b000 Implicit null exception at 0x00007fc525573bac to 0x00007fc525574e1e
Event: 60.879 Thread 0x00007fc53400b000 Exception <a 'java/lang/NullPointerException'> (0x00000000efe97420) thrown at [/build/openjdk-8-piDAoU/openjdk-8-8u252-b09/src/hotspot/src/share/vm/runtime/sharedRuntime.cpp, line 605]
Event: 60.893 Thread 0x00007fc53400b000 Implicit null exception at 0x00007fc525573bac to 0x00007fc525574e1e
Event: 60.893 Thread 0x00007fc53400b000 Exception <a 'java/lang/NullPointerException'> (0x00000000f002a4d0) thrown at [/build/openjdk-8-piDAoU/openjdk-8-8u252-b09/src/hotspot/src/share/vm/runtime/sharedRuntime.cpp, line 605]

Events (10 events):
Event: 60.894 loading class net/minecraft/util/math/Vec3d
Event: 60.894 loading class net/minecraft/util/math/Vec3d done
Event: 60.911 loading class net/minecraft/world/Explosion
Event: 60.911 loading class net/minecraft/world/Explosion done
Event: 60.946 Thread 0x00007fc53400b000 DEOPT PACKING pc=0x00007fc525cea3d5 sp=0x00007fc53d414e10
Event: 60.946 Thread 0x00007fc53400b000 DEOPT UNPACKING pc=0x00007fc5250474c4 sp=0x00007fc53d414c50 mode 0
Event: 60.956 Executing VM operation: ParallelGCFailedAllocation
Event: 61.400 Executing VM operation: ParallelGCFailedAllocation done
Event: 61.416 Executing VM operation: RevokeBias
Event: 61.443 Executing VM operation: RevokeBias done


Dynamic libraries:
80000000-100380000 rw-p 00000000 00:00 0 
100380000-140000000 ---p 00000000 00:00 0 
561b5da39000-561b5da3a000 r-xp 00000000 fc:01 776843                     /usr/lib/jvm/java-8-openjdk-amd64/jre/bin/java
561b5dc39000-561b5dc3a000 r--p 00000000 fc:01 776843                     /usr/lib/jvm/java-8-openjdk-amd64/jre/bin/java
561b5dc3a000-561b5dc3b000 rw-p 00001000 fc:01 776843                     /usr/lib/jvm/java-8-openjdk-amd64/jre/bin/java
561b5ee25000-561b5ee46000 rw-p 00000000 00:00 0                          [heap]
7fc4f0000000-7fc4f0021000 rw-p 00000000 00:00 0 
7fc4f0021000-7fc4f4000000 ---p 00000000 00:00 0 
7fc4f4000000-7fc4f4021000 rw-p 00000000 00:00 0 
7fc4f4021000-7fc4f8000000 ---p 00000000 00:00 0 
7fc4f8000000-7fc4f94be000 rw-p 00000000 00:00 0 
7fc4f94be000-7fc4fc000000 ---p 00000000 00:00 0 
7fc4fc000000-7fc4fc021000 rw-p 00000000 00:00 0 
7fc4fc021000-7fc500000000 ---p 00000000 00:00 0 
7fc500000000-7fc5025f6000 rw-p 00000000 00:00 0 
7fc5025f6000-7fc504000000 ---p 00000000 00:00 0 
7fc504000000-7fc504021000 rw-p 00000000 00:00 0 
7fc504021000-7fc508000000 ---p 00000000 00:00 0 
7fc509bae000-7fc509d2e000 rw-p 00000000 00:00 0 
7fc509d2e000-7fc509dae000 ---p 00000000 00:00 0 
7fc509dae000-7fc509fae000 rw-p 00000000 00:00 0 
7fc509fae000-7fc50a1ae000 rw-p 00000000 00:00 0 
7fc50a1ae000-7fc50a3ae000 rw-p 00000000 00:00 0 
7fc50a3ae000-7fc50a3c4000 r-xp 00000000 fc:01 776887                     /usr/lib/jvm/java-8-openjdk-amd64/jre/lib/amd64/libunpack.so
7fc50a3c4000-7fc50a5c3000 ---p 00016000 fc:01 776887                     /usr/lib/jvm/java-8-openjdk-amd64/jre/lib/amd64/libunpack.so
7fc50a5c3000-7fc50a5c5000 r--p 00015000 fc:01 776887                     /usr/lib/jvm/java-8-openjdk-amd64/jre/lib/amd64/libunpack.so
7fc50a5c5000-7fc50a5c6000 rw-p 00017000 fc:01 776887                     /usr/lib/jvm/java-8-openjdk-amd64/jre/lib/amd64/libunpack.so
7fc50a5c6000-7fc50a5c7000 rw-p 00000000 00:00 0 
7fc50a5c7000-7fc50a5da000 r--s 00346000 fc:01 776931                     /usr/lib/jvm/java-8-openjdk-amd64/jre/lib/resources.jar
7fc50a5da000-7fc50a7da000 rw-p 00000000 00:00 0 
7fc50a7da000-7fc50a911000 r--s 01409000 fc:01 778242                     /opt/pixelmon/forge/mods/spongeforge-1.12.2-2838-7.2.3-RC4035.jar
7fc50a911000-7fc50aa47000 r--s 013e1000 fc:01 778241                     /opt/pixelmon/forge/mods/spongeforge-1.12.2-2838-7.2.1.jar
7fc50aa47000-7fc50aa4b000 r--s 00028000 fc:01 778214                     /opt/pixelmon/forge/mods/Mirage-1.3.15.jar
7fc50aa4b000-7fc50ac4b000 rw-p 00000000 00:00 0 
7fc50ac4b000-7fc50ac4e000 ---p 00000000 00:00 0 
7fc50ac4e000-7fc50ac84000 rw-p 00000000 00:00 0 
7fc50ac84000-7fc50ac85000 r--p 00000000 00:00 0 
7fc50ac85000-7fc50ae85000 rw-p 00000000 00:00 0 
7fc50ae85000-7fc50b085000 rw-p 00000000 00:00 0 
7fc50b085000-7fc50b285000 rw-p 00000000 00:00 0 
7fc50b285000-7fc50b28e000 r-xp 00000000 fc:01 776879                     /usr/lib/jvm/java-8-openjdk-amd64/jre/lib/amd64/libmanagement.so
7fc50b28e000-7fc50b48d000 ---p 00009000 fc:01 776879                     /usr/lib/jvm/java-8-openjdk-amd64/jre/lib/amd64/libmanagement.so
7fc50b48d000-7fc50b48e000 r--p 00008000 fc:01 776879                     /usr/lib/jvm/java-8-openjdk-amd64/jre/lib/amd64/libmanagement.so
7fc50b48e000-7fc50b48f000 rw-p 00009000 fc:01 776879                     /usr/lib/jvm/java-8-openjdk-amd64/jre/lib/amd64/libmanagement.so
7fc50b48f000-7fc50b691000 r--s 01ad1000 fc:01 778190                     /opt/pixelmon/forge/minecraft_server.1.12.2.jar
7fc50b691000-7fc50b694000 r--s 00011000 fc:01 778047                     /opt/pixelmon/forge/libraries/net/sf/jopt-simple/jopt-simple/5.0.3/jopt-simple-5.0.3.jar
7fc50b694000-7fc50b696000 r--s 0000c000 fc:01 778057                     /opt/pixelmon/forge/libraries/org/apache/maven/maven-artifact/3.5.3/maven-artifact-3.5.3.jar
7fc50b696000-7fc50b6e1000 r--s 003e1000 fc:01 778089                     /opt/pixelmon/forge/libraries/org/scala-lang/scala-reflect/2.11.1/scala-reflect-2.11.1.jar
7fc50b6e1000-7fc50b7d1000 r--s 00be4000 fc:01 778080                     /opt/pixelmon/forge/libraries/org/scala-lang/scala-compiler/2.11.1/scala-compiler-2.11.1.jar
7fc50b7d1000-7fc50b7e8000 r-xp 00000000 fc:01 776881                     /usr/lib/jvm/java-8-openjdk-amd64/jre/lib/amd64/libnet.so
7fc50b7e8000-7fc50b9e7000 ---p 00017000 fc:01 776881                     /usr/lib/jvm/java-8-openjdk-amd64/jre/lib/amd64/libnet.so
7fc50b9e7000-7fc50b9e8000 r--p 00016000 fc:01 776881                     /usr/lib/jvm/java-8-openjdk-amd64/jre/lib/amd64/libnet.so
7fc50b9e8000-7fc50b9e9000 rw-p 00017000 fc:01 776881                     /usr/lib/jvm/java-8-openjdk-amd64/jre/lib/amd64/libnet.so
7fc50b9e9000-7fc50b9fb000 r-xp 00000000 fc:01 776882                     /usr/lib/jvm/java-8-openjdk-amd64/jre/lib/amd64/libnio.so
7fc50b9fb000-7fc50bbfa000 ---p 00012000 fc:01 776882                     /usr/lib/jvm/java-8-openjdk-amd64/jre/lib/amd64/libnio.so
7fc50bbfa000-7fc50bbfb000 r--p 00011000 fc:01 776882                     /usr/lib/jvm/java-8-openjdk-amd64/jre/lib/amd64/libnio.so
7fc50bbfb000-7fc50bbfc000 rw-p 00012000 fc:01 776882                     /usr/lib/jvm/java-8-openjdk-amd64/jre/lib/amd64/libnio.so
7fc50bbfc000-7fc50bbfd000 ---p 00000000 00:00 0 
7fc50bbfd000-7fc50bcfd000 rw-p 00000000 00:00 0 
7fc50bcfd000-7fc50bd00000 ---p 00000000 00:00 0 
7fc50bd00000-7fc50bdfe000 rw-p 00000000 00:00 0 
7fc50bdfe000-7fc50bdff000 ---p 00000000 00:00 0 
7fc50bdff000-7fc50be02000 ---p 00000000 00:00 0 
7fc50be02000-7fc50beff000 rw-p 00000000 00:00 0 
7fc50beff000-7fc50bf00000 ---p 00000000 00:00 0 
7fc50bf00000-7fc50bf03000 ---p 00000000 00:00 0 
7fc50bf03000-7fc50c000000 rw-p 00000000 00:00 0 
7fc50c000000-7fc50c021000 rw-p 00000000 00:00 0 
7fc50c021000-7fc510000000 ---p 00000000 00:00 0 
7fc510000000-7fc510021000 rw-p 00000000 00:00 0 
7fc510021000-7fc514000000 ---p 00000000 00:00 0 
7fc514000000-7fc514021000 rw-p 00000000 00:00 0 
7fc514021000-7fc518000000 ---p 00000000 00:00 0 
7fc518000000-7fc518021000 rw-p 00000000 00:00 0 
7fc518021000-7fc51c000000 ---p 00000000 00:00 0 
7fc51c000000-7fc51c021000 rw-p 00000000 00:00 0 
7fc51c021000-7fc520000000 ---p 00000000 00:00 0 
7fc520000000-7fc520028000 r--s 00241000 fc:01 778051                     /opt/pixelmon/forge/libraries/net/sf/trove4j/trove4j/3.0.3/trove4j-3.0.3.jar
7fc520028000-7fc52002a000 r--s 0004c000 fc:01 778029                     /opt/pixelmon/forge/libraries/java3d/vecmath/1.5.2/vecmath-1.5.2.jar
7fc52002a000-7fc52002b000 r--s 00001000 fc:01 778033                     /opt/pixelmon/forge/libraries/lzma/lzma/0.0.1/lzma-0.0.1.jar
7fc52002b000-7fc520035000 r--s 00095000 fc:01 778095                     /opt/pixelmon/forge/libraries/org/scala-lang/scala-xml_2.11/1.0.2/scala-xml_2.11-1.0.2.jar
7fc520035000-7fc520040000 r--s 000a7000 fc:01 778092                     /opt/pixelmon/forge/libraries/org/scala-lang/scala-swing_2.11/1.0.1/scala-swing_2.11-1.0.1.jar
7fc520040000-7fc52004b000 r--s 0005c000 fc:01 778086                     /opt/pixelmon/forge/libraries/org/scala-lang/scala-parser-combinators_2.11/1.0.1/scala-parser-combinators_2.11-1.0.1.jar
7fc52004b000-7fc5200a4000 r--s 004f0000 fc:01 778083                     /opt/pixelmon/forge/libraries/org/scala-lang/scala-library/2.11.1/scala-library-2.11.1.jar
7fc5200a4000-7fc5200a9000 r--s 0002e000 fc:01 778074                     /opt/pixelmon/forge/libraries/org/scala-lang/plugins/scala-continuations-plugin_2.11.1/1.0.2_mc/scala-continuations-plugin_2.11.1-1.0.2_mc.jar
7fc5200a9000-7fc5200ab000 r--s 00005000 fc:01 778071                     /opt/pixelmon/forge/libraries/org/scala-lang/plugins/scala-continuations-library_2.11/1.0.2_mc/scala-continuations-library_2.11-1.0.2_mc.jar
7fc5200ab000-7fc5200ad000 r--s 0000d000 fc:01 778077                     /opt/pixelmon/forge/libraries/org/scala-lang/scala-actors-migration_2.11/1.1.0/scala-actors-migration_2.11-1.1.0.jar
7fc5200ad000-7fc5200b1000 r--s 00032000 fc:01 778025                     /opt/pixelmon/forge/libraries/com/typesafe/config/1.2.1/config-1.2.1.jar
7fc5200b1000-7fc5200d7000 r--s 00241000 fc:01 778022                     /opt/pixelmon/forge/libraries/com/typesafe/akka/akka-actor_2.11/2.3.3/akka-actor_2.11-2.3.3.jar
7fc5200d7000-7fc5200df000 r--s 0008f000 fc:01 778061                     /opt/pixelmon/forge/libraries/org/jline/jline/3.5.1/jline-3.5.1.jar
7fc5200df000-7fc5200e1000 r--s 00007000 fc:01 778038                     /opt/pixelmon/forge/libraries/net/minecraft/launchwrapper/1.12/launchwrapper-1.12.jar
7fc5200e1000-7fc5200e6000 r--s 0005a000 fc:01 778066                     /opt/pixelmon/forge/libraries/org/ow2/asm/asm-debug-all/5.2/asm-debug-all-5.2.jar
7fc5200e6000-7fc5200e9000 ---p 00000000 00:00 0 
7fc5200e9000-7fc5201e7000 rw-p 00000000 00:00 0 
7fc5201e7000-7fc52035a000 r--p 00000000 fc:01 7801                       /usr/lib/locale/C.UTF-8/LC_COLLATE
7fc52035a000-7fc5204f5000 r--p 00000000 fc:01 7796                       /usr/lib/locale/locale-archive
7fc5204f5000-7fc5204f8000 ---p 00000000 00:00 0 
7fc5204f8000-7fc5205f6000 rw-p 00000000 00:00 0 
7fc5205f6000-7fc5205f9000 ---p 00000000 00:00 0 
7fc5205f9000-7fc5206f7000 rw-p 00000000 00:00 0 
7fc5206f7000-7fc5206f8000 ---p 00000000 00:00 0 
7fc5206f8000-7fc525000000 rw-p 00000000 00:00 0 
7fc525000000-7fc525d20000 rwxp 00000000 00:00 0 
7fc525d30000-7fc534000000 ---p 00000000 00:00 0 
7fc534000000-7fc534fa2000 rw-p 00000000 00:00 0 
7fc534fa2000-7fc538000000 ---p 00000000 00:00 0 
7fc538000000-7fc538002000 r--s 00016000 fc:01 776924                     /usr/lib/jvm/java-8-openjdk-amd64/jre/lib/jce.jar
7fc538002000-7fc538007000 r--s 000a7000 fc:01 776926                     /usr/lib/jvm/java-8-openjdk-amd64/jre/lib/jsse.jar
7fc538007000-7fc538030000 r--s 00419000 fc:01 778013                     /opt/pixelmon/forge/forge.jar
7fc538030000-7fc53804b000 r--s 001d6000 fc:01 776908                     /usr/lib/jvm/java-8-openjdk-amd64/jre/lib/ext/nashorn.jar
7fc53804b000-7fc53804f000 r--s 0003a000 fc:01 776911                     /usr/lib/jvm/java-8-openjdk-amd64/jre/lib/ext/sunpkcs11.jar
7fc53804f000-7fc538055000 r--s 0003d000 fc:01 776910                     /usr/lib/jvm/java-8-openjdk-amd64/jre/lib/ext/sunjce_provider.jar
7fc538055000-7fc538056000 r--s 00010000 fc:01 776912                     /usr/lib/jvm/java-8-openjdk-amd64/jre/lib/ext/zipfs.jar
7fc538056000-7fc538057000 r--s 0000a000 fc:01 776906                     /usr/lib/jvm/java-8-openjdk-amd64/jre/lib/ext/jaccess.jar
7fc538057000-7fc538059000 r--s 00007000 fc:01 68595                      /usr/share/java/java-atk-wrapper.jar
7fc538059000-7fc538074000 r--s 00394000 fc:01 776903                     /usr/lib/jvm/java-8-openjdk-amd64/jre/lib/ext/cldrdata.jar
7fc538074000-7fc538075000 r--s 0000d000 fc:01 776909                     /usr/lib/jvm/java-8-openjdk-amd64/jre/lib/ext/sunec.jar
7fc538075000-7fc5380a6000 r--p 00000000 fc:01 7802                       /usr/lib/locale/C.UTF-8/LC_CTYPE
7fc5380a6000-7fc5381a7000 rw-p 00000000 00:00 0 
7fc5381a7000-7fc538379000 r--s 03ca5000 fc:01 776932                     /usr/lib/jvm/java-8-openjdk-amd64/jre/lib/rt.jar
7fc538379000-7fc538fef000 rw-p 00000000 00:00 0 
7fc538fef000-7fc538ff0000 ---p 00000000 00:00 0 
7fc538ff0000-7fc5390f0000 rw-p 00000000 00:00 0 
7fc5390f0000-7fc5390f1000 ---p 00000000 00:00 0 
7fc5390f1000-7fc5398d2000 rw-p 00000000 00:00 0 
7fc5398d2000-7fc539c5d000 ---p 00000000 00:00 0 
7fc539c5d000-7fc539c65000 r-xp 00000000 fc:01 776889                     /usr/lib/jvm/java-8-openjdk-amd64/jre/lib/amd64/libzip.so
7fc539c65000-7fc539e64000 ---p 00008000 fc:01 776889                     /usr/lib/jvm/java-8-openjdk-amd64/jre/lib/amd64/libzip.so
7fc539e64000-7fc539e65000 r--p 00007000 fc:01 776889                     /usr/lib/jvm/java-8-openjdk-amd64/jre/lib/amd64/libzip.so
7fc539e65000-7fc539e66000 rw-p 00008000 fc:01 776889                     /usr/lib/jvm/java-8-openjdk-amd64/jre/lib/amd64/libzip.so
7fc539e66000-7fc539e71000 r-xp 00000000 fc:01 2093                       /lib/x86_64-linux-gnu/libnss_files-2.27.so
7fc539e71000-7fc53a070000 ---p 0000b000 fc:01 2093                       /lib/x86_64-linux-gnu/libnss_files-2.27.so
7fc53a070000-7fc53a071000 r--p 0000a000 fc:01 2093                       /lib/x86_64-linux-gnu/libnss_files-2.27.so
7fc53a071000-7fc53a072000 rw-p 0000b000 fc:01 2093                       /lib/x86_64-linux-gnu/libnss_files-2.27.so
7fc53a072000-7fc53a078000 rw-p 00000000 00:00 0 
7fc53a078000-7fc53a08f000 r-xp 00000000 fc:01 2090                       /lib/x86_64-linux-gnu/libnsl-2.27.so
7fc53a08f000-7fc53a28e000 ---p 00017000 fc:01 2090                       /lib/x86_64-linux-gnu/libnsl-2.27.so
7fc53a28e000-7fc53a28f000 r--p 00016000 fc:01 2090                       /lib/x86_64-linux-gnu/libnsl-2.27.so
7fc53a28f000-7fc53a290000 rw-p 00017000 fc:01 2090                       /lib/x86_64-linux-gnu/libnsl-2.27.so
7fc53a290000-7fc53a292000 rw-p 00000000 00:00 0 
7fc53a292000-7fc53a29d000 r-xp 00000000 fc:01 2095                       /lib/x86_64-linux-gnu/libnss_nis-2.27.so
7fc53a29d000-7fc53a49c000 ---p 0000b000 fc:01 2095                       /lib/x86_64-linux-gnu/libnss_nis-2.27.so
7fc53a49c000-7fc53a49d000 r--p 0000a000 fc:01 2095                       /lib/x86_64-linux-gnu/libnss_nis-2.27.so
7fc53a49d000-7fc53a49e000 rw-p 0000b000 fc:01 2095                       /lib/x86_64-linux-gnu/libnss_nis-2.27.so
7fc53a49e000-7fc53a4a6000 r-xp 00000000 fc:01 2091                       /lib/x86_64-linux-gnu/libnss_compat-2.27.so
7fc53a4a6000-7fc53a6a6000 ---p 00008000 fc:01 2091                       /lib/x86_64-linux-gnu/libnss_compat-2.27.so
7fc53a6a6000-7fc53a6a7000 r--p 00008000 fc:01 2091                       /lib/x86_64-linux-gnu/libnss_compat-2.27.so
7fc53a6a7000-7fc53a6a8000 rw-p 00009000 fc:01 2091                       /lib/x86_64-linux-gnu/libnss_compat-2.27.so
7fc53a6a8000-7fc53a6d2000 r-xp 00000000 fc:01 776870                     /usr/lib/jvm/java-8-openjdk-amd64/jre/lib/amd64/libjava.so
7fc53a6d2000-7fc53a8d1000 ---p 0002a000 fc:01 776870                     /usr/lib/jvm/java-8-openjdk-amd64/jre/lib/amd64/libjava.so
7fc53a8d1000-7fc53a8d2000 r--p 00029000 fc:01 776870                     /usr/lib/jvm/java-8-openjdk-amd64/jre/lib/amd64/libjava.so
7fc53a8d2000-7fc53a8d4000 rw-p 0002a000 fc:01 776870                     /usr/lib/jvm/java-8-openjdk-amd64/jre/lib/amd64/libjava.so
7fc53a8d4000-7fc53a8e4000 r-xp 00000000 fc:01 776888                     /usr/lib/jvm/java-8-openjdk-amd64/jre/lib/amd64/libverify.so
7fc53a8e4000-7fc53aae3000 ---p 00010000 fc:01 776888                     /usr/lib/jvm/java-8-openjdk-amd64/jre/lib/amd64/libverify.so
7fc53aae3000-7fc53aae5000 r--p 0000f000 fc:01 776888                     /usr/lib/jvm/java-8-openjdk-amd64/jre/lib/amd64/libverify.so
7fc53aae5000-7fc53aae6000 rw-p 00011000 fc:01 776888                     /usr/lib/jvm/java-8-openjdk-amd64/jre/lib/amd64/libverify.so
7fc53aae6000-7fc53aaed000 r-xp 00000000 fc:01 2180                       /lib/x86_64-linux-gnu/librt-2.27.so
7fc53aaed000-7fc53acec000 ---p 00007000 fc:01 2180                       /lib/x86_64-linux-gnu/librt-2.27.so
7fc53acec000-7fc53aced000 r--p 00006000 fc:01 2180                       /lib/x86_64-linux-gnu/librt-2.27.so
7fc53aced000-7fc53acee000 rw-p 00007000 fc:01 2180                       /lib/x86_64-linux-gnu/librt-2.27.so
7fc53acee000-7fc53ad05000 r-xp 00000000 fc:01 10474                      /lib/x86_64-linux-gnu/libgcc_s.so.1
7fc53ad05000-7fc53af04000 ---p 00017000 fc:01 10474                      /lib/x86_64-linux-gnu/libgcc_s.so.1
7fc53af04000-7fc53af05000 r--p 00016000 fc:01 10474                      /lib/x86_64-linux-gnu/libgcc_s.so.1
7fc53af05000-7fc53af06000 rw-p 00017000 fc:01 10474                      /lib/x86_64-linux-gnu/libgcc_s.so.1
7fc53af06000-7fc53b0a3000 r-xp 00000000 fc:01 2087                       /lib/x86_64-linux-gnu/libm-2.27.so
7fc53b0a3000-7fc53b2a2000 ---p 0019d000 fc:01 2087                       /lib/x86_64-linux-gnu/libm-2.27.so
7fc53b2a2000-7fc53b2a3000 r--p 0019c000 fc:01 2087                       /lib/x86_64-linux-gnu/libm-2.27.so
7fc53b2a3000-7fc53b2a4000 rw-p 0019d000 fc:01 2087                       /lib/x86_64-linux-gnu/libm-2.27.so
7fc53b2a4000-7fc53b41d000 r-xp 00000000 fc:01 10548                      /usr/lib/x86_64-linux-gnu/libstdc++.so.6.0.25
7fc53b41d000-7fc53b61d000 ---p 00179000 fc:01 10548                      /usr/lib/x86_64-linux-gnu/libstdc++.so.6.0.25
7fc53b61d000-7fc53b627000 r--p 00179000 fc:01 10548                      /usr/lib/x86_64-linux-gnu/libstdc++.so.6.0.25
7fc53b627000-7fc53b629000 rw-p 00183000 fc:01 10548                      /usr/lib/x86_64-linux-gnu/libstdc++.so.6.0.25
7fc53b629000-7fc53b62d000 rw-p 00000000 00:00 0 
7fc53b62d000-7fc53c2d1000 r-xp 00000000 fc:01 776892                     /usr/lib/jvm/java-8-openjdk-amd64/jre/lib/amd64/server/libjvm.so
7fc53c2d1000-7fc53c4d1000 ---p 00ca4000 fc:01 776892                     /usr/lib/jvm/java-8-openjdk-amd64/jre/lib/amd64/server/libjvm.so
7fc53c4d1000-7fc53c565000 r--p 00ca4000 fc:01 776892                     /usr/lib/jvm/java-8-openjdk-amd64/jre/lib/amd64/server/libjvm.so
7fc53c565000-7fc53c58e000 rw-p 00d38000 fc:01 776892                     /usr/lib/jvm/java-8-openjdk-amd64/jre/lib/amd64/server/libjvm.so
7fc53c58e000-7fc53c5be000 rw-p 00000000 00:00 0 
7fc53c5be000-7fc53c5d8000 r-xp 00000000 fc:01 2178                       /lib/x86_64-linux-gnu/libpthread-2.27.so
7fc53c5d8000-7fc53c7d7000 ---p 0001a000 fc:01 2178                       /lib/x86_64-linux-gnu/libpthread-2.27.so
7fc53c7d7000-7fc53c7d8000 r--p 00019000 fc:01 2178                       /lib/x86_64-linux-gnu/libpthread-2.27.so
7fc53c7d8000-7fc53c7d9000 rw-p 0001a000 fc:01 2178                       /lib/x86_64-linux-gnu/libpthread-2.27.so
7fc53c7d9000-7fc53c7dd000 rw-p 00000000 00:00 0 
7fc53c7dd000-7fc53c7e0000 r-xp 00000000 fc:01 2086                       /lib/x86_64-linux-gnu/libdl-2.27.so
7fc53c7e0000-7fc53c9df000 ---p 00003000 fc:01 2086                       /lib/x86_64-linux-gnu/libdl-2.27.so
7fc53c9df000-7fc53c9e0000 r--p 00002000 fc:01 2086                       /lib/x86_64-linux-gnu/libdl-2.27.so
7fc53c9e0000-7fc53c9e1000 rw-p 00003000 fc:01 2086                       /lib/x86_64-linux-gnu/libdl-2.27.so
7fc53c9e1000-7fc53c9fd000 r-xp 00000000 fc:01 2183                       /lib/x86_64-linux-gnu/libz.so.1.2.11
7fc53c9fd000-7fc53cbfc000 ---p 0001c000 fc:01 2183                       /lib/x86_64-linux-gnu/libz.so.1.2.11
7fc53cbfc000-7fc53cbfd000 r--p 0001b000 fc:01 2183                       /lib/x86_64-linux-gnu/libz.so.1.2.11
7fc53cbfd000-7fc53cbfe000 rw-p 0001c000 fc:01 2183                       /lib/x86_64-linux-gnu/libz.so.1.2.11
7fc53cbfe000-7fc53cde5000 r-xp 00000000 fc:01 2083                       /lib/x86_64-linux-gnu/libc-2.27.so
7fc53cde5000-7fc53cfe5000 ---p 001e7000 fc:01 2083                       /lib/x86_64-linux-gnu/libc-2.27.so
7fc53cfe5000-7fc53cfe9000 r--p 001e7000 fc:01 2083                       /lib/x86_64-linux-gnu/libc-2.27.so
7fc53cfe9000-7fc53cfeb000 rw-p 001eb000 fc:01 2083                       /lib/x86_64-linux-gnu/libc-2.27.so
7fc53cfeb000-7fc53cfef000 rw-p 00000000 00:00 0 
7fc53cfef000-7fc53cffd000 r-xp 00000000 fc:01 776856                     /usr/lib/jvm/java-8-openjdk-amd64/jre/lib/amd64/jli/libjli.so
7fc53cffd000-7fc53d1fc000 ---p 0000e000 fc:01 776856                     /usr/lib/jvm/java-8-openjdk-amd64/jre/lib/amd64/jli/libjli.so
7fc53d1fc000-7fc53d1fd000 r--p 0000d000 fc:01 776856                     /usr/lib/jvm/java-8-openjdk-amd64/jre/lib/amd64/jli/libjli.so
7fc53d1fd000-7fc53d1fe000 rw-p 0000e000 fc:01 776856                     /usr/lib/jvm/java-8-openjdk-amd64/jre/lib/amd64/jli/libjli.so
7fc53d1fe000-7fc53d225000 r-xp 00000000 fc:01 2079                       /lib/x86_64-linux-gnu/ld-2.27.so
7fc53d225000-7fc53d227000 r--s 00001000 fc:01 776904                     /usr/lib/jvm/java-8-openjdk-amd64/jre/lib/ext/dnsns.jar
7fc53d227000-7fc53d22a000 r--s 0000f000 fc:01 776905                     /usr/lib/jvm/java-8-openjdk-amd64/jre/lib/ext/icedtea-sound.jar
7fc53d22a000-7fc53d234000 r--s 00116000 fc:01 776907                     /usr/lib/jvm/java-8-openjdk-amd64/jre/lib/ext/localedata.jar
7fc53d234000-7fc53d235000 r--p 00000000 fc:01 7807                       /usr/lib/locale/C.UTF-8/LC_NUMERIC
7fc53d235000-7fc53d236000 r--p 00000000 fc:01 7810                       /usr/lib/locale/C.UTF-8/LC_TIME
7fc53d236000-7fc53d237000 r--p 00000000 fc:01 7805                       /usr/lib/locale/C.UTF-8/LC_MONETARY
7fc53d237000-7fc53d238000 r--p 00000000 fc:01 7799                       /usr/lib/locale/C.UTF-8/LC_MESSAGES/SYS_LC_MESSAGES
7fc53d238000-7fc53d23f000 r--s 00000000 fc:01 5010                       /usr/lib/x86_64-linux-gnu/gconv/gconv-modules.cache
7fc53d23f000-7fc53d310000 rw-p 00000000 00:00 0 
7fc53d310000-7fc53d318000 rw-s 00000000 fc:01 1811170                    /tmp/hsperfdata_root/17435
7fc53d318000-7fc53d319000 ---p 00000000 00:00 0 
7fc53d319000-7fc53d31c000 ---p 00000000 00:00 0 
7fc53d31c000-7fc53d41b000 rw-p 00000000 00:00 0 
7fc53d41b000-7fc53d41c000 r--p 00000000 fc:01 7808                       /usr/lib/locale/C.UTF-8/LC_PAPER
7fc53d41c000-7fc53d41d000 r--p 00000000 fc:01 7806                       /usr/lib/locale/C.UTF-8/LC_NAME
7fc53d41d000-7fc53d41e000 r--p 00000000 fc:01 7800                       /usr/lib/locale/C.UTF-8/LC_ADDRESS
7fc53d41e000-7fc53d41f000 r--p 00000000 fc:01 7809                       /usr/lib/locale/C.UTF-8/LC_TELEPHONE
7fc53d41f000-7fc53d420000 r--p 00000000 fc:01 7804                       /usr/lib/locale/C.UTF-8/LC_MEASUREMENT
7fc53d420000-7fc53d421000 r--p 00000000 fc:01 7803                       /usr/lib/locale/C.UTF-8/LC_IDENTIFICATION
7fc53d421000-7fc53d422000 rw-p 00000000 00:00 0 
7fc53d422000-7fc53d423000 r--p 00000000 00:00 0 
7fc53d423000-7fc53d425000 rw-p 00000000 00:00 0 
7fc53d425000-7fc53d426000 r--p 00027000 fc:01 2079                       /lib/x86_64-linux-gnu/ld-2.27.so
7fc53d426000-7fc53d427000 rw-p 00028000 fc:01 2079                       /lib/x86_64-linux-gnu/ld-2.27.so
7fc53d427000-7fc53d428000 rw-p 00000000 00:00 0 
7ffd0bc03000-7ffd0bc24000 rw-p 00000000 00:00 0                          [stack]
7ffd0bd6d000-7ffd0bd70000 r--p 00000000 00:00 0                          [vvar]
7ffd0bd70000-7ffd0bd72000 r-xp 00000000 00:00 0                          [vdso]
ffffffffff600000-ffffffffff601000 r-xp 00000000 00:00 0                  [vsyscall]

VM Arguments:
jvm_args: -Xms2G -Xmx2G 
java_command: forge.jar nogui
java_class_path (initial): forge.jar
Launcher Type: SUN_STANDARD

Environment Variables:
PATH=/usr/bin:/bin
SHELL=/bin/sh

Signal Handlers:
SIGSEGV: [libjvm.so+0xabd470], sa_mask[0]=11111111011111111101111111111110, sa_flags=SA_RESTART|SA_SIGINFO
SIGBUS: [libjvm.so+0xabd470], sa_mask[0]=11111111011111111101111111111110, sa_flags=SA_RESTART|SA_SIGINFO
SIGFPE: [libjvm.so+0x8f1c90], sa_mask[0]=11111111011111111101111111111110, sa_flags=SA_RESTART|SA_SIGINFO
SIGPIPE: [libjvm.so+0x8f1c90], sa_mask[0]=11111111011111111101111111111110, sa_flags=SA_RESTART|SA_SIGINFO
SIGXFSZ: [libjvm.so+0x8f1c90], sa_mask[0]=11111111011111111101111111111110, sa_flags=SA_RESTART|SA_SIGINFO
SIGILL: [libjvm.so+0x8f1c90], sa_mask[0]=11111111011111111101111111111110, sa_flags=SA_RESTART|SA_SIGINFO
SIGUSR1: SIG_DFL, sa_mask[0]=00000000000000000000000000000000, sa_flags=none
SIGUSR2: [libjvm.so+0x8f1b40], sa_mask[0]=00000000000000000000000000000000, sa_flags=SA_RESTART|SA_SIGINFO
SIGHUP: [libjvm.so+0x8f21b0], sa_mask[0]=11111111011111111101111111111110, sa_flags=SA_RESTART|SA_SIGINFO
SIGINT: [libjvm.so+0x8f21b0], sa_mask[0]=11111111011111111101111111111110, sa_flags=SA_RESTART|SA_SIGINFO
SIGTERM: [libjvm.so+0x8f21b0], sa_mask[0]=11111111011111111101111111111110, sa_flags=SA_RESTART|SA_SIGINFO
SIGQUIT: [libjvm.so+0x8f21b0], sa_mask[0]=11111111011111111101111111111110, sa_flags=SA_RESTART|SA_SIGINFO


---------------  S Y S T E M  ---------------

OS:DISTRIB_ID=Ubuntu
DISTRIB_RELEASE=18.04
DISTRIB_CODENAME=bionic
DISTRIB_DESCRIPTION="Ubuntu 18.04.3 LTS"

uname:Linux 4.15.0-101-generic #102-Ubuntu SMP Mon May 11 10:07:26 UTC 2020 x86_64
libc:glibc 2.27 NPTL 2.27 
rlimit: STACK 8192k, CORE 0k, NPROC 15676, NOFILE 1048576, AS infinity
load average:6.27 4.49 2.52

/proc/meminfo:
MemTotal:        4039284 kB
MemFree:           85244 kB
MemAvailable:          0 kB
Buffers:             568 kB
Cached:             7796 kB
SwapCached:            0 kB
Active:          3857332 kB
Inactive:           3796 kB
Active(anon):    3853344 kB
Inactive(anon):      264 kB
Active(file):       3988 kB
Inactive(file):     3532 kB
Unevictable:           0 kB
Mlocked:               0 kB
SwapTotal:             0 kB
SwapFree:              0 kB
Dirty:                 0 kB
Writeback:             0 kB
AnonPages:       3852984 kB
Mapped:             5764 kB
Shmem:               624 kB
Slab:              51788 kB
SReclaimable:      21448 kB
SUnreclaim:        30340 kB
KernelStack:        3856 kB
PageTables:        14152 kB
NFS_Unstable:          0 kB
Bounce:                0 kB
WritebackTmp:          0 kB
CommitLimit:     2019640 kB
Committed_AS:    7289084 kB
VmallocTotal:   34359738367 kB
VmallocUsed:           0 kB
VmallocChunk:          0 kB
HardwareCorrupted:     0 kB
AnonHugePages:         0 kB
ShmemHugePages:        0 kB
ShmemPmdMapped:        0 kB
CmaTotal:              0 kB
CmaFree:               0 kB
HugePages_Total:       0
HugePages_Free:        0
HugePages_Rsvd:        0
HugePages_Surp:        0
Hugepagesize:       2048 kB
DirectMap4k:      108524 kB
DirectMap2M:     4085760 kB
DirectMap1G:           0 kB

container (cgroup) information:
container_type: cgroupv1
cpu_cpuset_cpus: 0-1
cpu_memory_nodes: 0
active_processor_count: 2
cpu_quota: -1
cpu_period: 100000
cpu_shares: -1
memory_limit_in_bytes: -1
memory_and_swap_limit_in_bytes: -2
memory_soft_limit_in_bytes: -1
memory_usage_in_bytes: 2042183680
memory_max_usage_in_bytes: 2495197184


CPU:total 2 (initial active 2) (1 cores per cpu, 1 threads per core) family 6 model 79 stepping 1, cmov, cx8, fxsr, mmx, sse, sse2, sse3, ssse3, sse4.1, sse4.2, popcnt, avx, avx2, aes, clmul, erms, 3dnowpref, lzcnt, tsc, bmi1, bmi2, adx

/proc/cpuinfo:
processor	: 0
vendor_id	: GenuineIntel
cpu family	: 6
model		: 79
model name	: Intel(R) Xeon(R) CPU E5-2650 v4 @ 2.20GHz
stepping	: 1
microcode	: 0x1
cpu MHz		: 2199.998
cache size	: 4096 KB
physical id	: 0
siblings	: 1
core id		: 0
cpu cores	: 1
apicid		: 0
initial apicid	: 0
fpu		: yes
fpu_exception	: yes
cpuid level	: 13
wp		: yes
flags		: fpu vme de pse tsc msr pae mce cx8 apic sep mtrr pge mca cmov pat pse36 clflush mmx fxsr sse sse2 ss syscall nx pdpe1gb rdtscp lm constant_tsc arch_perfmon rep_good nopl cpuid tsc_known_freq pni pclmulqdq vmx ssse3 fma cx16 pcid sse4_1 sse4_2 x2apic movbe popcnt tsc_deadline_timer aes xsave avx f16c rdrand hypervisor lahf_lm abm 3dnowprefetch cpuid_fault invpcid_single pti ssbd ibrs ibpb tpr_shadow vnmi flexpriority ept vpid fsgsbase tsc_adjust bmi1 avx2 smep bmi2 erms invpcid rdseed adx smap xsaveopt md_clear
bugs		: cpu_meltdown spectre_v1 spectre_v2 spec_store_bypass l1tf mds swapgs itlb_multihit
bogomips	: 4399.99
clflush size	: 64
cache_alignment	: 64
address sizes	: 40 bits physical, 48 bits virtual
power management:

processor	: 1
vendor_id	: GenuineIntel
cpu family	: 6
model		: 79
model name	: Intel(R) Xeon(R) CPU E5-2650 v4 @ 2.20GHz
stepping	: 1
microcode	: 0x1
cpu MHz		: 2199.998
cache size	: 4096 KB
physical id	: 1
siblings	: 1
core id		: 0
cpu cores	: 1
apicid		: 1
initial apicid	: 1
fpu		: yes
fpu_exception	: yes
cpuid level	: 13
wp		: yes
flags		: fpu vme de pse tsc msr pae mce cx8 apic sep mtrr pge mca cmov pat pse36 clflush mmx fxsr sse sse2 ss syscall nx pdpe1gb rdtscp lm constant_tsc arch_perfmon rep_good nopl cpuid tsc_known_freq pni pclmulqdq vmx ssse3 fma cx16 pcid sse4_1 sse4_2 x2apic movbe popcnt tsc_deadline_timer aes xsave avx f16c rdrand hypervisor lahf_lm abm 3dnowprefetch cpuid_fault invpcid_single pti ssbd ibrs ibpb tpr_shadow vnmi flexpriority ept vpid fsgsbase tsc_adjust bmi1 avx2 smep bmi2 erms invpcid rdseed adx smap xsaveopt md_clear
bugs		: cpu_meltdown spectre_v1 spectre_v2 spec_store_bypass l1tf mds swapgs itlb_multihit
bogomips	: 4399.99
clflush size	: 64
cache_alignment	: 64
address sizes	: 40 bits physical, 48 bits virtual
power management:



Memory: 4k page, physical 4039284k(85128k free), swap 0k(0k free)

vm_info: OpenJDK 64-Bit Server VM (25.252-b09) for linux-amd64 JRE (1.8.0_252-8u252-b09-1~18.04-b09), built on Apr 15 2020 18:48:05 by "buildd" with gcc 7.5.0

time: Tue Jun  2 05:20:15 2020
timezone: UTC
elapsed time: 61 seconds (0d 0h 1m 1s)

