#
# There is insufficient memory for the Java Runtime Environment to continue.
# Native memory allocation (mmap) failed to map 715653120 bytes for committing reserved memory.
# Possible reasons:
#   The system is out of physical RAM or swap space
#   The process is running with CompressedOops enabled, and the Java Heap may be blocking the growth of the native heap
# Possible solutions:
#   Reduce memory load on the system
#   Increase physical memory or swap space
#   Check if swap backing store is full
#   Decrease Java heap size (-Xmx/-Xms)
#   Decrease number of Java threads
#   Decrease Java thread stack sizes (-Xss)
#   Set larger code cache with -XX:ReservedCodeCacheSize=
# This output file may be truncated or incomplete.
#
#  Out of Memory Error (os_linux.cpp:2757), pid=17577, tid=0x00007fbe5d7a2700
#
# JRE version:  (8.0_252-b09) (build )
# Java VM: OpenJDK 64-Bit Server VM (25.252-b09 mixed mode linux-amd64 compressed oops)
# Failed to write core dump. Core dumps have been disabled. To enable core dumping, try "ulimit -c unlimited" before starting Java again
#

---------------  T H R E A D  ---------------

Current thread (0x00007fbe5400b000):  JavaThread "Unknown thread" [_thread_in_vm, id=17578, stack(0x00007fbe5d6a3000,0x00007fbe5d7a3000)]

Stack: [0x00007fbe5d6a3000,0x00007fbe5d7a3000],  sp=0x00007fbe5d7a15e0,  free space=1017k
Native frames: (J=compiled Java code, j=interpreted, Vv=VM code, C=native code)
V  [libjvm.so+0xabcb22]
V  [libjvm.so+0x4de337]
V  [libjvm.so+0x8f6ad0]
V  [libjvm.so+0x8edb9e]
V  [libjvm.so+0x971536]
V  [libjvm.so+0x973586]
V  [libjvm.so+0x2b5a64]
V  [libjvm.so+0x91e751]
V  [libjvm.so+0xa7ee4a]
V  [libjvm.so+0xa7f145]
V  [libjvm.so+0x62c43f]
V  [libjvm.so+0xa62b93]
V  [libjvm.so+0x6af791]  JNI_CreateJavaVM+0x61
C  [libjli.so+0x2ce3]
C  [libjli.so+0x78cd]
C  [libpthread.so.0+0x76db]  start_thread+0xdb


---------------  P R O C E S S  ---------------

Java Threads: ( => current thread )

Other Threads:

=>0x00007fbe5400b000 (exited) JavaThread "Unknown thread" [_thread_in_vm, id=17578, stack(0x00007fbe5d6a3000,0x00007fbe5d7a3000)]

VM state:not at safepoint (not fully initialized)

VM Mutex/Monitor currently owned by a thread: None

heap address: 0x0000000080000000, size: 2048 MB, Compressed Oops mode: Non-zero based:0x000000007ffff000
Narrow klass base: 0x0000000000000000, Narrow klass shift: 0

GC Heap History (0 events):
No events

Deoptimization events (0 events):
No events

Classes redefined (0 events):
No events

Internal exceptions (0 events):
No events

Events (0 events):
No events


Dynamic libraries:
80000000-d5580000 ---p 00000000 00:00 0 
55680e0c4000-55680e0c5000 r-xp 00000000 fc:01 776843                     /usr/lib/jvm/java-8-openjdk-amd64/jre/bin/java
55680e2c4000-55680e2c5000 r--p 00000000 fc:01 776843                     /usr/lib/jvm/java-8-openjdk-amd64/jre/bin/java
55680e2c5000-55680e2c6000 rw-p 00001000 fc:01 776843                     /usr/lib/jvm/java-8-openjdk-amd64/jre/bin/java
556810012000-556810033000 rw-p 00000000 00:00 0                          [heap]
7fbe45000000-7fbe45270000 rwxp 00000000 00:00 0 
7fbe45270000-7fbe54000000 ---p 00000000 00:00 0 
7fbe54000000-7fbe54031000 rw-p 00000000 00:00 0 
7fbe54031000-7fbe58000000 ---p 00000000 00:00 0 
7fbe59826000-7fbe59c26000 ---p 00000000 00:00 0 
7fbe59c26000-7fbe59c31000 rw-p 00000000 00:00 0 
7fbe59c31000-7fbe59fe7000 ---p 00000000 00:00 0 
7fbe59fe7000-7fbe59fef000 r-xp 00000000 fc:01 776889                     /usr/lib/jvm/java-8-openjdk-amd64/jre/lib/amd64/libzip.so
7fbe59fef000-7fbe5a1ee000 ---p 00008000 fc:01 776889                     /usr/lib/jvm/java-8-openjdk-amd64/jre/lib/amd64/libzip.so
7fbe5a1ee000-7fbe5a1ef000 r--p 00007000 fc:01 776889                     /usr/lib/jvm/java-8-openjdk-amd64/jre/lib/amd64/libzip.so
7fbe5a1ef000-7fbe5a1f0000 rw-p 00008000 fc:01 776889                     /usr/lib/jvm/java-8-openjdk-amd64/jre/lib/amd64/libzip.so
7fbe5a1f0000-7fbe5a1fb000 r-xp 00000000 fc:01 2093                       /lib/x86_64-linux-gnu/libnss_files-2.27.so
7fbe5a1fb000-7fbe5a3fa000 ---p 0000b000 fc:01 2093                       /lib/x86_64-linux-gnu/libnss_files-2.27.so
7fbe5a3fa000-7fbe5a3fb000 r--p 0000a000 fc:01 2093                       /lib/x86_64-linux-gnu/libnss_files-2.27.so
7fbe5a3fb000-7fbe5a3fc000 rw-p 0000b000 fc:01 2093                       /lib/x86_64-linux-gnu/libnss_files-2.27.so
7fbe5a3fc000-7fbe5a402000 rw-p 00000000 00:00 0 
7fbe5a402000-7fbe5a419000 r-xp 00000000 fc:01 2090                       /lib/x86_64-linux-gnu/libnsl-2.27.so
7fbe5a419000-7fbe5a618000 ---p 00017000 fc:01 2090                       /lib/x86_64-linux-gnu/libnsl-2.27.so
7fbe5a618000-7fbe5a619000 r--p 00016000 fc:01 2090                       /lib/x86_64-linux-gnu/libnsl-2.27.so
7fbe5a619000-7fbe5a61a000 rw-p 00017000 fc:01 2090                       /lib/x86_64-linux-gnu/libnsl-2.27.so
7fbe5a61a000-7fbe5a61c000 rw-p 00000000 00:00 0 
7fbe5a61c000-7fbe5a627000 r-xp 00000000 fc:01 2095                       /lib/x86_64-linux-gnu/libnss_nis-2.27.so
7fbe5a627000-7fbe5a826000 ---p 0000b000 fc:01 2095                       /lib/x86_64-linux-gnu/libnss_nis-2.27.so
7fbe5a826000-7fbe5a827000 r--p 0000a000 fc:01 2095                       /lib/x86_64-linux-gnu/libnss_nis-2.27.so
7fbe5a827000-7fbe5a828000 rw-p 0000b000 fc:01 2095                       /lib/x86_64-linux-gnu/libnss_nis-2.27.so
7fbe5a828000-7fbe5a830000 r-xp 00000000 fc:01 2091                       /lib/x86_64-linux-gnu/libnss_compat-2.27.so
7fbe5a830000-7fbe5aa30000 ---p 00008000 fc:01 2091                       /lib/x86_64-linux-gnu/libnss_compat-2.27.so
7fbe5aa30000-7fbe5aa31000 r--p 00008000 fc:01 2091                       /lib/x86_64-linux-gnu/libnss_compat-2.27.so
7fbe5aa31000-7fbe5aa32000 rw-p 00009000 fc:01 2091                       /lib/x86_64-linux-gnu/libnss_compat-2.27.so
7fbe5aa32000-7fbe5aa5c000 r-xp 00000000 fc:01 776870                     /usr/lib/jvm/java-8-openjdk-amd64/jre/lib/amd64/libjava.so
7fbe5aa5c000-7fbe5ac5b000 ---p 0002a000 fc:01 776870                     /usr/lib/jvm/java-8-openjdk-amd64/jre/lib/amd64/libjava.so
7fbe5ac5b000-7fbe5ac5c000 r--p 00029000 fc:01 776870                     /usr/lib/jvm/java-8-openjdk-amd64/jre/lib/amd64/libjava.so
7fbe5ac5c000-7fbe5ac5e000 rw-p 0002a000 fc:01 776870                     /usr/lib/jvm/java-8-openjdk-amd64/jre/lib/amd64/libjava.so
7fbe5ac5e000-7fbe5ac6e000 r-xp 00000000 fc:01 776888                     /usr/lib/jvm/java-8-openjdk-amd64/jre/lib/amd64/libverify.so
7fbe5ac6e000-7fbe5ae6d000 ---p 00010000 fc:01 776888                     /usr/lib/jvm/java-8-openjdk-amd64/jre/lib/amd64/libverify.so
7fbe5ae6d000-7fbe5ae6f000 r--p 0000f000 fc:01 776888                     /usr/lib/jvm/java-8-openjdk-amd64/jre/lib/amd64/libverify.so
7fbe5ae6f000-7fbe5ae70000 rw-p 00011000 fc:01 776888                     /usr/lib/jvm/java-8-openjdk-amd64/jre/lib/amd64/libverify.so
7fbe5ae70000-7fbe5ae77000 r-xp 00000000 fc:01 2180                       /lib/x86_64-linux-gnu/librt-2.27.so
7fbe5ae77000-7fbe5b076000 ---p 00007000 fc:01 2180                       /lib/x86_64-linux-gnu/librt-2.27.so
7fbe5b076000-7fbe5b077000 r--p 00006000 fc:01 2180                       /lib/x86_64-linux-gnu/librt-2.27.so
7fbe5b077000-7fbe5b078000 rw-p 00007000 fc:01 2180                       /lib/x86_64-linux-gnu/librt-2.27.so
7fbe5b078000-7fbe5b08f000 r-xp 00000000 fc:01 10474                      /lib/x86_64-linux-gnu/libgcc_s.so.1
7fbe5b08f000-7fbe5b28e000 ---p 00017000 fc:01 10474                      /lib/x86_64-linux-gnu/libgcc_s.so.1
7fbe5b28e000-7fbe5b28f000 r--p 00016000 fc:01 10474                      /lib/x86_64-linux-gnu/libgcc_s.so.1
7fbe5b28f000-7fbe5b290000 rw-p 00017000 fc:01 10474                      /lib/x86_64-linux-gnu/libgcc_s.so.1
7fbe5b290000-7fbe5b42d000 r-xp 00000000 fc:01 2087                       /lib/x86_64-linux-gnu/libm-2.27.so
7fbe5b42d000-7fbe5b62c000 ---p 0019d000 fc:01 2087                       /lib/x86_64-linux-gnu/libm-2.27.so
7fbe5b62c000-7fbe5b62d000 r--p 0019c000 fc:01 2087                       /lib/x86_64-linux-gnu/libm-2.27.so
7fbe5b62d000-7fbe5b62e000 rw-p 0019d000 fc:01 2087                       /lib/x86_64-linux-gnu/libm-2.27.so
7fbe5b62e000-7fbe5b7a7000 r-xp 00000000 fc:01 10548                      /usr/lib/x86_64-linux-gnu/libstdc++.so.6.0.25
7fbe5b7a7000-7fbe5b9a7000 ---p 00179000 fc:01 10548                      /usr/lib/x86_64-linux-gnu/libstdc++.so.6.0.25
7fbe5b9a7000-7fbe5b9b1000 r--p 00179000 fc:01 10548                      /usr/lib/x86_64-linux-gnu/libstdc++.so.6.0.25
7fbe5b9b1000-7fbe5b9b3000 rw-p 00183000 fc:01 10548                      /usr/lib/x86_64-linux-gnu/libstdc++.so.6.0.25
7fbe5b9b3000-7fbe5b9b7000 rw-p 00000000 00:00 0 
7fbe5b9b7000-7fbe5c65b000 r-xp 00000000 fc:01 776892                     /usr/lib/jvm/java-8-openjdk-amd64/jre/lib/amd64/server/libjvm.so
7fbe5c65b000-7fbe5c85b000 ---p 00ca4000 fc:01 776892                     /usr/lib/jvm/java-8-openjdk-amd64/jre/lib/amd64/server/libjvm.so
7fbe5c85b000-7fbe5c8ef000 r--p 00ca4000 fc:01 776892                     /usr/lib/jvm/java-8-openjdk-amd64/jre/lib/amd64/server/libjvm.so
7fbe5c8ef000-7fbe5c918000 rw-p 00d38000 fc:01 776892                     /usr/lib/jvm/java-8-openjdk-amd64/jre/lib/amd64/server/libjvm.so
7fbe5c918000-7fbe5c948000 rw-p 00000000 00:00 0 
7fbe5c948000-7fbe5c962000 r-xp 00000000 fc:01 2178                       /lib/x86_64-linux-gnu/libpthread-2.27.so
7fbe5c962000-7fbe5cb61000 ---p 0001a000 fc:01 2178                       /lib/x86_64-linux-gnu/libpthread-2.27.so
7fbe5cb61000-7fbe5cb62000 r--p 00019000 fc:01 2178                       /lib/x86_64-linux-gnu/libpthread-2.27.so
7fbe5cb62000-7fbe5cb63000 rw-p 0001a000 fc:01 2178                       /lib/x86_64-linux-gnu/libpthread-2.27.so
7fbe5cb63000-7fbe5cb67000 rw-p 00000000 00:00 0 
7fbe5cb67000-7fbe5cb6a000 r-xp 00000000 fc:01 2086                       /lib/x86_64-linux-gnu/libdl-2.27.so
7fbe5cb6a000-7fbe5cd69000 ---p 00003000 fc:01 2086                       /lib/x86_64-linux-gnu/libdl-2.27.so
7fbe5cd69000-7fbe5cd6a000 r--p 00002000 fc:01 2086                       /lib/x86_64-linux-gnu/libdl-2.27.so
7fbe5cd6a000-7fbe5cd6b000 rw-p 00003000 fc:01 2086                       /lib/x86_64-linux-gnu/libdl-2.27.so
7fbe5cd6b000-7fbe5cd87000 r-xp 00000000 fc:01 2183                       /lib/x86_64-linux-gnu/libz.so.1.2.11
7fbe5cd87000-7fbe5cf86000 ---p 0001c000 fc:01 2183                       /lib/x86_64-linux-gnu/libz.so.1.2.11
7fbe5cf86000-7fbe5cf87000 r--p 0001b000 fc:01 2183                       /lib/x86_64-linux-gnu/libz.so.1.2.11
7fbe5cf87000-7fbe5cf88000 rw-p 0001c000 fc:01 2183                       /lib/x86_64-linux-gnu/libz.so.1.2.11
7fbe5cf88000-7fbe5d16f000 r-xp 00000000 fc:01 2083                       /lib/x86_64-linux-gnu/libc-2.27.so
7fbe5d16f000-7fbe5d36f000 ---p 001e7000 fc:01 2083                       /lib/x86_64-linux-gnu/libc-2.27.so
7fbe5d36f000-7fbe5d373000 r--p 001e7000 fc:01 2083                       /lib/x86_64-linux-gnu/libc-2.27.so
7fbe5d373000-7fbe5d375000 rw-p 001eb000 fc:01 2083                       /lib/x86_64-linux-gnu/libc-2.27.so
7fbe5d375000-7fbe5d379000 rw-p 00000000 00:00 0 
7fbe5d379000-7fbe5d387000 r-xp 00000000 fc:01 776856                     /usr/lib/jvm/java-8-openjdk-amd64/jre/lib/amd64/jli/libjli.so
7fbe5d387000-7fbe5d586000 ---p 0000e000 fc:01 776856                     /usr/lib/jvm/java-8-openjdk-amd64/jre/lib/amd64/jli/libjli.so
7fbe5d586000-7fbe5d587000 r--p 0000d000 fc:01 776856                     /usr/lib/jvm/java-8-openjdk-amd64/jre/lib/amd64/jli/libjli.so
7fbe5d587000-7fbe5d588000 rw-p 0000e000 fc:01 776856                     /usr/lib/jvm/java-8-openjdk-amd64/jre/lib/amd64/jli/libjli.so
7fbe5d588000-7fbe5d5af000 r-xp 00000000 fc:01 2079                       /lib/x86_64-linux-gnu/ld-2.27.so
7fbe5d69a000-7fbe5d6a2000 rw-s 00000000 fc:01 1811172                    /tmp/hsperfdata_root/17577
7fbe5d6a2000-7fbe5d6a3000 ---p 00000000 00:00 0 
7fbe5d6a3000-7fbe5d6a6000 ---p 00000000 00:00 0 
7fbe5d6a6000-7fbe5d7a5000 rw-p 00000000 00:00 0 
7fbe5d7ab000-7fbe5d7ac000 rw-p 00000000 00:00 0 
7fbe5d7ac000-7fbe5d7ad000 r--p 00000000 00:00 0 
7fbe5d7ad000-7fbe5d7af000 rw-p 00000000 00:00 0 
7fbe5d7af000-7fbe5d7b0000 r--p 00027000 fc:01 2079                       /lib/x86_64-linux-gnu/ld-2.27.so
7fbe5d7b0000-7fbe5d7b1000 rw-p 00028000 fc:01 2079                       /lib/x86_64-linux-gnu/ld-2.27.so
7fbe5d7b1000-7fbe5d7b2000 rw-p 00000000 00:00 0 
7ffd01181000-7ffd011a2000 rw-p 00000000 00:00 0                          [stack]
7ffd011f5000-7ffd011f8000 r--p 00000000 00:00 0                          [vvar]
7ffd011f8000-7ffd011fa000 r-xp 00000000 00:00 0                          [vdso]
ffffffffff600000-ffffffffff601000 r-xp 00000000 00:00 0                  [vsyscall]

VM Arguments:
jvm_args: -Xms2G -Xmx2G 
java_command: forge.jar nogui
java_class_path (initial): forge.jar
Launcher Type: SUN_STANDARD

Environment Variables:
PATH=/usr/bin:/bin
SHELL=/bin/sh

Signal Handlers:
SIGSEGV: [libjvm.so+0xabd470], sa_mask[0]=11111111011111111101111111111110, sa_flags=SA_RESTART|SA_SIGINFO
SIGBUS: [libjvm.so+0xabd470], sa_mask[0]=11111111011111111101111111111110, sa_flags=SA_RESTART|SA_SIGINFO
SIGFPE: [libjvm.so+0x8f1c90], sa_mask[0]=11111111011111111101111111111110, sa_flags=SA_RESTART|SA_SIGINFO
SIGPIPE: [libjvm.so+0x8f1c90], sa_mask[0]=11111111011111111101111111111110, sa_flags=SA_RESTART|SA_SIGINFO
SIGXFSZ: [libjvm.so+0x8f1c90], sa_mask[0]=11111111011111111101111111111110, sa_flags=SA_RESTART|SA_SIGINFO
SIGILL: [libjvm.so+0x8f1c90], sa_mask[0]=11111111011111111101111111111110, sa_flags=SA_RESTART|SA_SIGINFO
SIGUSR1: SIG_DFL, sa_mask[0]=00000000000000000000000000000000, sa_flags=none
SIGUSR2: [libjvm.so+0x8f1b40], sa_mask[0]=00000000000000000000000000000000, sa_flags=SA_RESTART|SA_SIGINFO
SIGHUP: SIG_DFL, sa_mask[0]=00000000000000000000000000000000, sa_flags=none
SIGINT: SIG_DFL, sa_mask[0]=00000000000000000000000000000000, sa_flags=none
SIGTERM: SIG_DFL, sa_mask[0]=00000000000000000000000000000000, sa_flags=none
SIGQUIT: SIG_DFL, sa_mask[0]=00000000000000000000000000000000, sa_flags=none


---------------  S Y S T E M  ---------------

OS:DISTRIB_ID=Ubuntu
DISTRIB_RELEASE=18.04
DISTRIB_CODENAME=bionic
DISTRIB_DESCRIPTION="Ubuntu 18.04.3 LTS"

uname:Linux 4.15.0-101-generic #102-Ubuntu SMP Mon May 11 10:07:26 UTC 2020 x86_64
libc:glibc 2.27 NPTL 2.27 
rlimit: STACK 8192k, CORE 0k, NPROC 15676, NOFILE 1048576, AS infinity
load average:6.47 4.50 2.51

/proc/meminfo:
MemTotal:        4039284 kB
MemFree:          103124 kB
MemAvailable:      56152 kB
Buffers:            3364 kB
Cached:           117776 kB
SwapCached:            0 kB
Active:          3767680 kB
Inactive:          73144 kB
Active(anon):    3720104 kB
Inactive(anon):      264 kB
Active(file):      47576 kB
Inactive(file):    72880 kB
Unevictable:           0 kB
Mlocked:               0 kB
SwapTotal:             0 kB
SwapFree:              0 kB
Dirty:               524 kB
Writeback:             0 kB
AnonPages:       3719780 kB
Mapped:            55112 kB
Shmem:               624 kB
Slab:              53264 kB
SReclaimable:      22880 kB
SUnreclaim:        30384 kB
KernelStack:        3888 kB
PageTables:        14632 kB
NFS_Unstable:          0 kB
Bounce:                0 kB
WritebackTmp:          0 kB
CommitLimit:     2019640 kB
Committed_AS:    7275012 kB
VmallocTotal:   34359738367 kB
VmallocUsed:           0 kB
VmallocChunk:          0 kB
HardwareCorrupted:     0 kB
AnonHugePages:         0 kB
ShmemHugePages:        0 kB
ShmemPmdMapped:        0 kB
CmaTotal:              0 kB
CmaFree:               0 kB
HugePages_Total:       0
HugePages_Free:        0
HugePages_Rsvd:        0
HugePages_Surp:        0
Hugepagesize:       2048 kB
DirectMap4k:      108524 kB
DirectMap2M:     4085760 kB
DirectMap1G:           0 kB

container (cgroup) information:
container_type: cgroupv1
cpu_cpuset_cpus: 0-1
cpu_memory_nodes: 0
active_processor_count: 2
cpu_quota: -1
cpu_period: 100000
cpu_shares: -1
memory_limit_in_bytes: -1
memory_and_swap_limit_in_bytes: -2
memory_soft_limit_in_bytes: -1
memory_usage_in_bytes: 1954258944
memory_max_usage_in_bytes: 2495197184


CPU:total 2 (initial active 2) (1 cores per cpu, 1 threads per core) family 6 model 79 stepping 1, cmov, cx8, fxsr, mmx, sse, sse2, sse3, ssse3, sse4.1, sse4.2, popcnt, avx, avx2, aes, clmul, erms, 3dnowpref, lzcnt, tsc, bmi1, bmi2, adx

/proc/cpuinfo:
processor	: 0
vendor_id	: GenuineIntel
cpu family	: 6
model		: 79
model name	: Intel(R) Xeon(R) CPU E5-2650 v4 @ 2.20GHz
stepping	: 1
microcode	: 0x1
cpu MHz		: 2199.998
cache size	: 4096 KB
physical id	: 0
siblings	: 1
core id		: 0
cpu cores	: 1
apicid		: 0
initial apicid	: 0
fpu		: yes
fpu_exception	: yes
cpuid level	: 13
wp		: yes
flags		: fpu vme de pse tsc msr pae mce cx8 apic sep mtrr pge mca cmov pat pse36 clflush mmx fxsr sse sse2 ss syscall nx pdpe1gb rdtscp lm constant_tsc arch_perfmon rep_good nopl cpuid tsc_known_freq pni pclmulqdq vmx ssse3 fma cx16 pcid sse4_1 sse4_2 x2apic movbe popcnt tsc_deadline_timer aes xsave avx f16c rdrand hypervisor lahf_lm abm 3dnowprefetch cpuid_fault invpcid_single pti ssbd ibrs ibpb tpr_shadow vnmi flexpriority ept vpid fsgsbase tsc_adjust bmi1 avx2 smep bmi2 erms invpcid rdseed adx smap xsaveopt md_clear
bugs		: cpu_meltdown spectre_v1 spectre_v2 spec_store_bypass l1tf mds swapgs itlb_multihit
bogomips	: 4399.99
clflush size	: 64
cache_alignment	: 64
address sizes	: 40 bits physical, 48 bits virtual
power management:

processor	: 1
vendor_id	: GenuineIntel
cpu family	: 6
model		: 79
model name	: Intel(R) Xeon(R) CPU E5-2650 v4 @ 2.20GHz
stepping	: 1
microcode	: 0x1
cpu MHz		: 2199.998
cache size	: 4096 KB
physical id	: 1
siblings	: 1
core id		: 0
cpu cores	: 1
apicid		: 1
initial apicid	: 1
fpu		: yes
fpu_exception	: yes
cpuid level	: 13
wp		: yes
flags		: fpu vme de pse tsc msr pae mce cx8 apic sep mtrr pge mca cmov pat pse36 clflush mmx fxsr sse sse2 ss syscall nx pdpe1gb rdtscp lm constant_tsc arch_perfmon rep_good nopl cpuid tsc_known_freq pni pclmulqdq vmx ssse3 fma cx16 pcid sse4_1 sse4_2 x2apic movbe popcnt tsc_deadline_timer aes xsave avx f16c rdrand hypervisor lahf_lm abm 3dnowprefetch cpuid_fault invpcid_single pti ssbd ibrs ibpb tpr_shadow vnmi flexpriority ept vpid fsgsbase tsc_adjust bmi1 avx2 smep bmi2 erms invpcid rdseed adx smap xsaveopt md_clear
bugs		: cpu_meltdown spectre_v1 spectre_v2 spec_store_bypass l1tf mds swapgs itlb_multihit
bogomips	: 4399.99
clflush size	: 64
cache_alignment	: 64
address sizes	: 40 bits physical, 48 bits virtual
power management:



Memory: 4k page, physical 4039284k(103000k free), swap 0k(0k free)

vm_info: OpenJDK 64-Bit Server VM (25.252-b09) for linux-amd64 JRE (1.8.0_252-8u252-b09-1~18.04-b09), built on Apr 15 2020 18:48:05 by "buildd" with gcc 7.5.0

time: Tue Jun  2 05:20:08 2020
timezone: UTC
elapsed time: 0 seconds (0d 0h 0m 0s)

