#
# There is insufficient memory for the Java Runtime Environment to continue.
# Native memory allocation (mmap) failed to map 262144 bytes for committing reserved memory.
# Possible reasons:
#   The system is out of physical RAM or swap space
#   The process is running with CompressedOops enabled, and the Java Heap may be blocking the growth of the native heap
# Possible solutions:
#   Reduce memory load on the system
#   Increase physical memory or swap space
#   Check if swap backing store is full
#   Decrease Java heap size (-Xmx/-Xms)
#   Decrease number of Java threads
#   Decrease Java thread stack sizes (-Xss)
#   Set larger code cache with -XX:ReservedCodeCacheSize=
#   JVM is running with Unscaled Compressed Oops mode in which the Java heap is
#     placed in the first 4GB address space. The Java Heap base address is the
#     maximum limit for the native heap growth. Please use -XX:HeapBaseMinAddress
#     to set the Java Heap base and to place the Java Heap above 4GB virtual address.
# This output file may be truncated or incomplete.
#
#  Out of Memory Error (os_linux.cpp:2757), pid=17162, tid=0x00007f7e9e379700
#
# JRE version: OpenJDK Runtime Environment (8.0_252-b09) (build 1.8.0_252-8u252-b09-1~18.04-b09)
# Java VM: OpenJDK 64-Bit Server VM (25.252-b09 mixed mode linux-amd64 compressed oops)
# Failed to write core dump. Core dumps have been disabled. To enable core dumping, try "ulimit -c unlimited" before starting Java again
#

---------------  T H R E A D  ---------------

Current thread (0x00007f7eedcfd800):  JavaThread "Server thread" [_thread_in_vm, id=17251, stack(0x00007f7e9e279000,0x00007f7e9e37a000)]

Stack: [0x00007f7e9e279000,0x00007f7e9e37a000],  sp=0x00007f7e9e375320,  free space=1008k
Native frames: (J=compiled Java code, j=interpreted, Vv=VM code, C=native code)
V  [libjvm.so+0xabcb22]
V  [libjvm.so+0x4de337]
V  [libjvm.so+0x8f6ad0]
V  [libjvm.so+0x8edb9e]
V  [libjvm.so+0xab92f0]
V  [libjvm.so+0x86ed59]
V  [libjvm.so+0x870a8f]
V  [libjvm.so+0x87138b]
V  [libjvm.so+0x871e05]
V  [libjvm.so+0x4dd5e5]
V  [libjvm.so+0x997d09]
V  [libjvm.so+0x9987b9]
V  [libjvm.so+0x637ba2]
V  [libjvm.so+0x638544]
V  [libjvm.so+0x63e737]
V  [libjvm.so+0x63eca0]
V  [libjvm.so+0x672835]
j  org.h2.engine.Engine.openSession(Lorg/h2/engine/ConnectionInfo;ZLjava/lang/String;)Lorg/h2/engine/Session;+85
j  org.h2.engine.Engine.openSession(Lorg/h2/engine/ConnectionInfo;)Lorg/h2/engine/Session;+46
j  org.h2.engine.Engine.createSessionAndValidate(Lorg/h2/engine/ConnectionInfo;)Lorg/h2/engine/Session;+48
j  org.h2.engine.Engine.createSession(Lorg/h2/engine/ConnectionInfo;)Lorg/h2/engine/Session;+4
j  org.h2.engine.Engine.createSession(Lorg/h2/engine/ConnectionInfo;)Lorg/h2/engine/SessionInterface;+2
j  org.h2.engine.SessionRemote.connectEmbeddedOrServer(Z)Lorg/h2/engine/SessionInterface;+108
j  org.h2.jdbc.JdbcConnection.<init>(Lorg/h2/engine/ConnectionInfo;Z)V+41
j  org.h2.jdbc.JdbcConnection.<init>(Ljava/lang/String;Ljava/util/Properties;)V+11
j  org.h2.Driver.connect(Ljava/lang/String;Ljava/util/Properties;)Ljava/sql/Connection;+59
j  com.zaxxer.hikari.util.DriverDataSource.getConnection()Ljava/sql/Connection;+12
j  com.zaxxer.hikari.pool.PoolBase.newConnection()Ljava/sql/Connection;+33
j  com.zaxxer.hikari.pool.PoolBase.newPoolEntry()Lcom/zaxxer/hikari/pool/PoolEntry;+5
j  com.zaxxer.hikari.pool.HikariPool.createPoolEntry()Lcom/zaxxer/hikari/pool/PoolEntry;+1
j  com.zaxxer.hikari.pool.HikariPool.checkFailFast()V+20
j  com.zaxxer.hikari.pool.HikariPool.<init>(Lcom/zaxxer/hikari/HikariConfig;)V+128
j  com.zaxxer.hikari.HikariDataSource.<init>(Lcom/zaxxer/hikari/HikariConfig;)V+45
j  org.spongepowered.common.service.sql.SqlServiceImpl$1.load(Lorg/spongepowered/common/service/sql/SqlServiceImpl$ConnectionInfo;)Lcom/zaxxer/hikari/HikariDataSource;+91
j  org.spongepowered.common.service.sql.SqlServiceImpl$1.load(Ljava/lang/Object;)Ljava/lang/Object;+5
J 7639 C1 com.google.common.cache.LocalCache$LoadingValueReference.loadFuture(Ljava/lang/Object;Lcom/google/common/cache/CacheLoader;)Lcom/google/common/util/concurrent/ListenableFuture; (122 bytes) @ 0x00007f7edd33a21c [0x00007f7edd33a100+0x11c]
J 7263 C1 com.google.common.cache.LocalCache$Segment.lockedGetOrLoad(Ljava/lang/Object;ILcom/google/common/cache/CacheLoader;)Ljava/lang/Object; (447 bytes) @ 0x00007f7edccd85d4 [0x00007f7edccd7c60+0x974]
J 6479 C1 com.google.common.cache.LocalCache$Segment.get(Ljava/lang/Object;ILcom/google/common/cache/CacheLoader;)Ljava/lang/Object; (210 bytes) @ 0x00007f7edc4afe0c [0x00007f7edc4afac0+0x34c]
J 6452 C1 com.google.common.cache.LocalCache$LocalLoadingCache.get(Ljava/lang/Object;)Ljava/lang/Object; (9 bytes) @ 0x00007f7edccca204 [0x00007f7edccca100+0x104]
j  org.spongepowered.common.service.sql.SqlServiceImpl.getDataSource(Ljava/lang/Object;Ljava/lang/String;)Ljavax/sql/DataSource;+61
j  org.spongepowered.common.service.sql.SqlServiceImpl.getDataSource(Ljava/lang/String;)Ljavax/sql/DataSource;+3
j  io.github.flibio.economylite.utils.sql.SqlManager.initialTestConnection()Z+9
j  io.github.flibio.economylite.impl.PlayerServiceCommon.<init>(Lio/github/flibio/economylite/utils/sql/SqlManager;Z)V+51
j  io.github.flibio.economylite.impl.PlayerDataService.<init>()V+30
j  io.github.flibio.economylite.EconomyLite.onServerInitialize(Lorg/spongepowered/api/event/game/state/GamePreInitializationEvent;)V+110
j  org.spongepowered.common.event.listener.GamePreInitializationEventListener_EconomyLite_onServerInitialize87.handle(Lorg/spongepowered/api/event/Event;)V+28
j  org.spongepowered.common.event.RegisteredListener.handle(Lorg/spongepowered/api/event/Event;)V+5
j  org.spongepowered.mod.event.SpongeModEventManager.post(Lorg/spongepowered/api/event/Event;Ljava/util/List;ZZZ)Z+160
j  org.spongepowered.mod.event.SpongeModEventManager.extendedPost(Lorg/spongepowered/api/event/Event;ZZ)Lorg/spongepowered/mod/event/SpongeToForgeEventData;+184
j  org.spongepowered.mod.event.SpongeModEventManager.post(Lorg/spongepowered/api/event/Event;Z)Z+4
j  org.spongepowered.common.SpongeImpl.postEvent(Lorg/spongepowered/api/event/Event;Z)Z+17
j  org.spongepowered.mod.SpongeMod.onStateEvent(Lnet/minecraftforge/fml/common/event/FMLStateEvent;)V+18
v  ~StubRoutines::call_stub
V  [libjvm.so+0x68550a]
V  [libjvm.so+0x97eea8]
V  [libjvm.so+0x980885]
V  [libjvm.so+0x6d7878]  JVM_InvokeMethod+0x128
J 4694  sun.reflect.NativeMethodAccessorImpl.invoke0(Ljava/lang/reflect/Method;Ljava/lang/Object;[Ljava/lang/Object;)Ljava/lang/Object; (0 bytes) @ 0x00007f7edcca7a6d [0x00007f7edcca7980+0xed]
J 4693 C1 sun.reflect.NativeMethodAccessorImpl.invoke(Ljava/lang/Object;[Ljava/lang/Object;)Ljava/lang/Object; (104 bytes) @ 0x00007f7edcb4513c [0x00007f7edcb44da0+0x39c]
J 1567 C1 sun.reflect.DelegatingMethodAccessorImpl.invoke(Ljava/lang/Object;[Ljava/lang/Object;)Ljava/lang/Object; (10 bytes) @ 0x00007f7edc8d58c4 [0x00007f7edc8d57c0+0x104]
J 1566 C1 java.lang.reflect.Method.invoke(Ljava/lang/Object;[Ljava/lang/Object;)Ljava/lang/Object; (62 bytes) @ 0x00007f7edc8d608c [0x00007f7edc8d5ca0+0x3ec]
j  com.google.common.eventbus.Subscriber.invokeSubscriberMethod(Ljava/lang/Object;)V+19
j  com.google.common.eventbus.Subscriber$SynchronizedSubscriber.invokeSubscriberMethod(Ljava/lang/Object;)V+6
j  com.google.common.eventbus.Subscriber$1.run()V+8
j  com.google.common.util.concurrent.MoreExecutors$DirectExecutor.execute(Ljava/lang/Runnable;)V+1
j  com.google.common.eventbus.Subscriber.dispatchEvent(Ljava/lang/Object;)V+13
j  com.google.common.eventbus.Dispatcher$PerThreadQueuedDispatcher.dispatch(Ljava/lang/Object;Ljava/util/Iterator;)V+111
j  com.google.common.eventbus.EventBus.post(Ljava/lang/Object;)V+24
j  net.minecraftforge.fml.common.LoadController.sendEventToModContainer(Lnet/minecraftforge/fml/common/event/FMLEvent;Lnet/minecraftforge/fml/common/ModContainer;)V+216
j  net.minecraftforge.fml.common.LoadController.propogateStateMessage(Lnet/minecraftforge/fml/common/event/FMLEvent;)V+78
v  ~StubRoutines::call_stub
V  [libjvm.so+0x68550a]
V  [libjvm.so+0x97eea8]
V  [libjvm.so+0x980885]
V  [libjvm.so+0x6d7878]  JVM_InvokeMethod+0x128
J 4694  sun.reflect.NativeMethodAccessorImpl.invoke0(Ljava/lang/reflect/Method;Ljava/lang/Object;[Ljava/lang/Object;)Ljava/lang/Object; (0 bytes) @ 0x00007f7edcca7a6d [0x00007f7edcca7980+0xed]
J 4693 C1 sun.reflect.NativeMethodAccessorImpl.invoke(Ljava/lang/Object;[Ljava/lang/Object;)Ljava/lang/Object; (104 bytes) @ 0x00007f7edcb4513c [0x00007f7edcb44da0+0x39c]
J 1567 C1 sun.reflect.DelegatingMethodAccessorImpl.invoke(Ljava/lang/Object;[Ljava/lang/Object;)Ljava/lang/Object; (10 bytes) @ 0x00007f7edc8d58c4 [0x00007f7edc8d57c0+0x104]
J 1566 C1 java.lang.reflect.Method.invoke(Ljava/lang/Object;[Ljava/lang/Object;)Ljava/lang/Object; (62 bytes) @ 0x00007f7edc8d608c [0x00007f7edc8d5ca0+0x3ec]
j  com.google.common.eventbus.Subscriber.invokeSubscriberMethod(Ljava/lang/Object;)V+19
j  com.google.common.eventbus.Subscriber$SynchronizedSubscriber.invokeSubscriberMethod(Ljava/lang/Object;)V+6
j  com.google.common.eventbus.Subscriber$1.run()V+8
j  com.google.common.util.concurrent.MoreExecutors$DirectExecutor.execute(Ljava/lang/Runnable;)V+1
j  com.google.common.eventbus.Subscriber.dispatchEvent(Ljava/lang/Object;)V+13
j  com.google.common.eventbus.Dispatcher$PerThreadQueuedDispatcher.dispatch(Ljava/lang/Object;Ljava/util/Iterator;)V+111
j  com.google.common.eventbus.EventBus.post(Ljava/lang/Object;)V+24
j  net.minecraftforge.fml.common.LoadController.redirect$zza000$forgeImpl$PostEvent(Lcom/google/common/eventbus/EventBus;Ljava/lang/Object;Lnet/minecraftforge/fml/common/LoaderState;[Ljava/lang/Object;)V+12
j  net.minecraftforge.fml.common.LoadController.distributeStateMessage(Lnet/minecraftforge/fml/common/LoaderState;[Ljava/lang/Object;)V+25
j  net.minecraftforge.fml.common.Loader.preinitializeMods()V+95
j  net.minecraftforge.fml.server.FMLServerHandler.beginServerLoading(Lnet/minecraft/server/MinecraftServer;)V+18
j  net.minecraftforge.fml.common.FMLCommonHandler.onServerStart(Lnet/minecraft/server/MinecraftServer;)V+9
j  net.minecraft.server.dedicated.DedicatedServer.func_71197_b()Z+65
j  net.minecraft.server.MinecraftServer.run()V+14
j  java.lang.Thread.run()V+11
v  ~StubRoutines::call_stub
V  [libjvm.so+0x68550a]
V  [libjvm.so+0x682aeb]
V  [libjvm.so+0x6830d7]
V  [libjvm.so+0x6ca04b]
V  [libjvm.so+0xa5a12f]
...<more frames>...

Java frames: (J=compiled Java code, j=interpreted, Vv=VM code)
j  org.h2.engine.Engine.openSession(Lorg/h2/engine/ConnectionInfo;ZLjava/lang/String;)Lorg/h2/engine/Session;+85
j  org.h2.engine.Engine.openSession(Lorg/h2/engine/ConnectionInfo;)Lorg/h2/engine/Session;+46
j  org.h2.engine.Engine.createSessionAndValidate(Lorg/h2/engine/ConnectionInfo;)Lorg/h2/engine/Session;+48
j  org.h2.engine.Engine.createSession(Lorg/h2/engine/ConnectionInfo;)Lorg/h2/engine/Session;+4
j  org.h2.engine.Engine.createSession(Lorg/h2/engine/ConnectionInfo;)Lorg/h2/engine/SessionInterface;+2
j  org.h2.engine.SessionRemote.connectEmbeddedOrServer(Z)Lorg/h2/engine/SessionInterface;+108
j  org.h2.jdbc.JdbcConnection.<init>(Lorg/h2/engine/ConnectionInfo;Z)V+41
j  org.h2.jdbc.JdbcConnection.<init>(Ljava/lang/String;Ljava/util/Properties;)V+11
j  org.h2.Driver.connect(Ljava/lang/String;Ljava/util/Properties;)Ljava/sql/Connection;+59
j  com.zaxxer.hikari.util.DriverDataSource.getConnection()Ljava/sql/Connection;+12
j  com.zaxxer.hikari.pool.PoolBase.newConnection()Ljava/sql/Connection;+33
j  com.zaxxer.hikari.pool.PoolBase.newPoolEntry()Lcom/zaxxer/hikari/pool/PoolEntry;+5
j  com.zaxxer.hikari.pool.HikariPool.createPoolEntry()Lcom/zaxxer/hikari/pool/PoolEntry;+1
j  com.zaxxer.hikari.pool.HikariPool.checkFailFast()V+20
j  com.zaxxer.hikari.pool.HikariPool.<init>(Lcom/zaxxer/hikari/HikariConfig;)V+128
j  com.zaxxer.hikari.HikariDataSource.<init>(Lcom/zaxxer/hikari/HikariConfig;)V+45
j  org.spongepowered.common.service.sql.SqlServiceImpl$1.load(Lorg/spongepowered/common/service/sql/SqlServiceImpl$ConnectionInfo;)Lcom/zaxxer/hikari/HikariDataSource;+91
j  org.spongepowered.common.service.sql.SqlServiceImpl$1.load(Ljava/lang/Object;)Ljava/lang/Object;+5
J 7639 C1 com.google.common.cache.LocalCache$LoadingValueReference.loadFuture(Ljava/lang/Object;Lcom/google/common/cache/CacheLoader;)Lcom/google/common/util/concurrent/ListenableFuture; (122 bytes) @ 0x00007f7edd33a21c [0x00007f7edd33a100+0x11c]
J 7263 C1 com.google.common.cache.LocalCache$Segment.lockedGetOrLoad(Ljava/lang/Object;ILcom/google/common/cache/CacheLoader;)Ljava/lang/Object; (447 bytes) @ 0x00007f7edccd85d4 [0x00007f7edccd7c60+0x974]
J 6479 C1 com.google.common.cache.LocalCache$Segment.get(Ljava/lang/Object;ILcom/google/common/cache/CacheLoader;)Ljava/lang/Object; (210 bytes) @ 0x00007f7edc4afe0c [0x00007f7edc4afac0+0x34c]
J 6452 C1 com.google.common.cache.LocalCache$LocalLoadingCache.get(Ljava/lang/Object;)Ljava/lang/Object; (9 bytes) @ 0x00007f7edccca204 [0x00007f7edccca100+0x104]
j  org.spongepowered.common.service.sql.SqlServiceImpl.getDataSource(Ljava/lang/Object;Ljava/lang/String;)Ljavax/sql/DataSource;+61
j  org.spongepowered.common.service.sql.SqlServiceImpl.getDataSource(Ljava/lang/String;)Ljavax/sql/DataSource;+3
j  io.github.flibio.economylite.utils.sql.SqlManager.initialTestConnection()Z+9
j  io.github.flibio.economylite.impl.PlayerServiceCommon.<init>(Lio/github/flibio/economylite/utils/sql/SqlManager;Z)V+51
j  io.github.flibio.economylite.impl.PlayerDataService.<init>()V+30
j  io.github.flibio.economylite.EconomyLite.onServerInitialize(Lorg/spongepowered/api/event/game/state/GamePreInitializationEvent;)V+110
j  org.spongepowered.common.event.listener.GamePreInitializationEventListener_EconomyLite_onServerInitialize87.handle(Lorg/spongepowered/api/event/Event;)V+28
j  org.spongepowered.common.event.RegisteredListener.handle(Lorg/spongepowered/api/event/Event;)V+5
j  org.spongepowered.mod.event.SpongeModEventManager.post(Lorg/spongepowered/api/event/Event;Ljava/util/List;ZZZ)Z+160
j  org.spongepowered.mod.event.SpongeModEventManager.extendedPost(Lorg/spongepowered/api/event/Event;ZZ)Lorg/spongepowered/mod/event/SpongeToForgeEventData;+184
j  org.spongepowered.mod.event.SpongeModEventManager.post(Lorg/spongepowered/api/event/Event;Z)Z+4
j  org.spongepowered.common.SpongeImpl.postEvent(Lorg/spongepowered/api/event/Event;Z)Z+17
j  org.spongepowered.mod.SpongeMod.onStateEvent(Lnet/minecraftforge/fml/common/event/FMLStateEvent;)V+18
v  ~StubRoutines::call_stub
J 4694  sun.reflect.NativeMethodAccessorImpl.invoke0(Ljava/lang/reflect/Method;Ljava/lang/Object;[Ljava/lang/Object;)Ljava/lang/Object; (0 bytes) @ 0x00007f7edcca79f7 [0x00007f7edcca7980+0x77]
J 4693 C1 sun.reflect.NativeMethodAccessorImpl.invoke(Ljava/lang/Object;[Ljava/lang/Object;)Ljava/lang/Object; (104 bytes) @ 0x00007f7edcb4513c [0x00007f7edcb44da0+0x39c]
J 1567 C1 sun.reflect.DelegatingMethodAccessorImpl.invoke(Ljava/lang/Object;[Ljava/lang/Object;)Ljava/lang/Object; (10 bytes) @ 0x00007f7edc8d58c4 [0x00007f7edc8d57c0+0x104]
J 1566 C1 java.lang.reflect.Method.invoke(Ljava/lang/Object;[Ljava/lang/Object;)Ljava/lang/Object; (62 bytes) @ 0x00007f7edc8d608c [0x00007f7edc8d5ca0+0x3ec]
j  com.google.common.eventbus.Subscriber.invokeSubscriberMethod(Ljava/lang/Object;)V+19
j  com.google.common.eventbus.Subscriber$SynchronizedSubscriber.invokeSubscriberMethod(Ljava/lang/Object;)V+6
j  com.google.common.eventbus.Subscriber$1.run()V+8
j  com.google.common.util.concurrent.MoreExecutors$DirectExecutor.execute(Ljava/lang/Runnable;)V+1
j  com.google.common.eventbus.Subscriber.dispatchEvent(Ljava/lang/Object;)V+13
j  com.google.common.eventbus.Dispatcher$PerThreadQueuedDispatcher.dispatch(Ljava/lang/Object;Ljava/util/Iterator;)V+111
j  com.google.common.eventbus.EventBus.post(Ljava/lang/Object;)V+24
j  net.minecraftforge.fml.common.LoadController.sendEventToModContainer(Lnet/minecraftforge/fml/common/event/FMLEvent;Lnet/minecraftforge/fml/common/ModContainer;)V+216
j  net.minecraftforge.fml.common.LoadController.propogateStateMessage(Lnet/minecraftforge/fml/common/event/FMLEvent;)V+78
v  ~StubRoutines::call_stub
J 4694  sun.reflect.NativeMethodAccessorImpl.invoke0(Ljava/lang/reflect/Method;Ljava/lang/Object;[Ljava/lang/Object;)Ljava/lang/Object; (0 bytes) @ 0x00007f7edcca79f7 [0x00007f7edcca7980+0x77]
J 4693 C1 sun.reflect.NativeMethodAccessorImpl.invoke(Ljava/lang/Object;[Ljava/lang/Object;)Ljava/lang/Object; (104 bytes) @ 0x00007f7edcb4513c [0x00007f7edcb44da0+0x39c]
J 1567 C1 sun.reflect.DelegatingMethodAccessorImpl.invoke(Ljava/lang/Object;[Ljava/lang/Object;)Ljava/lang/Object; (10 bytes) @ 0x00007f7edc8d58c4 [0x00007f7edc8d57c0+0x104]
J 1566 C1 java.lang.reflect.Method.invoke(Ljava/lang/Object;[Ljava/lang/Object;)Ljava/lang/Object; (62 bytes) @ 0x00007f7edc8d608c [0x00007f7edc8d5ca0+0x3ec]
j  com.google.common.eventbus.Subscriber.invokeSubscriberMethod(Ljava/lang/Object;)V+19
j  com.google.common.eventbus.Subscriber$SynchronizedSubscriber.invokeSubscriberMethod(Ljava/lang/Object;)V+6
j  com.google.common.eventbus.Subscriber$1.run()V+8
j  com.google.common.util.concurrent.MoreExecutors$DirectExecutor.execute(Ljava/lang/Runnable;)V+1
j  com.google.common.eventbus.Subscriber.dispatchEvent(Ljava/lang/Object;)V+13
j  com.google.common.eventbus.Dispatcher$PerThreadQueuedDispatcher.dispatch(Ljava/lang/Object;Ljava/util/Iterator;)V+111
j  com.google.common.eventbus.EventBus.post(Ljava/lang/Object;)V+24
j  net.minecraftforge.fml.common.LoadController.redirect$zza000$forgeImpl$PostEvent(Lcom/google/common/eventbus/EventBus;Ljava/lang/Object;Lnet/minecraftforge/fml/common/LoaderState;[Ljava/lang/Object;)V+12
j  net.minecraftforge.fml.common.LoadController.distributeStateMessage(Lnet/minecraftforge/fml/common/LoaderState;[Ljava/lang/Object;)V+25
j  net.minecraftforge.fml.common.Loader.preinitializeMods()V+95
j  net.minecraftforge.fml.server.FMLServerHandler.beginServerLoading(Lnet/minecraft/server/MinecraftServer;)V+18
j  net.minecraftforge.fml.common.FMLCommonHandler.onServerStart(Lnet/minecraft/server/MinecraftServer;)V+9
j  net.minecraft.server.dedicated.DedicatedServer.func_71197_b()Z+65
j  net.minecraft.server.MinecraftServer.run()V+14
j  java.lang.Thread.run()V+11
v  ~StubRoutines::call_stub

---------------  P R O C E S S  ---------------

Java Threads: ( => current thread )
  0x00007f7ea122f800 JavaThread "Timer-0" daemon [_thread_blocked, id=17369, stack(0x00007f7e969f4000,0x00007f7e96af5000)]
  0x00007f7ea1087800 JavaThread "Thread-3" daemon [_thread_in_native, id=17361, stack(0x00007f7e9c40b000,0x00007f7e9c50c000)]
  0x00007f7e98021000 JavaThread "pool-3-thread-12" [_thread_blocked, id=17348, stack(0x00007f7e971f6000,0x00007f7e972f7000)]
  0x00007f7e9801f000 JavaThread "pool-3-thread-11" [_thread_blocked, id=17347, stack(0x00007f7e972f7000,0x00007f7e973f8000)]
  0x00007f7e9801d000 JavaThread "pool-3-thread-10" [_thread_blocked, id=17346, stack(0x00007f7e973f8000,0x00007f7e974f9000)]
  0x00007f7e98039800 JavaThread "pool-3-thread-9" [_thread_blocked, id=17345, stack(0x00007f7e974f9000,0x00007f7e975fa000)]
  0x00007f7e98037800 JavaThread "pool-3-thread-8" [_thread_blocked, id=17344, stack(0x00007f7e975fa000,0x00007f7e976fb000)]
  0x00007f7e98036000 JavaThread "pool-3-thread-7" [_thread_blocked, id=17343, stack(0x00007f7e976fb000,0x00007f7e977fc000)]
  0x00007f7e98034800 JavaThread "pool-3-thread-6" [_thread_blocked, id=17342, stack(0x00007f7e977fc000,0x00007f7e978fd000)]
  0x00007f7e98033000 JavaThread "pool-3-thread-5" [_thread_blocked, id=17341, stack(0x00007f7e978fd000,0x00007f7e979fe000)]
  0x00007f7e98032800 JavaThread "pool-3-thread-4" [_thread_blocked, id=17340, stack(0x00007f7e979fe000,0x00007f7e97aff000)]
  0x00007f7e980cf000 JavaThread "pool-3-thread-3" [_thread_blocked, id=17339, stack(0x00007f7e97aff000,0x00007f7e97c00000)]
  0x00007f7e980ce000 JavaThread "pool-3-thread-2" [_thread_blocked, id=17338, stack(0x00007f7e9c0de000,0x00007f7e9c1df000)]
  0x00007f7e980c1800 JavaThread "pool-3-thread-1" [_thread_blocked, id=17337, stack(0x00007f7e9d277000,0x00007f7e9d378000)]
  0x00007f7ea01c0800 JavaThread "Sponge Async Scheduler Thread" daemon [_thread_blocked, id=17259, stack(0x00007f7e9e178000,0x00007f7e9e279000)]
  0x00007f7eec00b000 JavaThread "DestroyJavaVM" [_thread_blocked, id=17163, stack(0x00007f7ef2bd8000,0x00007f7ef2cd8000)]
=>0x00007f7eedcfd800 JavaThread "Server thread" [_thread_in_vm, id=17251, stack(0x00007f7e9e279000,0x00007f7e9e37a000)]
  0x00007f7eedcfc800 JavaThread "Server Infinisleeper" daemon [_thread_blocked, id=17250, stack(0x00007f7ed838e000,0x00007f7ed848f000)]
  0x00007f7eecc41800 JavaThread "Snooper Timer" daemon [_thread_blocked, id=17249, stack(0x00007f7ed828d000,0x00007f7ed838e000)]
  0x00007f7eec144000 JavaThread "Service Thread" daemon [_thread_blocked, id=17172, stack(0x00007f7ed96fb000,0x00007f7ed97fc000)]
  0x00007f7eec141000 JavaThread "C1 CompilerThread1" daemon [_thread_in_native, id=17171, stack(0x00007f7ed97fd000,0x00007f7ed98fd000)]
  0x00007f7eec13e800 JavaThread "C2 CompilerThread0" daemon [_thread_in_native, id=17170, stack(0x00007f7ed98fe000,0x00007f7ed99fe000)]
  0x00007f7eec13d000 JavaThread "Signal Dispatcher" daemon [_thread_blocked, id=17169, stack(0x00007f7ed99fe000,0x00007f7ed9aff000)]
  0x00007f7eec10a000 JavaThread "Finalizer" daemon [_thread_blocked, id=17168, stack(0x00007f7ed9e3e000,0x00007f7ed9f3f000)]
  0x00007f7eec105800 JavaThread "Reference Handler" daemon [_thread_blocked, id=17167, stack(0x00007f7ed9f3f000,0x00007f7eda040000)]

Other Threads:
  0x00007f7eec0fc000 VMThread [stack: 0x00007f7eda041000,0x00007f7eda141000] [id=17166]
  0x00007f7eec146800 WatcherThread [stack: 0x00007f7ed95fb000,0x00007f7ed96fb000] [id=17173]

VM state:not at safepoint (normal execution)

VM Mutex/Monitor currently owned by a thread: None

heap address: 0x0000000080000000, size: 2048 MB, Compressed Oops mode: 32-bit
Narrow klass base: 0x0000000000000000, Narrow klass shift: 3
Compressed class space size: 1073741824 Address: 0x0000000100000000

Heap:
 PSYoungGen      total 547840K, used 409740K [0x00000000d5580000, 0x0000000100000000, 0x0000000100000000)
  eden space 417280K, 74% used [0x00000000d5580000,0x00000000e84b2de8,0x00000000eed00000)
  from space 130560K, 76% used [0x00000000f8080000,0x00000000fe170338,0x0000000100000000)
  to   space 140800K, 0% used [0x00000000eed00000,0x00000000eed00000,0x00000000f7680000)
 ParOldGen       total 1398272K, used 258941K [0x0000000080000000, 0x00000000d5580000, 0x00000000d5580000)
  object space 1398272K, 18% used [0x0000000080000000,0x000000008fcdf710,0x00000000d5580000)
 Metaspace       used 86143K, capacity 88194K, committed 88360K, reserved 1124352K
  class space    used 13192K, capacity 13793K, committed 13864K, reserved 1048576K

Card table byte_map: [0x00007f7edbbc8000,0x00007f7edbfc9000] byte_map_base: 0x00007f7edb7c8000

Marking Bits: (ParMarkBitMap*) 0x00007f7ef1e603c0
 Begin Bits: [0x00007f7ed0000000, 0x00007f7ed2000000)
 End Bits:   [0x00007f7ed2000000, 0x00007f7ed4000000)

Polling page: 0x00007f7ef2ce1000

CodeCache: size=245760Kb used=22359Kb max_used=22371Kb free=223400Kb
 bounds [0x00007f7edc389000, 0x00007f7edda09000, 0x00007f7eeb389000]
 total_blobs=7774 nmethods=7091 adapters=597
 compilation: enabled

Compilation events (10 events):
Event: 171.091 Thread 0x00007f7eec141000 9154       2       org.spongepowered.asm.mixin.transformer.MixinPostProcessor::canProcess (32 bytes)
Event: 171.111 Thread 0x00007f7eec141000 nmethod 9154 0x00007f7edc6d4dd0 code [0x00007f7edc6d4f40, 0x00007f7edc6d5138]
Event: 171.152 Thread 0x00007f7eec141000 9155       2       org.spongepowered.asm.util.ReEntranceLock::push (17 bytes)
Event: 171.228 Thread 0x00007f7eec141000 nmethod 9155 0x00007f7edd914c10 code [0x00007f7edd914d60, 0x00007f7edd914ed0]
Event: 171.230 Thread 0x00007f7eec141000 9156       2       org.spongepowered.asm.util.ReEntranceLock::checkAndSet (15 bytes)
Event: 171.242 Thread 0x00007f7eec141000 nmethod 9156 0x00007f7edc6d4a90 code [0x00007f7edc6d4be0, 0x00007f7edc6d4d50]
Event: 171.242 Thread 0x00007f7eec141000 9157       2       org.spongepowered.asm.mixin.transformer.MixinProcessor::checkSelect (35 bytes)
Event: 171.242 Thread 0x00007f7eec141000 nmethod 9157 0x00007f7edc6d4650 code [0x00007f7edc6d47e0, 0x00007f7edc6d49c8]
Event: 171.399 Thread 0x00007f7eec141000 9159 %s!   2       org.spongepowered.asm.mixin.transformer.MixinProcessor::applyMixins @ 261 (599 bytes)
Event: 171.474 Thread 0x00007f7eec141000 nmethod 9159% 0x00007f7edcac3cd0 code [0x00007f7edcac4200, 0x00007f7edcac7d28]

GC Heap History (10 events):
Event: 129.216 GC heap before
{Heap before GC invocations=27 (full 3):
 PSYoungGen      total 589824K, used 589735K [0x00000000d5580000, 0x0000000100000000, 0x0000000100000000)
  eden space 491008K, 100% used [0x00000000d5580000,0x00000000f3500000,0x00000000f3500000)
  from space 98816K, 99% used [0x00000000f3500000,0x00000000f9569e28,0x00000000f9580000)
  to   space 109056K, 0% used [0x00000000f9580000,0x00000000f9580000,0x0000000100000000)
 ParOldGen       total 1398272K, used 258909K [0x0000000080000000, 0x00000000d5580000, 0x00000000d5580000)
  object space 1398272K, 18% used [0x0000000080000000,0x000000008fcd7710,0x00000000d5580000)
 Metaspace       used 66226K, capacity 67340K, committed 67880K, reserved 1105920K
  class space    used 9986K, capacity 10446K, committed 10536K, reserved 1048576K
Event: 129.394 GC heap after
Heap after GC invocations=27 (full 3):
 PSYoungGen      total 575488K, used 54377K [0x00000000d5580000, 0x0000000100000000, 0x0000000100000000)
  eden space 466432K, 0% used [0x00000000d5580000,0x00000000d5580000,0x00000000f1d00000)
  from space 109056K, 49% used [0x00000000f9580000,0x00000000fca9a720,0x0000000100000000)
  to   space 116224K, 0% used [0x00000000f1d00000,0x00000000f1d00000,0x00000000f8e80000)
 ParOldGen       total 1398272K, used 258917K [0x0000000080000000, 0x00000000d5580000, 0x00000000d5580000)
  object space 1398272K, 18% used [0x0000000080000000,0x000000008fcd9710,0x00000000d5580000)
 Metaspace       used 66226K, capacity 67340K, committed 67880K, reserved 1105920K
  class space    used 9986K, capacity 10446K, committed 10536K, reserved 1048576K
}
Event: 135.575 GC heap before
{Heap before GC invocations=28 (full 3):
 PSYoungGen      total 575488K, used 520809K [0x00000000d5580000, 0x0000000100000000, 0x0000000100000000)
  eden space 466432K, 100% used [0x00000000d5580000,0x00000000f1d00000,0x00000000f1d00000)
  from space 109056K, 49% used [0x00000000f9580000,0x00000000fca9a720,0x0000000100000000)
  to   space 116224K, 0% used [0x00000000f1d00000,0x00000000f1d00000,0x00000000f8e80000)
 ParOldGen       total 1398272K, used 258917K [0x0000000080000000, 0x00000000d5580000, 0x00000000d5580000)
  object space 1398272K, 18% used [0x0000000080000000,0x000000008fcd9710,0x00000000d5580000)
 Metaspace       used 68694K, capacity 69974K, committed 70184K, reserved 1107968K
  class space    used 10272K, capacity 10737K, committed 10792K, reserved 1048576K
Event: 135.793 GC heap after
Heap after GC invocations=28 (full 3):
 PSYoungGen      total 529920K, used 63387K [0x00000000d5580000, 0x0000000100000000, 0x0000000100000000)
  eden space 466432K, 0% used [0x00000000d5580000,0x00000000d5580000,0x00000000f1d00000)
  from space 63488K, 99% used [0x00000000f1d00000,0x00000000f5ae6cf8,0x00000000f5b00000)
  to   space 117248K, 0% used [0x00000000f8d80000,0x00000000f8d80000,0x0000000100000000)
 ParOldGen       total 1398272K, used 258925K [0x0000000080000000, 0x00000000d5580000, 0x00000000d5580000)
  object space 1398272K, 18% used [0x0000000080000000,0x000000008fcdb710,0x00000000d5580000)
 Metaspace       used 68694K, capacity 69974K, committed 70184K, reserved 1107968K
  class space    used 10272K, capacity 10737K, committed 10792K, reserved 1048576K
}
Event: 143.818 GC heap before
{Heap before GC invocations=29 (full 3):
 PSYoungGen      total 529920K, used 529819K [0x00000000d5580000, 0x0000000100000000, 0x0000000100000000)
  eden space 466432K, 100% used [0x00000000d5580000,0x00000000f1d00000,0x00000000f1d00000)
  from space 63488K, 99% used [0x00000000f1d00000,0x00000000f5ae6cf8,0x00000000f5b00000)
  to   space 117248K, 0% used [0x00000000f8d80000,0x00000000f8d80000,0x0000000100000000)
 ParOldGen       total 1398272K, used 258925K [0x0000000080000000, 0x00000000d5580000, 0x00000000d5580000)
  object space 1398272K, 18% used [0x0000000080000000,0x000000008fcdb710,0x00000000d5580000)
 Metaspace       used 75472K, capacity 77056K, committed 77224K, reserved 1114112K
  class space    used 11897K, capacity 12390K, committed 12456K, reserved 1048576K
Event: 144.110 GC heap after
Heap after GC invocations=29 (full 3):
 PSYoungGen      total 571392K, used 77141K [0x00000000d5580000, 0x0000000100000000, 0x0000000100000000)
  eden space 454144K, 0% used [0x00000000d5580000,0x00000000d5580000,0x00000000f1100000)
  from space 117248K, 65% used [0x00000000f8d80000,0x00000000fd8d5618,0x0000000100000000)
  to   space 122368K, 0% used [0x00000000f1100000,0x00000000f1100000,0x00000000f8880000)
 ParOldGen       total 1398272K, used 258933K [0x0000000080000000, 0x00000000d5580000, 0x00000000d5580000)
  object space 1398272K, 18% used [0x0000000080000000,0x000000008fcdd710,0x00000000d5580000)
 Metaspace       used 75472K, capacity 77056K, committed 77224K, reserved 1114112K
  class space    used 11897K, capacity 12390K, committed 12456K, reserved 1048576K
}
Event: 152.200 GC heap before
{Heap before GC invocations=30 (full 3):
 PSYoungGen      total 571392K, used 531285K [0x00000000d5580000, 0x0000000100000000, 0x0000000100000000)
  eden space 454144K, 100% used [0x00000000d5580000,0x00000000f1100000,0x00000000f1100000)
  from space 117248K, 65% used [0x00000000f8d80000,0x00000000fd8d5618,0x0000000100000000)
  to   space 122368K, 0% used [0x00000000f1100000,0x00000000f1100000,0x00000000f8880000)
 ParOldGen       total 1398272K, used 258933K [0x0000000080000000, 0x00000000d5580000, 0x00000000d5580000)
  object space 1398272K, 18% used [0x0000000080000000,0x000000008fcdd710,0x00000000d5580000)
 Metaspace       used 80549K, capacity 82542K, committed 82856K, reserved 1118208K
  class space    used 12533K, capacity 13143K, committed 13224K, reserved 1048576K
Event: 152.492 GC heap after
Heap after GC invocations=30 (full 3):
 PSYoungGen      total 542720K, used 88156K [0x00000000d5580000, 0x0000000100000000, 0x0000000100000000)
  eden space 454144K, 0% used [0x00000000d5580000,0x00000000d5580000,0x00000000f1100000)
  from space 88576K, 99% used [0x00000000f1100000,0x00000000f6717218,0x00000000f6780000)
  to   space 130560K, 0% used [0x00000000f8080000,0x00000000f8080000,0x0000000100000000)
 ParOldGen       total 1398272K, used 258941K [0x0000000080000000, 0x00000000d5580000, 0x00000000d5580000)
  object space 1398272K, 18% used [0x0000000080000000,0x000000008fcdf710,0x00000000d5580000)
 Metaspace       used 80549K, capacity 82542K, committed 82856K, reserved 1118208K
  class space    used 12533K, capacity 13143K, committed 13224K, reserved 1048576K
}
Event: 160.139 GC heap before
{Heap before GC invocations=31 (full 3):
 PSYoungGen      total 542720K, used 542300K [0x00000000d5580000, 0x0000000100000000, 0x0000000100000000)
  eden space 454144K, 100% used [0x00000000d5580000,0x00000000f1100000,0x00000000f1100000)
  from space 88576K, 99% used [0x00000000f1100000,0x00000000f6717218,0x00000000f6780000)
  to   space 130560K, 0% used [0x00000000f8080000,0x00000000f8080000,0x0000000100000000)
 ParOldGen       total 1398272K, used 258941K [0x0000000080000000, 0x00000000d5580000, 0x00000000d5580000)
  object space 1398272K, 18% used [0x0000000080000000,0x000000008fcdf710,0x00000000d5580000)
 Metaspace       used 83749K, capacity 85778K, committed 86056K, reserved 1122304K
  class space    used 12912K, capacity 13527K, committed 13608K, reserved 1048576K
Event: 160.388 GC heap after
Heap after GC invocations=31 (full 3):
 PSYoungGen      total 547840K, used 99264K [0x00000000d5580000, 0x0000000100000000, 0x0000000100000000)
  eden space 417280K, 0% used [0x00000000d5580000,0x00000000d5580000,0x00000000eed00000)
  from space 130560K, 76% used [0x00000000f8080000,0x00000000fe170338,0x0000000100000000)
  to   space 140800K, 0% used [0x00000000eed00000,0x00000000eed00000,0x00000000f7680000)
 ParOldGen       total 1398272K, used 258941K [0x0000000080000000, 0x00000000d5580000, 0x00000000d5580000)
  object space 1398272K, 18% used [0x0000000080000000,0x000000008fcdf710,0x00000000d5580000)
 Metaspace       used 83749K, capacity 85778K, committed 86056K, reserved 1122304K
  class space    used 12912K, capacity 13527K, committed 13608K, reserved 1048576K
}

Deoptimization events (10 events):
Event: 146.749 Thread 0x00007f7e9801b800 Uncommon trap: reason=class_check action=maybe_recompile pc=0x00007f7edd1f4454 method=java.util.SubList.<init>(Ljava/util/AbstractList;II)V @ 37
Event: 148.868 Thread 0x00007f7eedcfd800 Uncommon trap: reason=unstable_if action=reinterpret pc=0x00007f7edd5bb79c method=net.minecraftforge.fml.common.asm.transformers.SideTransformer.transform(Ljava/lang/String;Ljava/lang/String;[B)[B @ 1
Event: 149.398 Thread 0x00007f7eedcfd800 Uncommon trap: reason=unstable_if action=reinterpret pc=0x00007f7edc6fc828 method=java.util.jar.Attributes.read(Ljava/util/jar/Manifest$FastInputStream;[B)V @ 58
Event: 151.765 Thread 0x00007f7eedcfd800 Uncommon trap: reason=class_check action=maybe_recompile pc=0x00007f7edd320fb4 method=org.objectweb.asm.ClassReader.readCode(Lorg/objectweb/asm/MethodVisitor;Lorg/objectweb/asm/Context;I)V @ 3429
Event: 151.766 Thread 0x00007f7eedcfd800 Uncommon trap: reason=class_check action=maybe_recompile pc=0x00007f7edd320fb4 method=org.objectweb.asm.ClassReader.readCode(Lorg/objectweb/asm/MethodVisitor;Lorg/objectweb/asm/Context;I)V @ 3429
Event: 151.768 Thread 0x00007f7eedcfd800 Uncommon trap: reason=unstable_if action=reinterpret pc=0x00007f7edd75b988 method=org.objectweb.asm.tree.MethodNode.accept(Lorg/objectweb/asm/MethodVisitor;)V @ 790
Event: 151.770 Thread 0x00007f7eedcfd800 Uncommon trap: reason=class_check action=maybe_recompile pc=0x00007f7edd776b7c method=org.objectweb.asm.ClassReader.readCode(Lorg/objectweb/asm/MethodVisitor;Lorg/objectweb/asm/Context;I)V @ 3429
Event: 159.307 Thread 0x00007f7eedcfd800 Uncommon trap: reason=unstable_if action=reinterpret pc=0x00007f7edc9ee360 method=java.text.DecimalFormatSymbols.initialize(Ljava/util/Locale;)V @ 188
Event: 164.985 Thread 0x00007f7eedcfd800 Uncommon trap: reason=unstable_if action=reinterpret pc=0x00007f7edd917600 method=sun.nio.cs.UTF_8$Encoder.encodeArrayLoop(Ljava/nio/CharBuffer;Ljava/nio/ByteBuffer;)Ljava/nio/charset/CoderResult; @ 87
Event: 164.992 Thread 0x00007f7eedcfd800 Uncommon trap: reason=unstable_if action=reinterpret pc=0x00007f7edc84afd4 method=sun.nio.cs.UTF_8$Encoder.encodeArrayLoop(Ljava/nio/CharBuffer;Ljava/nio/ByteBuffer;)Ljava/nio/charset/CoderResult; @ 87

Classes redefined (0 events):
No events

Internal exceptions (10 events):
Event: 154.021 Thread 0x00007f7eedcfd800 Exception <a 'sun/nio/fs/UnixException'> (0x00000000db16c490) thrown at [/build/openjdk-8-piDAoU/openjdk-8-8u252-b09/src/hotspot/src/share/vm/prims/jni.cpp, line 710]
Event: 155.163 Thread 0x00007f7eedcfd800 Exception <a 'sun/nio/fs/UnixException'> (0x00000000de286c88) thrown at [/build/openjdk-8-piDAoU/openjdk-8-8u252-b09/src/hotspot/src/share/vm/prims/jni.cpp, line 710]
Event: 155.170 Thread 0x00007f7eedcfd800 Exception <a 'java/lang/IncompatibleClassChangeError': Found class java.lang.Object, but interface was expected> (0x00000000de31d4c8) thrown at [/build/openjdk-8-piDAoU/openjdk-8-8u252-b09/src/hotspot/src/share/vm/interpreter/linkResolver.cpp, line 653]
Event: 155.358 Thread 0x00007f7eedcfd800 Exception <a 'sun/nio/fs/UnixException'> (0x00000000de53c1d0) thrown at [/build/openjdk-8-piDAoU/openjdk-8-8u252-b09/src/hotspot/src/share/vm/prims/jni.cpp, line 710]
Event: 166.173 Thread 0x00007f7eedcfd800 Exception <a 'sun/nio/fs/UnixException'> (0x00000000e201f290) thrown at [/build/openjdk-8-piDAoU/openjdk-8-8u252-b09/src/hotspot/src/share/vm/prims/jni.cpp, line 710]
Event: 166.454 Thread 0x00007f7eedcfd800 Exception <a 'sun/nio/fs/UnixException'> (0x00000000e23c5138) thrown at [/build/openjdk-8-piDAoU/openjdk-8-8u252-b09/src/hotspot/src/share/vm/prims/jni.cpp, line 710]
Event: 166.519 Thread 0x00007f7eedcfd800 Exception <a 'sun/nio/fs/UnixException'> (0x00000000e2407550) thrown at [/build/openjdk-8-piDAoU/openjdk-8-8u252-b09/src/hotspot/src/share/vm/prims/jni.cpp, line 710]
Event: 166.818 Thread 0x00007f7eedcfd800 Exception <a 'sun/nio/fs/UnixException'> (0x00000000e24e4c28) thrown at [/build/openjdk-8-piDAoU/openjdk-8-8u252-b09/src/hotspot/src/share/vm/prims/jni.cpp, line 710]
Event: 166.819 Thread 0x00007f7eedcfd800 Exception <a 'sun/nio/fs/UnixException'> (0x00000000e24f2838) thrown at [/build/openjdk-8-piDAoU/openjdk-8-8u252-b09/src/hotspot/src/share/vm/prims/jni.cpp, line 710]
Event: 166.996 Thread 0x00007f7eedcfd800 Exception <a 'sun/nio/fs/UnixException'> (0x00000000e2573ab0) thrown at [/build/openjdk-8-piDAoU/openjdk-8-8u252-b09/src/hotspot/src/share/vm/prims/jni.cpp, line 710]

Events (10 events):
Event: 171.398 loading class org/h2/schema/SchemaObject
Event: 171.398 loading class org/h2/schema/SchemaObject done
Event: 171.412 loading class org/h2/result/SearchRow
Event: 171.412 loading class org/h2/result/SearchRow done
Event: 171.428 loading class org/h2/value/CaseInsensitiveMap
Event: 171.428 loading class org/h2/value/CaseInsensitiveMap done
Event: 171.478 loading class org/h2/value/NullableKeyConcurrentMap
Event: 171.479 loading class org/h2/value/NullableKeyConcurrentMap done
Event: 171.513 loading class org/h2/value/CaseInsensitiveConcurrentMap
Event: 171.515 loading class org/h2/value/CaseInsensitiveConcurrentMap done


Dynamic libraries:
80000000-100d8a000 rw-p 00000000 00:00 0 
100d8a000-140000000 ---p 00000000 00:00 0 
55fa57b91000-55fa57b92000 r-xp 00000000 fc:01 776843                     /usr/lib/jvm/java-8-openjdk-amd64/jre/bin/java
55fa57d91000-55fa57d92000 r--p 00000000 fc:01 776843                     /usr/lib/jvm/java-8-openjdk-amd64/jre/bin/java
55fa57d92000-55fa57d93000 rw-p 00001000 fc:01 776843                     /usr/lib/jvm/java-8-openjdk-amd64/jre/bin/java
55fa58b5c000-55fa58b7d000 rw-p 00000000 00:00 0                          [heap]
7f7e965f4000-7f7e966b4000 rw-p 00000000 00:00 0 
7f7e966f4000-7f7e967f4000 ---p 00000000 00:00 0 
7f7e967f4000-7f7e969f4000 rw-p 00000000 00:00 0 
7f7e969f4000-7f7e969f7000 ---p 00000000 00:00 0 
7f7e969f7000-7f7e96af5000 rw-p 00000000 00:00 0 
7f7e96af5000-7f7e96af8000 ---p 00000000 00:00 0 
7f7e96af8000-7f7e96df6000 rw-p 00000000 00:00 0 
7f7e96df6000-7f7e96ff6000 rw-p 00000000 00:00 0 
7f7e96ff6000-7f7e971f6000 rw-p 00000000 00:00 0 
7f7e971f6000-7f7e971f9000 ---p 00000000 00:00 0 
7f7e971f9000-7f7e972f7000 rw-p 00000000 00:00 0 
7f7e972f7000-7f7e972fa000 ---p 00000000 00:00 0 
7f7e972fa000-7f7e973f8000 rw-p 00000000 00:00 0 
7f7e973f8000-7f7e973fb000 ---p 00000000 00:00 0 
7f7e973fb000-7f7e974f9000 rw-p 00000000 00:00 0 
7f7e974f9000-7f7e974fc000 ---p 00000000 00:00 0 
7f7e974fc000-7f7e975fa000 rw-p 00000000 00:00 0 
7f7e975fa000-7f7e975fd000 ---p 00000000 00:00 0 
7f7e975fd000-7f7e976fb000 rw-p 00000000 00:00 0 
7f7e976fb000-7f7e976fe000 ---p 00000000 00:00 0 
7f7e976fe000-7f7e977fc000 rw-p 00000000 00:00 0 
7f7e977fc000-7f7e977ff000 ---p 00000000 00:00 0 
7f7e977ff000-7f7e978fd000 rw-p 00000000 00:00 0 
7f7e978fd000-7f7e97900000 ---p 00000000 00:00 0 
7f7e97900000-7f7e979fe000 rw-p 00000000 00:00 0 
7f7e979fe000-7f7e97a01000 ---p 00000000 00:00 0 
7f7e97a01000-7f7e97aff000 rw-p 00000000 00:00 0 
7f7e97aff000-7f7e97b02000 ---p 00000000 00:00 0 
7f7e97b02000-7f7e97e00000 rw-p 00000000 00:00 0 
7f7e97e00000-7f7e98000000 rw-p 00000000 00:00 0 
7f7e98000000-7f7e980de000 rw-p 00000000 00:00 0 
7f7e980de000-7f7e9c000000 ---p 00000000 00:00 0 
7f7e9c05b000-7f7e9c06e000 r--s 00201000 fc:01 778173                     /opt/pixelmon/forge/luckperms/libs/h2-driver-1.4.199.jar
7f7e9c06e000-7f7e9c072000 r--s 0001b000 fc:01 778167                     /opt/pixelmon/forge/luckperms/libs/configurate-core-3.5-remapped.jar
7f7e9c072000-7f7e9c074000 r--s 00002000 fc:01 778171                     /opt/pixelmon/forge/luckperms/libs/event-3.0.0-remapped.jar
7f7e9c074000-7f7e9c075000 r--s 00003000 fc:01 778187                     /opt/pixelmon/forge/luckperms/libs/text-serializer-legacy-3.0.3-remapped.jar
7f7e9c075000-7f7e9c076000 r--s 00000000 fc:01 778183                     /opt/pixelmon/forge/luckperms/libs/text-adapter-spongeapi-3.0.3-remapped.jar
7f7e9c076000-7f7e9c079000 r--s 00018000 fc:01 778181                     /opt/pixelmon/forge/luckperms/libs/text-3.0.3-remapped.jar
7f7e9c079000-7f7e9c08b000 r--s 000c7000 fc:01 778165                     /opt/pixelmon/forge/luckperms/libs/caffeine-2.8.1-remapped.jar
7f7e9c08b000-7f7e9c0de000 r--s 00309000 fc:01 778163                     /opt/pixelmon/forge/luckperms/libs/bytebuddy-1.10.9-remapped.jar
7f7e9c0de000-7f7e9c0e1000 ---p 00000000 00:00 0 
7f7e9c0e1000-7f7e9c1df000 rw-p 00000000 00:00 0 
7f7e9c1df000-7f7e9c207000 r-xp 00000000 fc:01 776886                     /usr/lib/jvm/java-8-openjdk-amd64/jre/lib/amd64/libsunec.so
7f7e9c207000-7f7e9c406000 ---p 00028000 fc:01 776886                     /usr/lib/jvm/java-8-openjdk-amd64/jre/lib/amd64/libsunec.so
7f7e9c406000-7f7e9c40a000 r--p 00027000 fc:01 776886                     /usr/lib/jvm/java-8-openjdk-amd64/jre/lib/amd64/libsunec.so
7f7e9c40a000-7f7e9c40b000 rw-p 0002b000 fc:01 776886                     /usr/lib/jvm/java-8-openjdk-amd64/jre/lib/amd64/libsunec.so
7f7e9c40b000-7f7e9c40e000 ---p 00000000 00:00 0 
7f7e9c40e000-7f7e9c50c000 rw-p 00000000 00:00 0 
7f7e9c50c000-7f7e9c523000 r-xp 00000000 fc:01 2179                       /lib/x86_64-linux-gnu/libresolv-2.27.so
7f7e9c523000-7f7e9c723000 ---p 00017000 fc:01 2179                       /lib/x86_64-linux-gnu/libresolv-2.27.so
7f7e9c723000-7f7e9c724000 r--p 00017000 fc:01 2179                       /lib/x86_64-linux-gnu/libresolv-2.27.so
7f7e9c724000-7f7e9c725000 rw-p 00018000 fc:01 2179                       /lib/x86_64-linux-gnu/libresolv-2.27.so
7f7e9c725000-7f7e9c727000 rw-p 00000000 00:00 0 
7f7e9c727000-7f7e9c72c000 r-xp 00000000 fc:01 2092                       /lib/x86_64-linux-gnu/libnss_dns-2.27.so
7f7e9c72c000-7f7e9c92c000 ---p 00005000 fc:01 2092                       /lib/x86_64-linux-gnu/libnss_dns-2.27.so
7f7e9c92c000-7f7e9c92d000 r--p 00005000 fc:01 2092                       /lib/x86_64-linux-gnu/libnss_dns-2.27.so
7f7e9c92d000-7f7e9c92e000 rw-p 00006000 fc:01 2092                       /lib/x86_64-linux-gnu/libnss_dns-2.27.so
7f7e9c92e000-7f7e9cb2e000 rw-p 00000000 00:00 0 
7f7e9cb2e000-7f7e9cc23000 r--s 00e7a000 fc:01 778239                     /opt/pixelmon/forge/mods/plugins/webapi-5.4.5-S7.1.0.jar
7f7e9cc23000-7f7e9cc3e000 r--s 00140000 fc:01 778229                     /opt/pixelmon/forge/mods/plugins/LuckPerms-Sponge-5.1.17.jar
7f7e9cc3e000-7f7e9cc51000 r--s 00130000 fc:01 778222                     /opt/pixelmon/forge/mods/plugins/AutoCommands-1.0.0-SNAPSHOT.jar
7f7e9cc51000-7f7e9ce51000 rw-p 00000000 00:00 0 
7f7e9ce51000-7f7e9d077000 r--s 15322000 fc:01 777194                     /opt/pixelmon/forge/mods/Pixelmon-1.12.2-7.2.2-universal.jar
7f7e9d077000-7f7e9d277000 rw-p 00000000 00:00 0 
7f7e9d277000-7f7e9d27a000 ---p 00000000 00:00 0 
7f7e9d27a000-7f7e9d578000 rw-p 00000000 00:00 0 
7f7e9d578000-7f7e9d778000 rw-p 00000000 00:00 0 
7f7e9d778000-7f7e9d978000 rw-p 00000000 00:00 0 
7f7e9d978000-7f7e9db78000 rw-p 00000000 00:00 0 
7f7e9db78000-7f7e9dd78000 rw-p 00000000 00:00 0 
7f7e9dd78000-7f7e9df78000 rw-p 00000000 00:00 0 
7f7e9df78000-7f7e9e178000 rw-p 00000000 00:00 0 
7f7e9e178000-7f7e9e17b000 ---p 00000000 00:00 0 
7f7e9e17b000-7f7e9e279000 rw-p 00000000 00:00 0 
7f7e9e279000-7f7e9e27c000 ---p 00000000 00:00 0 
7f7e9e27c000-7f7e9e57a000 rw-p 00000000 00:00 0 
7f7e9e57a000-7f7e9e77a000 rw-p 00000000 00:00 0 
7f7e9e77a000-7f7e9e97a000 rw-p 00000000 00:00 0 
7f7e9e97a000-7f7e9eb7a000 rw-p 00000000 00:00 0 
7f7e9eb7a000-7f7e9ed7a000 rw-p 00000000 00:00 0 
7f7e9ed7a000-7f7e9ef7a000 rw-p 00000000 00:00 0 
7f7e9ef7a000-7f7e9f17a000 rw-p 00000000 00:00 0 
7f7e9f17a000-7f7e9f37a000 rw-p 00000000 00:00 0 
7f7e9f37a000-7f7e9f57a000 rw-p 00000000 00:00 0 
7f7e9f57a000-7f7e9f77a000 rw-p 00000000 00:00 0 
7f7e9f77a000-7f7e9f97a000 rw-p 00000000 00:00 0 
7f7e9f97a000-7f7e9f990000 r-xp 00000000 fc:01 776887                     /usr/lib/jvm/java-8-openjdk-amd64/jre/lib/amd64/libunpack.so
7f7e9f990000-7f7e9fb8f000 ---p 00016000 fc:01 776887                     /usr/lib/jvm/java-8-openjdk-amd64/jre/lib/amd64/libunpack.so
7f7e9fb8f000-7f7e9fb91000 r--p 00015000 fc:01 776887                     /usr/lib/jvm/java-8-openjdk-amd64/jre/lib/amd64/libunpack.so
7f7e9fb91000-7f7e9fb92000 rw-p 00017000 fc:01 776887                     /usr/lib/jvm/java-8-openjdk-amd64/jre/lib/amd64/libunpack.so
7f7e9fb92000-7f7e9fd93000 rw-p 00000000 00:00 0 
7f7e9fd93000-7f7e9feca000 r--s 01409000 fc:01 778242                     /opt/pixelmon/forge/mods/spongeforge-1.12.2-2838-7.2.3-RC4035.jar
7f7e9feca000-7f7ea0000000 r--s 013e1000 fc:01 778241                     /opt/pixelmon/forge/mods/spongeforge-1.12.2-2838-7.2.1.jar
7f7ea0000000-7f7ea1361000 rw-p 00000000 00:00 0 
7f7ea1361000-7f7ea4000000 ---p 00000000 00:00 0 
7f7ea4000000-7f7ea4043000 rw-p 00000000 00:00 0 
7f7ea4043000-7f7ea8000000 ---p 00000000 00:00 0 
7f7ea8000000-7f7ea8021000 rw-p 00000000 00:00 0 
7f7ea8021000-7f7eac000000 ---p 00000000 00:00 0 
7f7eac000000-7f7eac021000 rw-p 00000000 00:00 0 
7f7eac021000-7f7eb0000000 ---p 00000000 00:00 0 
7f7eb0000000-7f7eb0dba000 rw-p 00000000 00:00 0 
7f7eb0dba000-7f7eb4000000 ---p 00000000 00:00 0 
7f7eb4000000-7f7eb4021000 rw-p 00000000 00:00 0 
7f7eb4021000-7f7eb8000000 ---p 00000000 00:00 0 
7f7eb8000000-7f7eb8021000 rw-p 00000000 00:00 0 
7f7eb8021000-7f7ebc000000 ---p 00000000 00:00 0 
7f7ebc000000-7f7ebf4d6000 rw-p 00000000 00:00 0 
7f7ebf4d6000-7f7ec0000000 ---p 00000000 00:00 0 
7f7ec0000000-7f7ec0021000 rw-p 00000000 00:00 0 
7f7ec0021000-7f7ec4000000 ---p 00000000 00:00 0 
7f7ec4000000-7f7ec4021000 rw-p 00000000 00:00 0 
7f7ec4021000-7f7ec8000000 ---p 00000000 00:00 0 
7f7ec8000000-7f7ec80d3000 rw-p 00000000 00:00 0 
7f7ec80d3000-7f7ecc000000 ---p 00000000 00:00 0 
7f7ecc000000-7f7ecc022000 rw-p 00000000 00:00 0 
7f7ecc022000-7f7ed0000000 ---p 00000000 00:00 0 
7f7ed0000000-7f7ed4000000 rw-p 00000000 00:00 0 
7f7ed4000000-7f7ed4027000 rw-p 00000000 00:00 0 
7f7ed4027000-7f7ed8000000 ---p 00000000 00:00 0 
7f7ed8000000-7f7ed8006000 r--s 00042000 fc:01 778174                     /opt/pixelmon/forge/luckperms/libs/hocon-config-1.3.3-remapped.jar
7f7ed8006000-7f7ed8007000 r--s 00004000 fc:01 778185                     /opt/pixelmon/forge/luckperms/libs/text-serializer-gson-3.0.3-remapped.jar
7f7ed8007000-7f7ed8009000 r--s 00016000 fc:01 778179                     /opt/pixelmon/forge/luckperms/libs/okio-1.17.5-remapped.jar
7f7ed8009000-7f7ed800a000 r--s 00002000 fc:01 778169                     /opt/pixelmon/forge/luckperms/libs/configurate-hocon-3.5-remapped.jar
7f7ed800a000-7f7ed8011000 r--s 00068000 fc:01 778177                     /opt/pixelmon/forge/luckperms/libs/okhttp-3.14.7-remapped.jar
7f7ed8011000-7f7ed8015000 r--s 00028000 fc:01 778227                     /opt/pixelmon/forge/mods/plugins/EconomyLite-7.1.0-2.15.1.jar
7f7ed8015000-7f7ed8017000 r--s 0000d000 fc:01 778226                     /opt/pixelmon/forge/mods/plugins/CatClearLag-0.9.5.1.jar
7f7ed8017000-7f7ed8019000 r--s 0000b000 fc:01 778232                     /opt/pixelmon/forge/mods/plugins/PixelGenocide-1.1.1.jar
7f7ed8019000-7f7ed8023000 r--s 000f2000 fc:01 778235                     /opt/pixelmon/forge/mods/plugins/griefdefender-sponge-1.2.4-B15.jar
7f7ed8023000-7f7ed8025000 r--s 00006000 fc:01 778224                     /opt/pixelmon/forge/mods/plugins/Boop-1.6.2.jar
7f7ed8025000-7f7ed8028000 r--s 0002a000 fc:01 778234                     /opt/pixelmon/forge/mods/plugins/VillagerShops-2.5.jar
7f7ed8028000-7f7ed802b000 r--s 0001c000 fc:01 778230                     /opt/pixelmon/forge/mods/plugins/MegaMenus-0.7.jar
7f7ed802b000-7f7ed802d000 r--s 0000e000 fc:01 778228                     /opt/pixelmon/forge/mods/plugins/LangSwitch-1.6.1.jar
7f7ed802d000-7f7ed8049000 r--s 0014c000 fc:01 778240                     /opt/pixelmon/forge/mods/plugins/worldedit-sponge-api7.1.0-6.1.10-SNAPSHOT-dist.jar
7f7ed8049000-7f7ed804a000 r--s 00007000 fc:01 778238                     /opt/pixelmon/forge/mods/plugins/simpletablist-1.2.1.jar
7f7ed804a000-7f7ed804d000 r--s 00027000 fc:01 778233                     /opt/pixelmon/forge/mods/plugins/PlaceholderAPI-4.4.jar
7f7ed804d000-7f7ed8057000 r--s 00151000 fc:01 778223                     /opt/pixelmon/forge/mods/plugins/BlueMap-0.7.0-mc1.12-sponge.jar
7f7ed8057000-7f7ed805a000 r--s 0002d000 fc:01 778237                     /opt/pixelmon/forge/mods/plugins/projectworlds-7.2.0-0.13.1.jar
7f7ed805a000-7f7ed805b000 r--s 00008000 fc:01 778236                     /opt/pixelmon/forge/mods/plugins/projectcore-7.2.0-0.3.0.jar
7f7ed805b000-7f7ed807b000 r--s 0015f000 fc:01 778219                     /opt/pixelmon/forge/mods/VariedCommodities_1.12.2(21nov19).jar
7f7ed807b000-7f7ed807d000 r--s 00005000 fc:01 778218                     /opt/pixelmon/forge/mods/SimpleDexRewards-1.0-RELEASE-.jar
7f7ed807d000-7f7ed807f000 r--s 00012000 fc:01 778217                     /opt/pixelmon/forge/mods/PixelmonBroadcasts-1.12.2-0.4.1.jar
7f7ed807f000-7f7ed8082000 r--s 00024000 fc:01 778216                     /opt/pixelmon/forge/mods/PixelExtras-1.12.2-2.5.7-universal.jar
7f7ed8082000-7f7ed8084000 r--s 0000a000 fc:01 778215                     /opt/pixelmon/forge/mods/PixelAuction-1.12.2-1.2.2-server.jar
7f7ed8084000-7f7ed808d000 r--s 00067000 fc:01 778212                     /opt/pixelmon/forge/mods/GTS-Sponge-1.12.2-5.0.3.jar
7f7ed808d000-7f7ed828d000 rw-p 00000000 00:00 0 
7f7ed828d000-7f7ed8290000 ---p 00000000 00:00 0 
7f7ed8290000-7f7ed838e000 rw-p 00000000 00:00 0 
7f7ed838e000-7f7ed8391000 ---p 00000000 00:00 0 
7f7ed8391000-7f7ed868f000 rw-p 00000000 00:00 0 
7f7ed868f000-7f7ed888f000 rw-p 00000000 00:00 0 
7f7ed888f000-7f7ed8a8f000 rw-p 00000000 00:00 0 
7f7ed8a8f000-7f7ed8a98000 r-xp 00000000 fc:01 776879                     /usr/lib/jvm/java-8-openjdk-amd64/jre/lib/amd64/libmanagement.so
7f7ed8a98000-7f7ed8c97000 ---p 00009000 fc:01 776879                     /usr/lib/jvm/java-8-openjdk-amd64/jre/lib/amd64/libmanagement.so
7f7ed8c97000-7f7ed8c98000 r--p 00008000 fc:01 776879                     /usr/lib/jvm/java-8-openjdk-amd64/jre/lib/amd64/libmanagement.so
7f7ed8c98000-7f7ed8c99000 rw-p 00009000 fc:01 776879                     /usr/lib/jvm/java-8-openjdk-amd64/jre/lib/amd64/libmanagement.so
7f7ed8c99000-7f7ed8e9b000 r--s 01ad1000 fc:01 778190                     /opt/pixelmon/forge/minecraft_server.1.12.2.jar
7f7ed8e9b000-7f7ed8e9e000 r--s 00011000 fc:01 778047                     /opt/pixelmon/forge/libraries/net/sf/jopt-simple/jopt-simple/5.0.3/jopt-simple-5.0.3.jar
7f7ed8e9e000-7f7ed8ea0000 r--s 0000c000 fc:01 778057                     /opt/pixelmon/forge/libraries/org/apache/maven/maven-artifact/3.5.3/maven-artifact-3.5.3.jar
7f7ed8ea0000-7f7ed8ec8000 r--s 00241000 fc:01 778051                     /opt/pixelmon/forge/libraries/net/sf/trove4j/trove4j/3.0.3/trove4j-3.0.3.jar
7f7ed8ec8000-7f7ed8eca000 r--s 0004c000 fc:01 778029                     /opt/pixelmon/forge/libraries/java3d/vecmath/1.5.2/vecmath-1.5.2.jar
7f7ed8eca000-7f7ed8ecb000 r--s 00001000 fc:01 778033                     /opt/pixelmon/forge/libraries/lzma/lzma/0.0.1/lzma-0.0.1.jar
7f7ed8ecb000-7f7ed8ed5000 r--s 00095000 fc:01 778095                     /opt/pixelmon/forge/libraries/org/scala-lang/scala-xml_2.11/1.0.2/scala-xml_2.11-1.0.2.jar
7f7ed8ed5000-7f7ed8ee0000 r--s 000a7000 fc:01 778092                     /opt/pixelmon/forge/libraries/org/scala-lang/scala-swing_2.11/1.0.1/scala-swing_2.11-1.0.1.jar
7f7ed8ee0000-7f7ed8f2b000 r--s 003e1000 fc:01 778089                     /opt/pixelmon/forge/libraries/org/scala-lang/scala-reflect/2.11.1/scala-reflect-2.11.1.jar
7f7ed8f2b000-7f7ed8f36000 r--s 0005c000 fc:01 778086                     /opt/pixelmon/forge/libraries/org/scala-lang/scala-parser-combinators_2.11/1.0.1/scala-parser-combinators_2.11-1.0.1.jar
7f7ed8f36000-7f7ed8f8f000 r--s 004f0000 fc:01 778083                     /opt/pixelmon/forge/libraries/org/scala-lang/scala-library/2.11.1/scala-library-2.11.1.jar
7f7ed8f8f000-7f7ed8f94000 r--s 0002e000 fc:01 778074                     /opt/pixelmon/forge/libraries/org/scala-lang/plugins/scala-continuations-plugin_2.11.1/1.0.2_mc/scala-continuations-plugin_2.11.1-1.0.2_mc.jar
7f7ed8f94000-7f7ed9084000 r--s 00be4000 fc:01 778080                     /opt/pixelmon/forge/libraries/org/scala-lang/scala-compiler/2.11.1/scala-compiler-2.11.1.jar
7f7ed9084000-7f7ed909b000 r-xp 00000000 fc:01 776881                     /usr/lib/jvm/java-8-openjdk-amd64/jre/lib/amd64/libnet.so
7f7ed909b000-7f7ed929a000 ---p 00017000 fc:01 776881                     /usr/lib/jvm/java-8-openjdk-amd64/jre/lib/amd64/libnet.so
7f7ed929a000-7f7ed929b000 r--p 00016000 fc:01 776881                     /usr/lib/jvm/java-8-openjdk-amd64/jre/lib/amd64/libnet.so
7f7ed929b000-7f7ed929c000 rw-p 00017000 fc:01 776881                     /usr/lib/jvm/java-8-openjdk-amd64/jre/lib/amd64/libnet.so
7f7ed929c000-7f7ed92ae000 r-xp 00000000 fc:01 776882                     /usr/lib/jvm/java-8-openjdk-amd64/jre/lib/amd64/libnio.so
7f7ed92ae000-7f7ed94ad000 ---p 00012000 fc:01 776882                     /usr/lib/jvm/java-8-openjdk-amd64/jre/lib/amd64/libnio.so
7f7ed94ad000-7f7ed94ae000 r--p 00011000 fc:01 776882                     /usr/lib/jvm/java-8-openjdk-amd64/jre/lib/amd64/libnio.so
7f7ed94ae000-7f7ed94af000 rw-p 00012000 fc:01 776882                     /usr/lib/jvm/java-8-openjdk-amd64/jre/lib/amd64/libnio.so
7f7ed94af000-7f7ed94b0000 r--s 00006000 fc:01 778220                     /opt/pixelmon/forge/mods/WonderTrade-1.12.2-4.6.2-universal.jar
7f7ed94b0000-7f7ed94e0000 r--s 00222000 fc:01 778231                     /opt/pixelmon/forge/mods/plugins/Nucleus-1.12.1-S7.1-MC1.12.2-plugin.jar
7f7ed94e0000-7f7ed94e5000 r--s 00015000 fc:01 778213                     /opt/pixelmon/forge/mods/Impactor-Sponge-7.1.5-2.0.0-DEV.jar
7f7ed94e5000-7f7ed94e6000 r--s 00001000 fc:01 778211                     /opt/pixelmon/forge/mods/EcoBridge-1.12.2-2.0.7.jar
7f7ed94e6000-7f7ed94e7000 r--s 00009000 fc:01 778210                     /opt/pixelmon/forge/mods/Daycare-1.10.2-1.0.0.jar
7f7ed94e7000-7f7ed9513000 r--s 009c9000 fc:01 778209                     /opt/pixelmon/forge/mods/CustomNPCs_1.12.2-(01Oct19).jar
7f7ed9513000-7f7ed9526000 r--s 00346000 fc:01 776931                     /usr/lib/jvm/java-8-openjdk-amd64/jre/lib/resources.jar
7f7ed9526000-7f7ed952a000 r--s 00028000 fc:01 778214                     /opt/pixelmon/forge/mods/Mirage-1.3.15.jar
7f7ed952a000-7f7ed952d000 ---p 00000000 00:00 0 
7f7ed952d000-7f7ed9563000 rw-p 00000000 00:00 0 
7f7ed9563000-7f7ed9564000 r--p 00000000 00:00 0 
7f7ed9564000-7f7ed9569000 r--s 000a7000 fc:01 776926                     /usr/lib/jvm/java-8-openjdk-amd64/jre/lib/jsse.jar
7f7ed9569000-7f7ed956b000 r--s 00005000 fc:01 778071                     /opt/pixelmon/forge/libraries/org/scala-lang/plugins/scala-continuations-library_2.11/1.0.2_mc/scala-continuations-library_2.11-1.0.2_mc.jar
7f7ed956b000-7f7ed956d000 r--s 0000d000 fc:01 778077                     /opt/pixelmon/forge/libraries/org/scala-lang/scala-actors-migration_2.11/1.1.0/scala-actors-migration_2.11-1.1.0.jar
7f7ed956d000-7f7ed9571000 r--s 00032000 fc:01 778025                     /opt/pixelmon/forge/libraries/com/typesafe/config/1.2.1/config-1.2.1.jar
7f7ed9571000-7f7ed9597000 r--s 00241000 fc:01 778022                     /opt/pixelmon/forge/libraries/com/typesafe/akka/akka-actor_2.11/2.3.3/akka-actor_2.11-2.3.3.jar
7f7ed9597000-7f7ed959f000 r--s 0008f000 fc:01 778061                     /opt/pixelmon/forge/libraries/org/jline/jline/3.5.1/jline-3.5.1.jar
7f7ed959f000-7f7ed95a1000 r--s 00007000 fc:01 778038                     /opt/pixelmon/forge/libraries/net/minecraft/launchwrapper/1.12/launchwrapper-1.12.jar
7f7ed95a1000-7f7ed95a6000 r--s 0005a000 fc:01 778066                     /opt/pixelmon/forge/libraries/org/ow2/asm/asm-debug-all/5.2/asm-debug-all-5.2.jar
7f7ed95a6000-7f7ed95a8000 r--s 00016000 fc:01 776924                     /usr/lib/jvm/java-8-openjdk-amd64/jre/lib/jce.jar
7f7ed95a8000-7f7ed95d1000 r--s 00419000 fc:01 778013                     /opt/pixelmon/forge/forge.jar
7f7ed95d1000-7f7ed95ec000 r--s 001d6000 fc:01 776908                     /usr/lib/jvm/java-8-openjdk-amd64/jre/lib/ext/nashorn.jar
7f7ed95ec000-7f7ed95f0000 r--s 0003a000 fc:01 776911                     /usr/lib/jvm/java-8-openjdk-amd64/jre/lib/ext/sunpkcs11.jar
7f7ed95f0000-7f7ed95f6000 r--s 0003d000 fc:01 776910                     /usr/lib/jvm/java-8-openjdk-amd64/jre/lib/ext/sunjce_provider.jar
7f7ed95f6000-7f7ed95f7000 r--s 00010000 fc:01 776912                     /usr/lib/jvm/java-8-openjdk-amd64/jre/lib/ext/zipfs.jar
7f7ed95f7000-7f7ed95f8000 r--s 0000a000 fc:01 776906                     /usr/lib/jvm/java-8-openjdk-amd64/jre/lib/ext/jaccess.jar
7f7ed95f8000-7f7ed95fa000 r--s 00007000 fc:01 68595                      /usr/share/java/java-atk-wrapper.jar
7f7ed95fa000-7f7ed95fb000 ---p 00000000 00:00 0 
7f7ed95fb000-7f7ed96fb000 rw-p 00000000 00:00 0 
7f7ed96fb000-7f7ed96fe000 ---p 00000000 00:00 0 
7f7ed96fe000-7f7ed97fc000 rw-p 00000000 00:00 0 
7f7ed97fc000-7f7ed97fd000 ---p 00000000 00:00 0 
7f7ed97fd000-7f7ed9800000 ---p 00000000 00:00 0 
7f7ed9800000-7f7ed98fd000 rw-p 00000000 00:00 0 
7f7ed98fd000-7f7ed98fe000 ---p 00000000 00:00 0 
7f7ed98fe000-7f7ed9901000 ---p 00000000 00:00 0 
7f7ed9901000-7f7ed99fe000 rw-p 00000000 00:00 0 
7f7ed99fe000-7f7ed9a01000 ---p 00000000 00:00 0 
7f7ed9a01000-7f7ed9aff000 rw-p 00000000 00:00 0 
7f7ed9aff000-7f7ed9b30000 r--p 00000000 fc:01 7802                       /usr/lib/locale/C.UTF-8/LC_CTYPE
7f7ed9b30000-7f7ed9ca3000 r--p 00000000 fc:01 7801                       /usr/lib/locale/C.UTF-8/LC_COLLATE
7f7ed9ca3000-7f7ed9e3e000 r--p 00000000 fc:01 7796                       /usr/lib/locale/locale-archive
7f7ed9e3e000-7f7ed9e41000 ---p 00000000 00:00 0 
7f7ed9e41000-7f7ed9f3f000 rw-p 00000000 00:00 0 
7f7ed9f3f000-7f7ed9f42000 ---p 00000000 00:00 0 
7f7ed9f42000-7f7eda040000 rw-p 00000000 00:00 0 
7f7eda040000-7f7eda041000 ---p 00000000 00:00 0 
7f7eda041000-7f7edaa4a000 rw-p 00000000 00:00 0 
7f7edaa4a000-7f7edac1c000 r--s 03ca5000 fc:01 776932                     /usr/lib/jvm/java-8-openjdk-amd64/jre/lib/rt.jar
7f7edac1c000-7f7edb81c000 rw-p 00000000 00:00 0 
7f7edb81c000-7f7edb81d000 ---p 00000000 00:00 0 
7f7edb81d000-7f7edc023000 rw-p 00000000 00:00 0 
7f7edc023000-7f7edc389000 ---p 00000000 00:00 0 
7f7edc389000-7f7edda09000 rwxp 00000000 00:00 0 
7f7edda09000-7f7eeb389000 ---p 00000000 00:00 0 
7f7eeb389000-7f7eeb391000 r-xp 00000000 fc:01 776889                     /usr/lib/jvm/java-8-openjdk-amd64/jre/lib/amd64/libzip.so
7f7eeb391000-7f7eeb590000 ---p 00008000 fc:01 776889                     /usr/lib/jvm/java-8-openjdk-amd64/jre/lib/amd64/libzip.so
7f7eeb590000-7f7eeb591000 r--p 00007000 fc:01 776889                     /usr/lib/jvm/java-8-openjdk-amd64/jre/lib/amd64/libzip.so
7f7eeb591000-7f7eeb592000 rw-p 00008000 fc:01 776889                     /usr/lib/jvm/java-8-openjdk-amd64/jre/lib/amd64/libzip.so
7f7eeb592000-7f7eeb59d000 r-xp 00000000 fc:01 2093                       /lib/x86_64-linux-gnu/libnss_files-2.27.so
7f7eeb59d000-7f7eeb79c000 ---p 0000b000 fc:01 2093                       /lib/x86_64-linux-gnu/libnss_files-2.27.so
7f7eeb79c000-7f7eeb79d000 r--p 0000a000 fc:01 2093                       /lib/x86_64-linux-gnu/libnss_files-2.27.so
7f7eeb79d000-7f7eeb79e000 rw-p 0000b000 fc:01 2093                       /lib/x86_64-linux-gnu/libnss_files-2.27.so
7f7eeb79e000-7f7eeb7a4000 rw-p 00000000 00:00 0 
7f7eeb7a4000-7f7eeb7bb000 r-xp 00000000 fc:01 2090                       /lib/x86_64-linux-gnu/libnsl-2.27.so
7f7eeb7bb000-7f7eeb9ba000 ---p 00017000 fc:01 2090                       /lib/x86_64-linux-gnu/libnsl-2.27.so
7f7eeb9ba000-7f7eeb9bb000 r--p 00016000 fc:01 2090                       /lib/x86_64-linux-gnu/libnsl-2.27.so
7f7eeb9bb000-7f7eeb9bc000 rw-p 00017000 fc:01 2090                       /lib/x86_64-linux-gnu/libnsl-2.27.so
7f7eeb9bc000-7f7eeb9be000 rw-p 00000000 00:00 0 
7f7eeb9be000-7f7eeb9c9000 r-xp 00000000 fc:01 2095                       /lib/x86_64-linux-gnu/libnss_nis-2.27.so
7f7eeb9c9000-7f7eebbc8000 ---p 0000b000 fc:01 2095                       /lib/x86_64-linux-gnu/libnss_nis-2.27.so
7f7eebbc8000-7f7eebbc9000 r--p 0000a000 fc:01 2095                       /lib/x86_64-linux-gnu/libnss_nis-2.27.so
7f7eebbc9000-7f7eebbca000 rw-p 0000b000 fc:01 2095                       /lib/x86_64-linux-gnu/libnss_nis-2.27.so
7f7eebbca000-7f7eebbd2000 r-xp 00000000 fc:01 2091                       /lib/x86_64-linux-gnu/libnss_compat-2.27.so
7f7eebbd2000-7f7eebdd2000 ---p 00008000 fc:01 2091                       /lib/x86_64-linux-gnu/libnss_compat-2.27.so
7f7eebdd2000-7f7eebdd3000 r--p 00008000 fc:01 2091                       /lib/x86_64-linux-gnu/libnss_compat-2.27.so
7f7eebdd3000-7f7eebdd4000 rw-p 00009000 fc:01 2091                       /lib/x86_64-linux-gnu/libnss_compat-2.27.so
7f7eebdd4000-7f7eebdfe000 r-xp 00000000 fc:01 776870                     /usr/lib/jvm/java-8-openjdk-amd64/jre/lib/amd64/libjava.so
7f7eebdfe000-7f7eebffd000 ---p 0002a000 fc:01 776870                     /usr/lib/jvm/java-8-openjdk-amd64/jre/lib/amd64/libjava.so
7f7eebffd000-7f7eebffe000 r--p 00029000 fc:01 776870                     /usr/lib/jvm/java-8-openjdk-amd64/jre/lib/amd64/libjava.so
7f7eebffe000-7f7eec000000 rw-p 0002a000 fc:01 776870                     /usr/lib/jvm/java-8-openjdk-amd64/jre/lib/amd64/libjava.so
7f7eec000000-7f7eee2b4000 rw-p 00000000 00:00 0 
7f7eee2b4000-7f7ef0000000 ---p 00000000 00:00 0 
7f7ef0000000-7f7ef001b000 r--s 00394000 fc:01 776903                     /usr/lib/jvm/java-8-openjdk-amd64/jre/lib/ext/cldrdata.jar
7f7ef001b000-7f7ef001c000 r--s 0000d000 fc:01 776909                     /usr/lib/jvm/java-8-openjdk-amd64/jre/lib/ext/sunec.jar
7f7ef001c000-7f7ef0092000 rw-p 00000000 00:00 0 
7f7ef0092000-7f7ef0093000 ---p 00000000 00:00 0 
7f7ef0093000-7f7ef0193000 rw-p 00000000 00:00 0 
7f7ef0193000-7f7ef01a3000 r-xp 00000000 fc:01 776888                     /usr/lib/jvm/java-8-openjdk-amd64/jre/lib/amd64/libverify.so
7f7ef01a3000-7f7ef03a2000 ---p 00010000 fc:01 776888                     /usr/lib/jvm/java-8-openjdk-amd64/jre/lib/amd64/libverify.so
7f7ef03a2000-7f7ef03a4000 r--p 0000f000 fc:01 776888                     /usr/lib/jvm/java-8-openjdk-amd64/jre/lib/amd64/libverify.so
7f7ef03a4000-7f7ef03a5000 rw-p 00011000 fc:01 776888                     /usr/lib/jvm/java-8-openjdk-amd64/jre/lib/amd64/libverify.so
7f7ef03a5000-7f7ef03ac000 r-xp 00000000 fc:01 2180                       /lib/x86_64-linux-gnu/librt-2.27.so
7f7ef03ac000-7f7ef05ab000 ---p 00007000 fc:01 2180                       /lib/x86_64-linux-gnu/librt-2.27.so
7f7ef05ab000-7f7ef05ac000 r--p 00006000 fc:01 2180                       /lib/x86_64-linux-gnu/librt-2.27.so
7f7ef05ac000-7f7ef05ad000 rw-p 00007000 fc:01 2180                       /lib/x86_64-linux-gnu/librt-2.27.so
7f7ef05ad000-7f7ef05c4000 r-xp 00000000 fc:01 10474                      /lib/x86_64-linux-gnu/libgcc_s.so.1
7f7ef05c4000-7f7ef07c3000 ---p 00017000 fc:01 10474                      /lib/x86_64-linux-gnu/libgcc_s.so.1
7f7ef07c3000-7f7ef07c4000 r--p 00016000 fc:01 10474                      /lib/x86_64-linux-gnu/libgcc_s.so.1
7f7ef07c4000-7f7ef07c5000 rw-p 00017000 fc:01 10474                      /lib/x86_64-linux-gnu/libgcc_s.so.1
7f7ef07c5000-7f7ef0962000 r-xp 00000000 fc:01 2087                       /lib/x86_64-linux-gnu/libm-2.27.so
7f7ef0962000-7f7ef0b61000 ---p 0019d000 fc:01 2087                       /lib/x86_64-linux-gnu/libm-2.27.so
7f7ef0b61000-7f7ef0b62000 r--p 0019c000 fc:01 2087                       /lib/x86_64-linux-gnu/libm-2.27.so
7f7ef0b62000-7f7ef0b63000 rw-p 0019d000 fc:01 2087                       /lib/x86_64-linux-gnu/libm-2.27.so
7f7ef0b63000-7f7ef0cdc000 r-xp 00000000 fc:01 10548                      /usr/lib/x86_64-linux-gnu/libstdc++.so.6.0.25
7f7ef0cdc000-7f7ef0edc000 ---p 00179000 fc:01 10548                      /usr/lib/x86_64-linux-gnu/libstdc++.so.6.0.25
7f7ef0edc000-7f7ef0ee6000 r--p 00179000 fc:01 10548                      /usr/lib/x86_64-linux-gnu/libstdc++.so.6.0.25
7f7ef0ee6000-7f7ef0ee8000 rw-p 00183000 fc:01 10548                      /usr/lib/x86_64-linux-gnu/libstdc++.so.6.0.25
7f7ef0ee8000-7f7ef0eec000 rw-p 00000000 00:00 0 
7f7ef0eec000-7f7ef1b90000 r-xp 00000000 fc:01 776892                     /usr/lib/jvm/java-8-openjdk-amd64/jre/lib/amd64/server/libjvm.so
7f7ef1b90000-7f7ef1d90000 ---p 00ca4000 fc:01 776892                     /usr/lib/jvm/java-8-openjdk-amd64/jre/lib/amd64/server/libjvm.so
7f7ef1d90000-7f7ef1e24000 r--p 00ca4000 fc:01 776892                     /usr/lib/jvm/java-8-openjdk-amd64/jre/lib/amd64/server/libjvm.so
7f7ef1e24000-7f7ef1e4d000 rw-p 00d38000 fc:01 776892                     /usr/lib/jvm/java-8-openjdk-amd64/jre/lib/amd64/server/libjvm.so
7f7ef1e4d000-7f7ef1e7d000 rw-p 00000000 00:00 0 
7f7ef1e7d000-7f7ef1e97000 r-xp 00000000 fc:01 2178                       /lib/x86_64-linux-gnu/libpthread-2.27.so
7f7ef1e97000-7f7ef2096000 ---p 0001a000 fc:01 2178                       /lib/x86_64-linux-gnu/libpthread-2.27.so
7f7ef2096000-7f7ef2097000 r--p 00019000 fc:01 2178                       /lib/x86_64-linux-gnu/libpthread-2.27.so
7f7ef2097000-7f7ef2098000 rw-p 0001a000 fc:01 2178                       /lib/x86_64-linux-gnu/libpthread-2.27.so
7f7ef2098000-7f7ef209c000 rw-p 00000000 00:00 0 
7f7ef209c000-7f7ef209f000 r-xp 00000000 fc:01 2086                       /lib/x86_64-linux-gnu/libdl-2.27.so
7f7ef209f000-7f7ef229e000 ---p 00003000 fc:01 2086                       /lib/x86_64-linux-gnu/libdl-2.27.so
7f7ef229e000-7f7ef229f000 r--p 00002000 fc:01 2086                       /lib/x86_64-linux-gnu/libdl-2.27.so
7f7ef229f000-7f7ef22a0000 rw-p 00003000 fc:01 2086                       /lib/x86_64-linux-gnu/libdl-2.27.so
7f7ef22a0000-7f7ef22bc000 r-xp 00000000 fc:01 2183                       /lib/x86_64-linux-gnu/libz.so.1.2.11
7f7ef22bc000-7f7ef24bb000 ---p 0001c000 fc:01 2183                       /lib/x86_64-linux-gnu/libz.so.1.2.11
7f7ef24bb000-7f7ef24bc000 r--p 0001b000 fc:01 2183                       /lib/x86_64-linux-gnu/libz.so.1.2.11
7f7ef24bc000-7f7ef24bd000 rw-p 0001c000 fc:01 2183                       /lib/x86_64-linux-gnu/libz.so.1.2.11
7f7ef24bd000-7f7ef26a4000 r-xp 00000000 fc:01 2083                       /lib/x86_64-linux-gnu/libc-2.27.so
7f7ef26a4000-7f7ef28a4000 ---p 001e7000 fc:01 2083                       /lib/x86_64-linux-gnu/libc-2.27.so
7f7ef28a4000-7f7ef28a8000 r--p 001e7000 fc:01 2083                       /lib/x86_64-linux-gnu/libc-2.27.so
7f7ef28a8000-7f7ef28aa000 rw-p 001eb000 fc:01 2083                       /lib/x86_64-linux-gnu/libc-2.27.so
7f7ef28aa000-7f7ef28ae000 rw-p 00000000 00:00 0 
7f7ef28ae000-7f7ef28bc000 r-xp 00000000 fc:01 776856                     /usr/lib/jvm/java-8-openjdk-amd64/jre/lib/amd64/jli/libjli.so
7f7ef28bc000-7f7ef2abb000 ---p 0000e000 fc:01 776856                     /usr/lib/jvm/java-8-openjdk-amd64/jre/lib/amd64/jli/libjli.so
7f7ef2abb000-7f7ef2abc000 r--p 0000d000 fc:01 776856                     /usr/lib/jvm/java-8-openjdk-amd64/jre/lib/amd64/jli/libjli.so
7f7ef2abc000-7f7ef2abd000 rw-p 0000e000 fc:01 776856                     /usr/lib/jvm/java-8-openjdk-amd64/jre/lib/amd64/jli/libjli.so
7f7ef2abd000-7f7ef2ae4000 r-xp 00000000 fc:01 2079                       /lib/x86_64-linux-gnu/ld-2.27.so
7f7ef2ae4000-7f7ef2ae6000 r--s 00001000 fc:01 776904                     /usr/lib/jvm/java-8-openjdk-amd64/jre/lib/ext/dnsns.jar
7f7ef2ae6000-7f7ef2ae9000 r--s 0000f000 fc:01 776905                     /usr/lib/jvm/java-8-openjdk-amd64/jre/lib/ext/icedtea-sound.jar
7f7ef2ae9000-7f7ef2af3000 r--s 00116000 fc:01 776907                     /usr/lib/jvm/java-8-openjdk-amd64/jre/lib/ext/localedata.jar
7f7ef2af3000-7f7ef2af4000 r--p 00000000 fc:01 7807                       /usr/lib/locale/C.UTF-8/LC_NUMERIC
7f7ef2af4000-7f7ef2af5000 r--p 00000000 fc:01 7810                       /usr/lib/locale/C.UTF-8/LC_TIME
7f7ef2af5000-7f7ef2af6000 r--p 00000000 fc:01 7805                       /usr/lib/locale/C.UTF-8/LC_MONETARY
7f7ef2af6000-7f7ef2af7000 r--p 00000000 fc:01 7799                       /usr/lib/locale/C.UTF-8/LC_MESSAGES/SYS_LC_MESSAGES
7f7ef2af7000-7f7ef2afe000 r--s 00000000 fc:01 5010                       /usr/lib/x86_64-linux-gnu/gconv/gconv-modules.cache
7f7ef2afe000-7f7ef2bcf000 rw-p 00000000 00:00 0 
7f7ef2bcf000-7f7ef2bd7000 rw-s 00000000 fc:01 1811170                    /tmp/hsperfdata_root/17162
7f7ef2bd7000-7f7ef2bd8000 ---p 00000000 00:00 0 
7f7ef2bd8000-7f7ef2bdb000 ---p 00000000 00:00 0 
7f7ef2bdb000-7f7ef2cda000 rw-p 00000000 00:00 0 
7f7ef2cda000-7f7ef2cdb000 r--p 00000000 fc:01 7808                       /usr/lib/locale/C.UTF-8/LC_PAPER
7f7ef2cdb000-7f7ef2cdc000 r--p 00000000 fc:01 7806                       /usr/lib/locale/C.UTF-8/LC_NAME
7f7ef2cdc000-7f7ef2cdd000 r--p 00000000 fc:01 7800                       /usr/lib/locale/C.UTF-8/LC_ADDRESS
7f7ef2cdd000-7f7ef2cde000 r--p 00000000 fc:01 7809                       /usr/lib/locale/C.UTF-8/LC_TELEPHONE
7f7ef2cde000-7f7ef2cdf000 r--p 00000000 fc:01 7804                       /usr/lib/locale/C.UTF-8/LC_MEASUREMENT
7f7ef2cdf000-7f7ef2ce0000 r--p 00000000 fc:01 7803                       /usr/lib/locale/C.UTF-8/LC_IDENTIFICATION
7f7ef2ce0000-7f7ef2ce1000 rw-p 00000000 00:00 0 
7f7ef2ce1000-7f7ef2ce2000 r--p 00000000 00:00 0 
7f7ef2ce2000-7f7ef2ce4000 rw-p 00000000 00:00 0 
7f7ef2ce4000-7f7ef2ce5000 r--p 00027000 fc:01 2079                       /lib/x86_64-linux-gnu/ld-2.27.so
7f7ef2ce5000-7f7ef2ce6000 rw-p 00028000 fc:01 2079                       /lib/x86_64-linux-gnu/ld-2.27.so
7f7ef2ce6000-7f7ef2ce7000 rw-p 00000000 00:00 0 
7ffdd77c6000-7ffdd77e7000 rw-p 00000000 00:00 0                          [stack]
7ffdd77f0000-7ffdd77f3000 r--p 00000000 00:00 0                          [vvar]
7ffdd77f3000-7ffdd77f5000 r-xp 00000000 00:00 0                          [vdso]
ffffffffff600000-ffffffffff601000 r-xp 00000000 00:00 0                  [vsyscall]

VM Arguments:
jvm_args: -Xms2G -Xmx2G 
java_command: forge.jar nogui
java_class_path (initial): forge.jar
Launcher Type: SUN_STANDARD

Environment Variables:
PATH=/usr/bin:/bin
SHELL=/bin/sh

Signal Handlers:
SIGSEGV: [libjvm.so+0xabd470], sa_mask[0]=11111111011111111101111111111110, sa_flags=SA_RESTART|SA_SIGINFO
SIGBUS: [libjvm.so+0xabd470], sa_mask[0]=11111111011111111101111111111110, sa_flags=SA_RESTART|SA_SIGINFO
SIGFPE: [libjvm.so+0x8f1c90], sa_mask[0]=11111111011111111101111111111110, sa_flags=SA_RESTART|SA_SIGINFO
SIGPIPE: [libjvm.so+0x8f1c90], sa_mask[0]=11111111011111111101111111111110, sa_flags=SA_RESTART|SA_SIGINFO
SIGXFSZ: [libjvm.so+0x8f1c90], sa_mask[0]=11111111011111111101111111111110, sa_flags=SA_RESTART|SA_SIGINFO
SIGILL: [libjvm.so+0x8f1c90], sa_mask[0]=11111111011111111101111111111110, sa_flags=SA_RESTART|SA_SIGINFO
SIGUSR1: SIG_DFL, sa_mask[0]=00000000000000000000000000000000, sa_flags=none
SIGUSR2: [libjvm.so+0x8f1b40], sa_mask[0]=00000000000000000000000000000000, sa_flags=SA_RESTART|SA_SIGINFO
SIGHUP: [libjvm.so+0x8f21b0], sa_mask[0]=11111111011111111101111111111110, sa_flags=SA_RESTART|SA_SIGINFO
SIGINT: [libjvm.so+0x8f21b0], sa_mask[0]=11111111011111111101111111111110, sa_flags=SA_RESTART|SA_SIGINFO
SIGTERM: [libjvm.so+0x8f21b0], sa_mask[0]=11111111011111111101111111111110, sa_flags=SA_RESTART|SA_SIGINFO
SIGQUIT: [libjvm.so+0x8f21b0], sa_mask[0]=11111111011111111101111111111110, sa_flags=SA_RESTART|SA_SIGINFO


---------------  S Y S T E M  ---------------

OS:DISTRIB_ID=Ubuntu
DISTRIB_RELEASE=18.04
DISTRIB_CODENAME=bionic
DISTRIB_DESCRIPTION="Ubuntu 18.04.3 LTS"

uname:Linux 4.15.0-101-generic #102-Ubuntu SMP Mon May 11 10:07:26 UTC 2020 x86_64
libc:glibc 2.27 NPTL 2.27 
rlimit: STACK 8192k, CORE 0k, NPROC 15676, NOFILE 1048576, AS infinity
load average:6.98 4.04 2.19

/proc/meminfo:
MemTotal:        4039284 kB
MemFree:           89012 kB
MemAvailable:          0 kB
Buffers:             284 kB
Cached:             8848 kB
SwapCached:            0 kB
Active:          3853844 kB
Inactive:           4092 kB
Active(anon):    3849260 kB
Inactive(anon):      264 kB
Active(file):       4584 kB
Inactive(file):     3828 kB
Unevictable:           0 kB
Mlocked:               0 kB
SwapTotal:             0 kB
SwapFree:              0 kB
Dirty:                76 kB
Writeback:             8 kB
AnonPages:       3848900 kB
Mapped:             6700 kB
Shmem:               624 kB
Slab:              50960 kB
SReclaimable:      20968 kB
SUnreclaim:        29992 kB
KernelStack:        3696 kB
PageTables:        14244 kB
NFS_Unstable:          0 kB
Bounce:                0 kB
WritebackTmp:          0 kB
CommitLimit:     2019640 kB
Committed_AS:    7309540 kB
VmallocTotal:   34359738367 kB
VmallocUsed:           0 kB
VmallocChunk:          0 kB
HardwareCorrupted:     0 kB
AnonHugePages:         0 kB
ShmemHugePages:        0 kB
ShmemPmdMapped:        0 kB
CmaTotal:              0 kB
CmaFree:               0 kB
HugePages_Total:       0
HugePages_Free:        0
HugePages_Rsvd:        0
HugePages_Surp:        0
Hugepagesize:       2048 kB
DirectMap4k:      108524 kB
DirectMap2M:     4085760 kB
DirectMap1G:           0 kB

container (cgroup) information:
container_type: cgroupv1
cpu_cpuset_cpus: 0-1
cpu_memory_nodes: 0
active_processor_count: 2
cpu_quota: -1
cpu_period: 100000
cpu_shares: -1
memory_limit_in_bytes: -1
memory_and_swap_limit_in_bytes: -2
memory_soft_limit_in_bytes: -1
memory_usage_in_bytes: 2491580416
memory_max_usage_in_bytes: 2495197184


CPU:total 2 (initial active 2) (1 cores per cpu, 1 threads per core) family 6 model 79 stepping 1, cmov, cx8, fxsr, mmx, sse, sse2, sse3, ssse3, sse4.1, sse4.2, popcnt, avx, avx2, aes, clmul, erms, 3dnowpref, lzcnt, tsc, bmi1, bmi2, adx

/proc/cpuinfo:
processor	: 0
vendor_id	: GenuineIntel
cpu family	: 6
model		: 79
model name	: Intel(R) Xeon(R) CPU E5-2650 v4 @ 2.20GHz
stepping	: 1
microcode	: 0x1
cpu MHz		: 2199.998
cache size	: 4096 KB
physical id	: 0
siblings	: 1
core id		: 0
cpu cores	: 1
apicid		: 0
initial apicid	: 0
fpu		: yes
fpu_exception	: yes
cpuid level	: 13
wp		: yes
flags		: fpu vme de pse tsc msr pae mce cx8 apic sep mtrr pge mca cmov pat pse36 clflush mmx fxsr sse sse2 ss syscall nx pdpe1gb rdtscp lm constant_tsc arch_perfmon rep_good nopl cpuid tsc_known_freq pni pclmulqdq vmx ssse3 fma cx16 pcid sse4_1 sse4_2 x2apic movbe popcnt tsc_deadline_timer aes xsave avx f16c rdrand hypervisor lahf_lm abm 3dnowprefetch cpuid_fault invpcid_single pti ssbd ibrs ibpb tpr_shadow vnmi flexpriority ept vpid fsgsbase tsc_adjust bmi1 avx2 smep bmi2 erms invpcid rdseed adx smap xsaveopt md_clear
bugs		: cpu_meltdown spectre_v1 spectre_v2 spec_store_bypass l1tf mds swapgs itlb_multihit
bogomips	: 4399.99
clflush size	: 64
cache_alignment	: 64
address sizes	: 40 bits physical, 48 bits virtual
power management:

processor	: 1
vendor_id	: GenuineIntel
cpu family	: 6
model		: 79
model name	: Intel(R) Xeon(R) CPU E5-2650 v4 @ 2.20GHz
stepping	: 1
microcode	: 0x1
cpu MHz		: 2199.998
cache size	: 4096 KB
physical id	: 1
siblings	: 1
core id		: 0
cpu cores	: 1
apicid		: 1
initial apicid	: 1
fpu		: yes
fpu_exception	: yes
cpuid level	: 13
wp		: yes
flags		: fpu vme de pse tsc msr pae mce cx8 apic sep mtrr pge mca cmov pat pse36 clflush mmx fxsr sse sse2 ss syscall nx pdpe1gb rdtscp lm constant_tsc arch_perfmon rep_good nopl cpuid tsc_known_freq pni pclmulqdq vmx ssse3 fma cx16 pcid sse4_1 sse4_2 x2apic movbe popcnt tsc_deadline_timer aes xsave avx f16c rdrand hypervisor lahf_lm abm 3dnowprefetch cpuid_fault invpcid_single pti ssbd ibrs ibpb tpr_shadow vnmi flexpriority ept vpid fsgsbase tsc_adjust bmi1 avx2 smep bmi2 erms invpcid rdseed adx smap xsaveopt md_clear
bugs		: cpu_meltdown spectre_v1 spectre_v2 spec_store_bypass l1tf mds swapgs itlb_multihit
bogomips	: 4399.99
clflush size	: 64
cache_alignment	: 64
address sizes	: 40 bits physical, 48 bits virtual
power management:



Memory: 4k page, physical 4039284k(87772k free), swap 0k(0k free)

vm_info: OpenJDK 64-Bit Server VM (25.252-b09) for linux-amd64 JRE (1.8.0_252-8u252-b09-1~18.04-b09), built on Apr 15 2020 18:48:05 by "buildd" with gcc 7.5.0

time: Tue Jun  2 05:18:48 2020
timezone: UTC
elapsed time: 171 seconds (0d 0h 2m 51s)

