[00:00:14] [Server thread/INFO] [net.minecraft.server.dedicated.DedicatedServer]: [PokeClear] 100 pokémon have been cleared.
[00:05:11] [pool-3-thread-98/INFO] [net.minecraft.server.dedicated.DedicatedServer]: [ClearLag] Ground items will be cleared in 60 seconds.
[00:05:41] [pool-3-thread-103/INFO] [net.minecraft.server.dedicated.DedicatedServer]: [ClearLag] Ground items will be cleared in 30 seconds.
[00:06:11] [Server thread/INFO] [net.minecraft.server.dedicated.DedicatedServer]: [ClearLag] 0 items have been cleared.
[00:09:31] [Server thread/INFO] [net.minecraft.server.dedicated.DedicatedServer]: [PokeClear] Wild Pokemon will be cleared in 1m.
[00:10:02] [Server thread/INFO] [net.minecraft.server.dedicated.DedicatedServer]: [PokeClear] Wild Pokemon will be cleared in 30s.
[00:10:33] [Server thread/INFO] [net.minecraft.server.dedicated.DedicatedServer]: [PokeClear] 90 pokémon have been cleared.
[00:15:11] [pool-3-thread-108/INFO] [net.minecraft.server.dedicated.DedicatedServer]: [ClearLag] Ground items will be cleared in 60 seconds.
[00:15:41] [pool-3-thread-98/INFO] [net.minecraft.server.dedicated.DedicatedServer]: [ClearLag] Ground items will be cleared in 30 seconds.
[00:16:11] [Server thread/INFO] [net.minecraft.server.dedicated.DedicatedServer]: [ClearLag] 0 items have been cleared.
[00:19:49] [Server thread/INFO] [net.minecraft.server.dedicated.DedicatedServer]: [PokeClear] Wild Pokemon will be cleared in 1m.
[00:20:20] [Server thread/INFO] [net.minecraft.server.dedicated.DedicatedServer]: [PokeClear] Wild Pokemon will be cleared in 30s.
[00:20:51] [Server thread/INFO] [net.minecraft.server.dedicated.DedicatedServer]: [PokeClear] 92 pokémon have been cleared.
[00:25:11] [pool-3-thread-115/INFO] [net.minecraft.server.dedicated.DedicatedServer]: [ClearLag] Ground items will be cleared in 60 seconds.
[00:25:41] [pool-3-thread-115/INFO] [net.minecraft.server.dedicated.DedicatedServer]: [ClearLag] Ground items will be cleared in 30 seconds.
[00:26:11] [Server thread/INFO] [net.minecraft.server.dedicated.DedicatedServer]: [ClearLag] 0 items have been cleared.
[00:30:08] [Server thread/INFO] [net.minecraft.server.dedicated.DedicatedServer]: [PokeClear] Wild Pokemon will be cleared in 1m.
[00:30:39] [Server thread/INFO] [net.minecraft.server.dedicated.DedicatedServer]: [PokeClear] Wild Pokemon will be cleared in 30s.
[00:31:10] [Server thread/INFO] [net.minecraft.server.dedicated.DedicatedServer]: [PokeClear] 92 pokémon have been cleared.
[00:35:11] [pool-3-thread-115/INFO] [net.minecraft.server.dedicated.DedicatedServer]: [ClearLag] Ground items will be cleared in 60 seconds.
[00:35:41] [pool-3-thread-114/INFO] [net.minecraft.server.dedicated.DedicatedServer]: [ClearLag] Ground items will be cleared in 30 seconds.
[00:36:11] [Server thread/INFO] [net.minecraft.server.dedicated.DedicatedServer]: [ClearLag] 0 items have been cleared.
[00:40:26] [Server thread/INFO] [net.minecraft.server.dedicated.DedicatedServer]: [PokeClear] Wild Pokemon will be cleared in 1m.
[00:40:37] [Timer-4/INFO] [net.minecraft.server.dedicated.DedicatedServer]: This server is running Wondertrade by GhostWolf!
[00:40:37] [Timer-4/INFO] [net.minecraft.server.dedicated.DedicatedServer]: For a tutorial see: https://www.youtube.com/ghostwolfgames
[00:40:37] [Timer-4/INFO] [net.minecraft.server.dedicated.DedicatedServer]: Current Wondertrade pool contains: 100 Pixelmon
[00:40:37] [Timer-4/INFO] [net.minecraft.server.dedicated.DedicatedServer]: Try your luck at getting it with /wondertrade
[00:40:57] [Server thread/INFO] [net.minecraft.server.dedicated.DedicatedServer]: [PokeClear] Wild Pokemon will be cleared in 30s.
[00:41:28] [Server thread/INFO] [net.minecraft.server.dedicated.DedicatedServer]: [PokeClear] 96 pokémon have been cleared.
[00:45:11] [pool-3-thread-116/INFO] [net.minecraft.server.dedicated.DedicatedServer]: [ClearLag] Ground items will be cleared in 60 seconds.
[00:45:41] [pool-3-thread-117/INFO] [net.minecraft.server.dedicated.DedicatedServer]: [ClearLag] Ground items will be cleared in 30 seconds.
[00:46:11] [Server thread/INFO] [net.minecraft.server.dedicated.DedicatedServer]: [ClearLag] 0 items have been cleared.
[00:50:45] [Server thread/INFO] [net.minecraft.server.dedicated.DedicatedServer]: [PokeClear] Wild Pokemon will be cleared in 1m.
[00:51:16] [Server thread/INFO] [net.minecraft.server.dedicated.DedicatedServer]: [PokeClear] Wild Pokemon will be cleared in 30s.
[00:51:47] [Server thread/INFO] [net.minecraft.server.dedicated.DedicatedServer]: [PokeClear] 91 pokémon have been cleared.
[00:55:11] [pool-3-thread-108/INFO] [net.minecraft.server.dedicated.DedicatedServer]: [ClearLag] Ground items will be cleared in 60 seconds.
[00:55:41] [pool-3-thread-115/INFO] [net.minecraft.server.dedicated.DedicatedServer]: [ClearLag] Ground items will be cleared in 30 seconds.
[00:56:11] [Server thread/INFO] [net.minecraft.server.dedicated.DedicatedServer]: [ClearLag] 0 items have been cleared.
[01:01:04] [Server thread/INFO] [net.minecraft.server.dedicated.DedicatedServer]: [PokeClear] Wild Pokemon will be cleared in 1m.
[01:01:35] [Server thread/INFO] [net.minecraft.server.dedicated.DedicatedServer]: [PokeClear] Wild Pokemon will be cleared in 30s.
[01:02:06] [Server thread/INFO] [net.minecraft.server.dedicated.DedicatedServer]: [PokeClear] 91 pokémon have been cleared.
[01:05:11] [pool-3-thread-98/INFO] [net.minecraft.server.dedicated.DedicatedServer]: [ClearLag] Ground items will be cleared in 60 seconds.
[01:05:41] [pool-3-thread-108/INFO] [net.minecraft.server.dedicated.DedicatedServer]: [ClearLag] Ground items will be cleared in 30 seconds.
[01:06:11] [Server thread/INFO] [net.minecraft.server.dedicated.DedicatedServer]: [ClearLag] 0 items have been cleared.
[01:11:23] [Server thread/INFO] [net.minecraft.server.dedicated.DedicatedServer]: [PokeClear] Wild Pokemon will be cleared in 1m.
[01:11:54] [Server thread/INFO] [net.minecraft.server.dedicated.DedicatedServer]: [PokeClear] Wild Pokemon will be cleared in 30s.
[01:12:25] [Server thread/INFO] [net.minecraft.server.dedicated.DedicatedServer]: [PokeClear] 94 pokémon have been cleared.
[01:15:11] [pool-3-thread-108/INFO] [net.minecraft.server.dedicated.DedicatedServer]: [ClearLag] Ground items will be cleared in 60 seconds.
[01:15:41] [pool-3-thread-118/INFO] [net.minecraft.server.dedicated.DedicatedServer]: [ClearLag] Ground items will be cleared in 30 seconds.
[01:16:11] [Server thread/INFO] [net.minecraft.server.dedicated.DedicatedServer]: [ClearLag] 0 items have been cleared.
[01:21:43] [Server thread/INFO] [net.minecraft.server.dedicated.DedicatedServer]: [PokeClear] Wild Pokemon will be cleared in 1m.
[01:22:14] [Server thread/INFO] [net.minecraft.server.dedicated.DedicatedServer]: [PokeClear] Wild Pokemon will be cleared in 30s.
[01:22:44] [Server thread/INFO] [net.minecraft.server.dedicated.DedicatedServer]: [PokeClear] 94 pokémon have been cleared.
[01:25:11] [pool-3-thread-125/INFO] [net.minecraft.server.dedicated.DedicatedServer]: [ClearLag] Ground items will be cleared in 60 seconds.
[01:25:41] [pool-3-thread-127/INFO] [net.minecraft.server.dedicated.DedicatedServer]: [ClearLag] Ground items will be cleared in 30 seconds.
[01:26:11] [Server thread/INFO] [net.minecraft.server.dedicated.DedicatedServer]: [ClearLag] 0 items have been cleared.
